2018-12-03T00:46:53.621Z [[32minfo[39m] 	Starting TrueAutomation.IO client
2018-12-03T00:46:53.622Z [[32minfo[39m] 	API key: cf2038a3-013f-4b20-9362-8f0c1b91919d
2018-12-03T00:46:53.622Z [[32minfo[39m] 	Project name: TAEP-homepage
2018-12-03T00:46:53.622Z [[32minfo[39m] 	Cloud server: https://app.trueautomation.io
2018-12-03T00:46:53.622Z [[32minfo[39m] 	Starting chromeDriver /Users/delight/.trueautomation/chromedriver/chromedriver_mac64_2.44 on port 9516...
2018-12-03T00:46:54.042Z [[32minfo[39m] 	TrueAutomation.IO Client is listening on port 9515
2018-12-03T00:46:55.676Z [[32minfo[39m] 	0 Create session response: {"sessionId":"0270a96cee39e4f302e265294f6c007e","status":0,"value":{"acceptInsecureCerts":false,"acceptSslCerts":false,"applicationCacheEnabled":false,"browserConnectionEnabled":false,"browserName":"chrome","chrome":{"chromedriverVersion":"2.44.609545 (c2f88692e98ce7233d2df7c724465ecacfe74df5)","userDataDir":"/var/folders/s2/z5gqzlh91gq2thydw9h4p3yh0000gn/T/.org.chromium.Chromium.5OoRjg"},"cssSelectorsEnabled":true,"databaseEnabled":false,"goog:chromeOptions":{"debuggerAddress":"localhost:59791"},"handlesAlerts":true,"hasTouchScreen":false,"javascriptEnabled":true,"locationContextEnabled":true,"mobileEmulationEnabled":false,"nativeEvents":true,"networkConnectionEnabled":false,"pageLoadStrategy":"normal","platform":"Mac OS X","rotatable":false,"setWindowRect":true,"takesHeapSnapshot":true,"takesScreenshot":true,"unexpectedAlertBehaviour":"ignore","version":"70.0.3538.110","webStorageEnabled":true}}
2018-12-03T00:46:55.694Z [[32minfo[39m] 	1 Sending POST request to http://localhost:9516/session/0270a96cee39e4f302e265294f6c007e/url:  {"url":"https://trueautomation.io/"}
2018-12-03T00:47:01.729Z [[32minfo[39m] 	2 Sending elements request to http://localhost:9516/session/0270a96cee39e4f302e265294f6c007e:  {"using":"xpath","value":"./descendant::*[self::input | self::textarea][not(((((((./@type = 'submit') or (./@type = 'image')) or (./@type = 'radio')) or (./@type = 'checkbox')) or (./@type = 'hidden')) or (./@type = 'file')))][((((./@id = '__taonly__trueautomationio:home:SFFemail__taonly__') or (./@name = '__taonly__trueautomationio:home:SFFemail__taonly__')) or (./@placeholder = '__taonly__trueautomationio:home:SFFemail__taonly__')) or (./@id = //label[(normalize-space(string(.)) = '__taonly__trueautomationio:home:SFFemail__taonly__')]/@for))] | .//label[(normalize-space(string(.)) = '__taonly__trueautomationio:home:SFFemail__taonly__')]//./descendant::*[self::input | self::textarea][not(((((((./@type = 'submit') or (./@type = 'image')) or (./@type = 'radio')) or (./@type = 'checkbox')) or (./@type = 'hidden')) or (./@type = 'file')))]"}
2018-12-03T00:47:01.920Z [[32minfo[39m] 	2 Enum nodes response:  {"sessionId":"0270a96cee39e4f302e265294f
2018-12-03T00:47:02.231Z [[32minfo[39m] 	2 Elements locator: {"value":"/*[1]/*[2]/*[1]/*[6]/*[2]/*[1]/*[3]/*[1]/*[1]/*[1]","using":"xpath"}
2018-12-03T00:47:02.277Z [[32minfo[39m] 	2 Elements response: {"sessionId":"0270a96cee39e4f302e265294f6c007e","status":0,"value":[{"ELEMENT":"0.005273622290476787-1"}]}
2018-12-03T00:47:02.281Z [[32minfo[39m] 	3 Sending GET request to http://localhost:9516/session/0270a96cee39e4f302e265294f6c007e/element/0.005273622290476787-1/displayed:  {}
2018-12-03T00:47:02.300Z [[32minfo[39m] 	4 Sending GET request to http://localhost:9516/session/0270a96cee39e4f302e265294f6c007e/element/0.005273622290476787-1/enabled:  {}
2018-12-03T00:47:02.314Z [[32minfo[39m] 	5 Sending GET request to http://localhost:9516/session/0270a96cee39e4f302e265294f6c007e/element/0.005273622290476787-1/name:  {}
2018-12-03T00:47:02.322Z [[32minfo[39m] 	6 Sending GET request to http://localhost:9516/session/0270a96cee39e4f302e265294f6c007e/element/0.005273622290476787-1/attribute/readonly:  {}
2018-12-03T00:47:02.331Z [[32minfo[39m] 	7 Sending GET request to http://localhost:9516/session/0270a96cee39e4f302e265294f6c007e/element/0.005273622290476787-1/name:  {}
2018-12-03T00:47:02.338Z [[32minfo[39m] 	8 Sending GET request to http://localhost:9516/session/0270a96cee39e4f302e265294f6c007e/element/0.005273622290476787-1/attribute/type:  {}
2018-12-03T00:47:02.348Z [[32minfo[39m] 	9 Sending POST request to http://localhost:9516/session/0270a96cee39e4f302e265294f6c007e/execute:  {"script":"arguments[0].value = ''","args":[{"ELEMENT":"0.005273622290476787-1"}]}
2018-12-03T00:47:02.360Z [[32minfo[39m] 	10 Sending POST request to http://localhost:9516/session/0270a96cee39e4f302e265294f6c007e/element/0.005273622290476787-1/value:  {"value":["qa@test.com"]}
2018-12-03T00:47:02.534Z [[32minfo[39m] 	11 Sending elements request to http://localhost:9516/session/0270a96cee39e4f302e265294f6c007e:  {"using":"css selector","value":"__taonly__trueautomationio:home:SFFokButton__taonly__"}
2018-12-03T00:47:02.701Z [[32minfo[39m] 	11 Enum nodes response:  {"sessionId":"0270a96cee39e4f302e265294f
2018-12-03T00:47:02.971Z [[32minfo[39m] 	11 Elements locator: {"value":"/*[1]/*[2]/*[1]/*[2]/*[1]/*[1]/*[3]/*[1]/*[2]","using":"xpath"}
2018-12-03T00:47:02.988Z [[32minfo[39m] 	11 Elements response: {"sessionId":"0270a96cee39e4f302e265294f6c007e","status":0,"value":[{"ELEMENT":"0.005273622290476787-2"}]}
2018-12-03T00:47:02.992Z [[32minfo[39m] 	12 Sending GET request to http://localhost:9516/session/0270a96cee39e4f302e265294f6c007e/element/0.005273622290476787-2/displayed:  {}
2018-12-03T00:47:03.009Z [[32minfo[39m] 	13 Sending POST request to http://localhost:9516/session/0270a96cee39e4f302e265294f6c007e/element/0.005273622290476787-2/click:  {}
2018-12-03T00:47:03.065Z [[32minfo[39m] 	14 Sending elements request to http://localhost:9516/session/0270a96cee39e4f302e265294f6c007e:  {"using":"css selector","value":"__taonly__trueautomationio:auth:signup:SingUpBtn__taonly__"}
2018-12-03T00:47:03.217Z [[32minfo[39m] 	14 Enum nodes response:  {"sessionId":"0270a96cee39e4f302e265294f
2018-12-03T00:47:03.716Z [[32minfo[39m] 	14 Elements locator: {"value":"/*[1]/*[2]/*[1]/*[2]/*[1]/*[2]","using":"xpath"}
2018-12-03T00:47:03.759Z [[32minfo[39m] 	14 Elements response: {"sessionId":"0270a96cee39e4f302e265294f6c007e","status":0,"value":[{"ELEMENT":"0.005273622290476787-3"}]}
2018-12-03T00:47:03.762Z [[32minfo[39m] 	15 Sending GET request to http://localhost:9516/session/0270a96cee39e4f302e265294f6c007e/element/0.005273622290476787-3/displayed:  {}
2018-12-03T00:47:03.835Z [[32minfo[39m] 	16 Sending elements request to http://localhost:9516/session/0270a96cee39e4f302e265294f6c007e:  {"using":"css selector","value":"__taonly__trueautomationio:auth:signup:SingUpBtn__taonly__"}
2018-12-03T00:47:03.956Z [[32minfo[39m] 	16 Enum nodes response:  {"sessionId":"0270a96cee39e4f302e265294f
2018-12-03T00:47:04.431Z [[32minfo[39m] 	16 Elements locator: {"value":"/*[1]/*[2]/*[1]/*[2]/*[1]/*[2]","using":"xpath"}
2018-12-03T00:47:04.469Z [[32minfo[39m] 	16 Elements response: {"sessionId":"0270a96cee39e4f302e265294f6c007e","status":0,"value":[{"ELEMENT":"0.005273622290476787-3"}]}
2018-12-03T00:47:04.472Z [[32minfo[39m] 	17 Sending GET request to http://localhost:9516/session/0270a96cee39e4f302e265294f6c007e/element/0.005273622290476787-3/displayed:  {}
2018-12-03T00:47:04.538Z [[32minfo[39m] 	18 Sending elements request to http://localhost:9516/session/0270a96cee39e4f302e265294f6c007e:  {"using":"css selector","value":"__taonly__trueautomationio:auth:signup:SingUpBtn__taonly__"}
2018-12-03T00:47:04.669Z [[32minfo[39m] 	18 Enum nodes response:  {"sessionId":"0270a96cee39e4f302e265294f
2018-12-03T00:47:05.141Z [[32minfo[39m] 	18 Elements locator: {"value":"/*[1]/*[2]/*[1]/*[2]/*[1]/*[2]","using":"xpath"}
2018-12-03T00:47:05.152Z [[32minfo[39m] 	18 Elements response: {"sessionId":"0270a96cee39e4f302e265294f6c007e","status":0,"value":[{"ELEMENT":"0.005273622290476787-3"}]}
2018-12-03T00:47:05.155Z [[32minfo[39m] 	19 Sending GET request to http://localhost:9516/session/0270a96cee39e4f302e265294f6c007e/element/0.005273622290476787-3/displayed:  {}
2018-12-03T00:47:05.218Z [[32minfo[39m] 	20 Sending elements request to http://localhost:9516/session/0270a96cee39e4f302e265294f6c007e:  {"using":"css selector","value":"__taonly__trueautomationio:auth:signup:SingUpBtn__taonly__"}
2018-12-03T00:47:05.350Z [[32minfo[39m] 	20 Enum nodes response:  {"sessionId":"0270a96cee39e4f302e265294f
2018-12-03T00:47:05.908Z [[32minfo[39m] 	20 Elements locator: {"value":"/*[1]/*[2]/*[1]/*[2]/*[1]/*[2]","using":"xpath"}
2018-12-03T00:47:05.922Z [[32minfo[39m] 	20 Elements response: {"sessionId":"0270a96cee39e4f302e265294f6c007e","status":0,"value":[{"ELEMENT":"0.005273622290476787-3"}]}
2018-12-03T00:47:05.924Z [[32minfo[39m] 	21 Sending GET request to http://localhost:9516/session/0270a96cee39e4f302e265294f6c007e/element/0.005273622290476787-3/displayed:  {}
2018-12-03T00:47:05.989Z [[32minfo[39m] 	22 Sending elements request to http://localhost:9516/session/0270a96cee39e4f302e265294f6c007e:  {"using":"css selector","value":"__taonly__trueautomationio:auth:signup:SingUpBtn__taonly__"}
2018-12-03T00:47:06.122Z [[32minfo[39m] 	22 Enum nodes response:  {"sessionId":"0270a96cee39e4f302e265294f
2018-12-03T00:47:06.699Z [[32minfo[39m] 	22 Elements locator: {"value":"/*[1]/*[2]/*[1]/*[2]/*[1]/*[2]","using":"xpath"}
2018-12-03T00:47:06.740Z [[32minfo[39m] 	22 Elements response: {"sessionId":"0270a96cee39e4f302e265294f6c007e","status":0,"value":[{"ELEMENT":"0.005273622290476787-3"}]}
2018-12-03T00:47:06.742Z [[32minfo[39m] 	23 Sending GET request to http://localhost:9516/session/0270a96cee39e4f302e265294f6c007e/element/0.005273622290476787-3/displayed:  {}
2018-12-03T00:47:06.814Z [[32minfo[39m] 	24 Sending elements request to http://localhost:9516/session/0270a96cee39e4f302e265294f6c007e:  {"using":"css selector","value":"__taonly__trueautomationio:auth:signup:SingUpBtn__taonly__"}
2018-12-03T00:47:06.950Z [[32minfo[39m] 	24 Enum nodes response:  {"sessionId":"0270a96cee39e4f302e265294f
2018-12-03T00:47:07.460Z [[32minfo[39m] 	24 Elements locator: {"value":"/*[1]/*[2]/*[1]/*[2]/*[1]/*[2]","using":"xpath"}
2018-12-03T00:47:07.474Z [[32minfo[39m] 	24 Elements response: {"sessionId":"0270a96cee39e4f302e265294f6c007e","status":0,"value":[{"ELEMENT":"0.005273622290476787-3"}]}
2018-12-03T00:47:07.476Z [[32minfo[39m] 	25 Sending GET request to http://localhost:9516/session/0270a96cee39e4f302e265294f6c007e/element/0.005273622290476787-3/displayed:  {}
2018-12-03T00:47:07.545Z [[32minfo[39m] 	26 Sending elements request to http://localhost:9516/session/0270a96cee39e4f302e265294f6c007e:  {"using":"css selector","value":"__taonly__trueautomationio:auth:signup:SingUpBtn__taonly__"}
2018-12-03T00:47:07.679Z [[32minfo[39m] 	26 Enum nodes response:  {"sessionId":"0270a96cee39e4f302e265294f
2018-12-03T00:47:08.210Z [[32minfo[39m] 	26 Elements locator: {"value":"/*[1]/*[2]/*[1]/*[2]/*[1]/*[2]","using":"xpath"}
2018-12-03T00:47:08.221Z [[32minfo[39m] 	26 Elements response: {"sessionId":"0270a96cee39e4f302e265294f6c007e","status":0,"value":[{"ELEMENT":"0.005273622290476787-3"}]}
2018-12-03T00:47:08.223Z [[32minfo[39m] 	27 Sending GET request to http://localhost:9516/session/0270a96cee39e4f302e265294f6c007e/element/0.005273622290476787-3/displayed:  {}
2018-12-03T00:47:08.236Z [[32minfo[39m] 	28 Sending GET request to http://localhost:9516/session/0270a96cee39e4f302e265294f6c007e/window_handles:  {}
2018-12-03T00:47:08.241Z [[32minfo[39m] 	29 Sending POST request to http://localhost:9516/session/0270a96cee39e4f302e265294f6c007e/window:  {"name":"CDwindow-85B59EFBC0FC301A1931782A2035CFC8"}
2018-12-03T00:47:08.249Z [[32minfo[39m] 	30 Sending GET request to http://localhost:9516/session/0270a96cee39e4f302e265294f6c007e/window_handles:  {}
2018-12-03T00:47:08.258Z [[32minfo[39m] 	31 Sending POST request to http://localhost:9516/session/0270a96cee39e4f302e265294f6c007e/goog/cdp/execute:  {"cmd":"Network.clearBrowserCookies","params":{}}
2018-12-03T00:47:08.271Z [[32minfo[39m] 	32 Sending DELETE request to http://localhost:9516/session/0270a96cee39e4f302e265294f6c007e/session_storage:  {}
2018-12-03T00:47:08.277Z [[32minfo[39m] 	33 Sending DELETE request to http://localhost:9516/session/0270a96cee39e4f302e265294f6c007e/local_storage:  {}
2018-12-03T00:47:08.287Z [[32minfo[39m] 	34 Sending POST request to http://localhost:9516/session/0270a96cee39e4f302e265294f6c007e/url:  {"url":"about:blank"}
2018-12-03T00:47:08.369Z [[32minfo[39m] 	35 Sending elements request to http://localhost:9516/session/0270a96cee39e4f302e265294f6c007e:  {"using":"xpath","value":"/html/body/*"}
2018-12-03T00:47:08.369Z [[32minfo[39m] 	35 Elements locator: {"value":"/html/body/*","using":"xpath"}
2018-12-03T00:47:08.392Z [[32minfo[39m] 	35 Elements response: {"sessionId":"0270a96cee39e4f302e265294f6c007e","status":0,"value":[]}
2018-12-03T00:47:08.446Z [[32minfo[39m] 	36 Sending DELETE request to http://localhost:9516/session/0270a96cee39e4f302e265294f6c007e:  {}
2018-12-03T00:47:08.550Z [[32minfo[39m] 	Sync elements
2018-12-03T00:47:09.260Z [[32minfo[39m] 	Stopping driver
