2018-12-03T01:02:19.739Z [[32minfo[39m] 	Starting TrueAutomation.IO client
2018-12-03T01:02:19.739Z [[32minfo[39m] 	API key: cf2038a3-013f-4b20-9362-8f0c1b91919d
2018-12-03T01:02:19.740Z [[32minfo[39m] 	Project name: TAEP-homepage
2018-12-03T01:02:19.740Z [[32minfo[39m] 	Cloud server: https://app.trueautomation.io
2018-12-03T01:02:19.740Z [[32minfo[39m] 	Starting chromeDriver /Users/delight/.trueautomation/chromedriver/chromedriver_mac64_2.44 on port 9516...
2018-12-03T01:02:20.190Z [[32minfo[39m] 	TrueAutomation.IO Client is listening on port 9515
2018-12-03T01:02:21.860Z [[32minfo[39m] 	0 Create session response: {"sessionId":"afcc4b3911c089db7fd74dd462c60238","status":0,"value":{"acceptInsecureCerts":false,"acceptSslCerts":false,"applicationCacheEnabled":false,"browserConnectionEnabled":false,"browserName":"chrome","chrome":{"chromedriverVersion":"2.44.609545 (c2f88692e98ce7233d2df7c724465ecacfe74df5)","userDataDir":"/var/folders/s2/z5gqzlh91gq2thydw9h4p3yh0000gn/T/.org.chromium.Chromium.xDEdQm"},"cssSelectorsEnabled":true,"databaseEnabled":false,"goog:chromeOptions":{"debuggerAddress":"localhost:54793"},"handlesAlerts":true,"hasTouchScreen":false,"javascriptEnabled":true,"locationContextEnabled":true,"mobileEmulationEnabled":false,"nativeEvents":true,"networkConnectionEnabled":false,"pageLoadStrategy":"normal","platform":"Mac OS X","rotatable":false,"setWindowRect":true,"takesHeapSnapshot":true,"takesScreenshot":true,"unexpectedAlertBehaviour":"ignore","version":"70.0.3538.110","webStorageEnabled":true}}
2018-12-03T01:02:21.876Z [[32minfo[39m] 	1 Sending POST request to http://localhost:9516/session/afcc4b3911c089db7fd74dd462c60238/url:  {"url":"https://trueautomation.io/"}
2018-12-03T01:02:28.593Z [[32minfo[39m] 	2 Sending elements request to http://localhost:9516/session/afcc4b3911c089db7fd74dd462c60238:  {"using":"xpath","value":"./descendant::*[self::input | self::textarea][not(((((((./@type = 'submit') or (./@type = 'image')) or (./@type = 'radio')) or (./@type = 'checkbox')) or (./@type = 'hidden')) or (./@type = 'file')))][((((./@id = '__taonly__trueautomationio:home:SFFemail__taonly__') or (./@name = '__taonly__trueautomationio:home:SFFemail__taonly__')) or (./@placeholder = '__taonly__trueautomationio:home:SFFemail__taonly__')) or (./@id = //label[(normalize-space(string(.)) = '__taonly__trueautomationio:home:SFFemail__taonly__')]/@for))] | .//label[(normalize-space(string(.)) = '__taonly__trueautomationio:home:SFFemail__taonly__')]//./descendant::*[self::input | self::textarea][not(((((((./@type = 'submit') or (./@type = 'image')) or (./@type = 'radio')) or (./@type = 'checkbox')) or (./@type = 'hidden')) or (./@type = 'file')))]"}
2018-12-03T01:02:28.732Z [[32minfo[39m] 	2 Enum nodes response:  {"sessionId":"afcc4b3911c089db7fd74dd462
2018-12-03T01:02:28.982Z [[32minfo[39m] 	2 Elements locator: {"value":"/*[1]/*[2]/*[1]/*[6]/*[2]/*[1]/*[3]/*[1]/*[1]/*[1]","using":"xpath"}
2018-12-03T01:02:29.017Z [[32minfo[39m] 	2 Elements response: {"sessionId":"afcc4b3911c089db7fd74dd462c60238","status":0,"value":[{"ELEMENT":"0.7628123146246757-1"}]}
2018-12-03T01:02:29.021Z [[32minfo[39m] 	3 Sending GET request to http://localhost:9516/session/afcc4b3911c089db7fd74dd462c60238/element/0.7628123146246757-1/displayed:  {}
2018-12-03T01:02:29.041Z [[32minfo[39m] 	4 Sending GET request to http://localhost:9516/session/afcc4b3911c089db7fd74dd462c60238/element/0.7628123146246757-1/enabled:  {}
2018-12-03T01:02:29.054Z [[32minfo[39m] 	5 Sending GET request to http://localhost:9516/session/afcc4b3911c089db7fd74dd462c60238/element/0.7628123146246757-1/name:  {}
2018-12-03T01:02:29.061Z [[32minfo[39m] 	6 Sending GET request to http://localhost:9516/session/afcc4b3911c089db7fd74dd462c60238/element/0.7628123146246757-1/attribute/readonly:  {}
2018-12-03T01:02:29.070Z [[32minfo[39m] 	7 Sending GET request to http://localhost:9516/session/afcc4b3911c089db7fd74dd462c60238/element/0.7628123146246757-1/name:  {}
2018-12-03T01:02:29.077Z [[32minfo[39m] 	8 Sending GET request to http://localhost:9516/session/afcc4b3911c089db7fd74dd462c60238/element/0.7628123146246757-1/attribute/type:  {}
2018-12-03T01:02:29.085Z [[32minfo[39m] 	9 Sending POST request to http://localhost:9516/session/afcc4b3911c089db7fd74dd462c60238/execute:  {"script":"arguments[0].value = ''","args":[{"ELEMENT":"0.7628123146246757-1"}]}
2018-12-03T01:02:29.094Z [[32minfo[39m] 	10 Sending POST request to http://localhost:9516/session/afcc4b3911c089db7fd74dd462c60238/element/0.7628123146246757-1/value:  {"value":["qa@test.com"]}
2018-12-03T01:02:29.253Z [[32minfo[39m] 	11 Sending elements request to http://localhost:9516/session/afcc4b3911c089db7fd74dd462c60238:  {"using":"xpath","value":"./descendant::*[self::input | self::textarea][not(((((((./@type = 'submit') or (./@type = 'image')) or (./@type = 'radio')) or (./@type = 'checkbox')) or (./@type = 'hidden')) or (./@type = 'file')))][((((./@id = '__taonly__trueautomationio:home:SFFemailTop__taonly__') or (./@name = '__taonly__trueautomationio:home:SFFemailTop__taonly__')) or (./@placeholder = '__taonly__trueautomationio:home:SFFemailTop__taonly__')) or (./@id = //label[(normalize-space(string(.)) = '__taonly__trueautomationio:home:SFFemailTop__taonly__')]/@for))] | .//label[(normalize-space(string(.)) = '__taonly__trueautomationio:home:SFFemailTop__taonly__')]//./descendant::*[self::input | self::textarea][not(((((((./@type = 'submit') or (./@type = 'image')) or (./@type = 'radio')) or (./@type = 'checkbox')) or (./@type = 'hidden')) or (./@type = 'file')))]"}
2018-12-03T01:02:29.374Z [[32minfo[39m] 	11 Enum nodes response:  {"sessionId":"afcc4b3911c089db7fd74dd462
2018-12-03T01:02:29.613Z [[32minfo[39m] 	11 Elements locator: {"value":"/*[1]/*[2]/*[1]/*[2]/*[1]/*[1]/*[3]/*[1]/*[1]/*[1]","using":"xpath"}
2018-12-03T01:02:29.650Z [[32minfo[39m] 	11 Elements response: {"sessionId":"afcc4b3911c089db7fd74dd462c60238","status":0,"value":[{"ELEMENT":"0.7628123146246757-2"}]}
2018-12-03T01:02:29.656Z [[32minfo[39m] 	12 Sending GET request to http://localhost:9516/session/afcc4b3911c089db7fd74dd462c60238/element/0.7628123146246757-2/displayed:  {}
2018-12-03T01:02:29.675Z [[32minfo[39m] 	13 Sending GET request to http://localhost:9516/session/afcc4b3911c089db7fd74dd462c60238/element/0.7628123146246757-2/enabled:  {}
2018-12-03T01:02:29.691Z [[32minfo[39m] 	14 Sending GET request to http://localhost:9516/session/afcc4b3911c089db7fd74dd462c60238/element/0.7628123146246757-2/name:  {}
2018-12-03T01:02:29.699Z [[32minfo[39m] 	15 Sending GET request to http://localhost:9516/session/afcc4b3911c089db7fd74dd462c60238/element/0.7628123146246757-2/attribute/readonly:  {}
2018-12-03T01:02:29.710Z [[32minfo[39m] 	16 Sending GET request to http://localhost:9516/session/afcc4b3911c089db7fd74dd462c60238/element/0.7628123146246757-2/name:  {}
2018-12-03T01:02:29.720Z [[32minfo[39m] 	17 Sending GET request to http://localhost:9516/session/afcc4b3911c089db7fd74dd462c60238/element/0.7628123146246757-2/attribute/type:  {}
2018-12-03T01:02:29.732Z [[32minfo[39m] 	18 Sending POST request to http://localhost:9516/session/afcc4b3911c089db7fd74dd462c60238/execute:  {"script":"arguments[0].value = ''","args":[{"ELEMENT":"0.7628123146246757-2"}]}
2018-12-03T01:02:29.741Z [[32minfo[39m] 	19 Sending POST request to http://localhost:9516/session/afcc4b3911c089db7fd74dd462c60238/element/0.7628123146246757-2/value:  {"value":["qa@test.com"]}
2018-12-03T01:02:29.820Z [[32minfo[39m] 	20 Sending elements request to http://localhost:9516/session/afcc4b3911c089db7fd74dd462c60238:  {"using":"css selector","value":"__taonly__trueautomationio:home:SFFokButton__taonly__"}
2018-12-03T01:02:29.933Z [[32minfo[39m] 	20 Enum nodes response:  {"sessionId":"afcc4b3911c089db7fd74dd462
2018-12-03T01:02:30.170Z [[32minfo[39m] 	20 Elements locator: {"value":"/*[1]/*[2]/*[1]/*[2]/*[1]/*[1]/*[3]/*[1]/*[2]","using":"xpath"}
2018-12-03T01:02:30.206Z [[32minfo[39m] 	20 Elements response: {"sessionId":"afcc4b3911c089db7fd74dd462c60238","status":0,"value":[{"ELEMENT":"0.7628123146246757-3"}]}
2018-12-03T01:02:30.208Z [[32minfo[39m] 	21 Sending GET request to http://localhost:9516/session/afcc4b3911c089db7fd74dd462c60238/element/0.7628123146246757-3/displayed:  {}
2018-12-03T01:02:30.224Z [[32minfo[39m] 	22 Sending POST request to http://localhost:9516/session/afcc4b3911c089db7fd74dd462c60238/element/0.7628123146246757-3/click:  {}
2018-12-03T01:02:31.055Z [[32minfo[39m] 	23 Sending elements request to http://localhost:9516/session/afcc4b3911c089db7fd74dd462c60238:  {"using":"css selector","value":"__taonly__trueautomationio:auth:signup:SingUpBtn__taonly__"}
2018-12-03T01:02:31.100Z [[32minfo[39m] 	23 Enum nodes response:  {"sessionId":"afcc4b3911c089db7fd74dd462
2018-12-03T01:02:31.120Z [[32minfo[39m] 	23 Elements locator: {"value":"/*[1]/*[2]/*[1]/*[2]/*[3]/*[4]","using":"xpath"}
2018-12-03T01:02:31.166Z [[32minfo[39m] 	23 Elements response: {"sessionId":"afcc4b3911c089db7fd74dd462c60238","status":0,"value":[{"ELEMENT":"0.896198789573994-1"}]}
2018-12-03T01:02:31.168Z [[32minfo[39m] 	24 Sending GET request to http://localhost:9516/session/afcc4b3911c089db7fd74dd462c60238/element/0.896198789573994-1/displayed:  {}
2018-12-03T01:02:31.218Z [[32minfo[39m] 	25 Sending POST request to http://localhost:9516/session/afcc4b3911c089db7fd74dd462c60238/element/0.896198789573994-1/click:  {}
2018-12-03T01:02:31.993Z [[32minfo[39m] 	26 Sending elements request to http://localhost:9516/session/afcc4b3911c089db7fd74dd462c60238:  {"using":"css selector","value":"__taonly__trueautomationio:auth:signup:BackToMainBtn__taonly__"}
2018-12-03T01:02:32.033Z [[32minfo[39m] 	26 Enum nodes response:  {"sessionId":"afcc4b3911c089db7fd74dd462
2018-12-03T01:02:32.060Z [[32minfo[39m] 	26 Elements locator: {"value":"/*[1]/*[2]/*[1]/*[1]/*[1]/*[1]/*[1]/*[1]","using":"xpath"}
2018-12-03T01:02:32.086Z [[32minfo[39m] 	26 Elements response: {"sessionId":"afcc4b3911c089db7fd74dd462c60238","status":0,"value":[{"ELEMENT":"0.7245150036425536-1"}]}
2018-12-03T01:02:32.093Z [[32minfo[39m] 	27 Sending GET request to http://localhost:9516/session/afcc4b3911c089db7fd74dd462c60238/element/0.7245150036425536-1/displayed:  {}
2018-12-03T01:02:32.132Z [[32minfo[39m] 	28 Sending POST request to http://localhost:9516/session/afcc4b3911c089db7fd74dd462c60238/element/0.7245150036425536-1/click:  {}
2018-12-03T01:02:33.042Z [[32minfo[39m] 	29 Sending elements request to http://localhost:9516/session/afcc4b3911c089db7fd74dd462c60238:  {"using":"css selector","value":"__taonly__trueautomationio:home:loginBtn__taonly__"}
2018-12-03T01:02:33.162Z [[32minfo[39m] 	29 Enum nodes response:  {"sessionId":"afcc4b3911c089db7fd74dd462
2018-12-03T01:02:33.393Z [[32minfo[39m] 	29 Elements locator: {"value":"/*[1]/*[2]/*[1]/*[1]/*[1]/*[2]/*[1]/*[2]/*[1]","using":"xpath"}
2018-12-03T01:02:33.429Z [[32minfo[39m] 	29 Elements response: {"sessionId":"afcc4b3911c089db7fd74dd462c60238","status":0,"value":[{"ELEMENT":"0.6702388921349836-1"}]}
2018-12-03T01:02:33.432Z [[32minfo[39m] 	30 Sending GET request to http://localhost:9516/session/afcc4b3911c089db7fd74dd462c60238/element/0.6702388921349836-1/displayed:  {}
2018-12-03T01:02:33.449Z [[32minfo[39m] 	31 Sending POST request to http://localhost:9516/session/afcc4b3911c089db7fd74dd462c60238/element/0.6702388921349836-1/click:  {}
2018-12-03T01:02:34.655Z [[32minfo[39m] 	32 Sending elements request to http://localhost:9516/session/afcc4b3911c089db7fd74dd462c60238:  {"using":"xpath","value":"./descendant::*[self::input | self::textarea][not(((((((./@type = 'submit') or (./@type = 'image')) or (./@type = 'radio')) or (./@type = 'checkbox')) or (./@type = 'hidden')) or (./@type = 'file')))][((((./@id = '__taonly__trueautomationio:auth:signin:EmailField__taonly__') or (./@name = '__taonly__trueautomationio:auth:signin:EmailField__taonly__')) or (./@placeholder = '__taonly__trueautomationio:auth:signin:EmailField__taonly__')) or (./@id = //label[(normalize-space(string(.)) = '__taonly__trueautomationio:auth:signin:EmailField__taonly__')]/@for))] | .//label[(normalize-space(string(.)) = '__taonly__trueautomationio:auth:signin:EmailField__taonly__')]//./descendant::*[self::input | self::textarea][not(((((((./@type = 'submit') or (./@type = 'image')) or (./@type = 'radio')) or (./@type = 'checkbox')) or (./@type = 'hidden')) or (./@type = 'file')))]"}
2018-12-03T01:02:34.673Z [[32minfo[39m] 	32 Enum nodes response:  {"sessionId":"afcc4b3911c089db7fd74dd462
2018-12-03T01:02:34.703Z [[32minfo[39m] 	32 Elements locator: {"value":"/*[1]/*[2]/*[1]/*[2]/*[3]/*[2]/*[1]","using":"xpath"}
2018-12-03T01:02:34.727Z [[32minfo[39m] 	32 Elements response: {"sessionId":"afcc4b3911c089db7fd74dd462c60238","status":0,"value":[{"ELEMENT":"0.24963486691382175-1"}]}
2018-12-03T01:02:34.730Z [[32minfo[39m] 	33 Sending GET request to http://localhost:9516/session/afcc4b3911c089db7fd74dd462c60238/element/0.24963486691382175-1/displayed:  {}
2018-12-03T01:02:34.745Z [[32minfo[39m] 	34 Sending GET request to http://localhost:9516/session/afcc4b3911c089db7fd74dd462c60238/element/0.24963486691382175-1/enabled:  {}
2018-12-03T01:02:34.758Z [[32minfo[39m] 	35 Sending GET request to http://localhost:9516/session/afcc4b3911c089db7fd74dd462c60238/element/0.24963486691382175-1/name:  {}
2018-12-03T01:02:34.766Z [[32minfo[39m] 	36 Sending GET request to http://localhost:9516/session/afcc4b3911c089db7fd74dd462c60238/element/0.24963486691382175-1/attribute/readonly:  {}
2018-12-03T01:02:34.775Z [[32minfo[39m] 	37 Sending GET request to http://localhost:9516/session/afcc4b3911c089db7fd74dd462c60238/element/0.24963486691382175-1/name:  {}
2018-12-03T01:02:34.783Z [[32minfo[39m] 	38 Sending GET request to http://localhost:9516/session/afcc4b3911c089db7fd74dd462c60238/element/0.24963486691382175-1/attribute/type:  {}
2018-12-03T01:02:34.792Z [[32minfo[39m] 	39 Sending POST request to http://localhost:9516/session/afcc4b3911c089db7fd74dd462c60238/execute:  {"script":"arguments[0].value = ''","args":[{"ELEMENT":"0.24963486691382175-1"}]}
2018-12-03T01:02:34.800Z [[32minfo[39m] 	40 Sending POST request to http://localhost:9516/session/afcc4b3911c089db7fd74dd462c60238/element/0.24963486691382175-1/value:  {"value":["stas.odessa@ua.fm"]}
2018-12-03T01:02:34.895Z [[32minfo[39m] 	41 Sending elements request to http://localhost:9516/session/afcc4b3911c089db7fd74dd462c60238:  {"using":"xpath","value":"./descendant::*[self::input | self::textarea][not(((((((./@type = 'submit') or (./@type = 'image')) or (./@type = 'radio')) or (./@type = 'checkbox')) or (./@type = 'hidden')) or (./@type = 'file')))][((((./@id = '__taonly__trueautomationio:auth:signin:PasswordField__taonly__') or (./@name = '__taonly__trueautomationio:auth:signin:PasswordField__taonly__')) or (./@placeholder = '__taonly__trueautomationio:auth:signin:PasswordField__taonly__')) or (./@id = //label[(normalize-space(string(.)) = '__taonly__trueautomationio:auth:signin:PasswordField__taonly__')]/@for))] | .//label[(normalize-space(string(.)) = '__taonly__trueautomationio:auth:signin:PasswordField__taonly__')]//./descendant::*[self::input | self::textarea][not(((((((./@type = 'submit') or (./@type = 'image')) or (./@type = 'radio')) or (./@type = 'checkbox')) or (./@type = 'hidden')) or (./@type = 'file')))]"}
2018-12-03T01:02:34.910Z [[32minfo[39m] 	41 Enum nodes response:  {"sessionId":"afcc4b3911c089db7fd74dd462
2018-12-03T01:02:34.925Z [[32minfo[39m] 	41 Elements locator: {"value":"/*[1]/*[2]/*[1]/*[2]/*[3]/*[3]/*[1]","using":"xpath"}
2018-12-03T01:02:34.938Z [[32minfo[39m] 	41 Elements response: {"sessionId":"afcc4b3911c089db7fd74dd462c60238","status":0,"value":[{"ELEMENT":"0.24963486691382175-2"}]}
2018-12-03T01:02:34.941Z [[32minfo[39m] 	42 Sending GET request to http://localhost:9516/session/afcc4b3911c089db7fd74dd462c60238/element/0.24963486691382175-2/displayed:  {}
2018-12-03T01:02:34.955Z [[32minfo[39m] 	43 Sending GET request to http://localhost:9516/session/afcc4b3911c089db7fd74dd462c60238/element/0.24963486691382175-2/enabled:  {}
2018-12-03T01:02:34.967Z [[32minfo[39m] 	44 Sending GET request to http://localhost:9516/session/afcc4b3911c089db7fd74dd462c60238/element/0.24963486691382175-2/name:  {}
2018-12-03T01:02:34.974Z [[32minfo[39m] 	45 Sending GET request to http://localhost:9516/session/afcc4b3911c089db7fd74dd462c60238/element/0.24963486691382175-2/attribute/readonly:  {}
2018-12-03T01:02:34.982Z [[32minfo[39m] 	46 Sending GET request to http://localhost:9516/session/afcc4b3911c089db7fd74dd462c60238/element/0.24963486691382175-2/name:  {}
2018-12-03T01:02:34.989Z [[32minfo[39m] 	47 Sending GET request to http://localhost:9516/session/afcc4b3911c089db7fd74dd462c60238/element/0.24963486691382175-2/attribute/type:  {}
2018-12-03T01:02:34.997Z [[32minfo[39m] 	48 Sending POST request to http://localhost:9516/session/afcc4b3911c089db7fd74dd462c60238/execute:  {"script":"arguments[0].value = ''","args":[{"ELEMENT":"0.24963486691382175-2"}]}
2018-12-03T01:02:35.005Z [[32minfo[39m] 	49 Sending POST request to http://localhost:9516/session/afcc4b3911c089db7fd74dd462c60238/element/0.24963486691382175-2/value:  {"value":["7167276Ss"]}
2018-12-03T01:02:35.059Z [[32minfo[39m] 	50 Sending elements request to http://localhost:9516/session/afcc4b3911c089db7fd74dd462c60238:  {"using":"css selector","value":"__taonly__trueautomationio:auth:signin:LoginBtn__taonly__"}
2018-12-03T01:02:35.075Z [[32minfo[39m] 	50 Enum nodes response:  {"sessionId":"afcc4b3911c089db7fd74dd462
2018-12-03T01:02:35.089Z [[32minfo[39m] 	50 Elements locator: {"value":"/*[1]/*[2]/*[1]/*[2]/*[3]/*[5]","using":"xpath"}
2018-12-03T01:02:35.103Z [[32minfo[39m] 	50 Elements response: {"sessionId":"afcc4b3911c089db7fd74dd462c60238","status":0,"value":[{"ELEMENT":"0.24963486691382175-3"}]}
2018-12-03T01:02:35.105Z [[32minfo[39m] 	51 Sending GET request to http://localhost:9516/session/afcc4b3911c089db7fd74dd462c60238/element/0.24963486691382175-3/displayed:  {}
2018-12-03T01:02:35.120Z [[32minfo[39m] 	52 Sending POST request to http://localhost:9516/session/afcc4b3911c089db7fd74dd462c60238/element/0.24963486691382175-3/click:  {}
2018-12-03T01:02:42.042Z [[32minfo[39m] 	53 Sending elements request to http://localhost:9516/session/afcc4b3911c089db7fd74dd462c60238:  {"using":"css selector","value":"__taonly__trueautomationio:app:297:project:Users__taonly__"}
2018-12-03T01:02:42.082Z [[32minfo[39m] 	53 Enum nodes response:  {"sessionId":"afcc4b3911c089db7fd74dd462
2018-12-03T01:02:42.199Z [[32minfo[39m] 	53 Elements locator: {"value":"/*[1]/*[2]/*[1]/*[1]/*[1]/*[1]/*[1]/*[2]/*[1]/*[1]","using":"xpath"}
2018-12-03T01:02:42.213Z [[32minfo[39m] 	53 Elements response: {"sessionId":"afcc4b3911c089db7fd74dd462c60238","status":0,"value":[{"ELEMENT":"0.409344555819835-1"}]}
2018-12-03T01:02:42.215Z [[32minfo[39m] 	54 Sending GET request to http://localhost:9516/session/afcc4b3911c089db7fd74dd462c60238/element/0.409344555819835-1/displayed:  {}
2018-12-03T01:02:42.231Z [[32minfo[39m] 	55 Sending POST request to http://localhost:9516/session/afcc4b3911c089db7fd74dd462c60238/element/0.409344555819835-1/click:  {}
2018-12-03T01:02:42.307Z [[32minfo[39m] 	56 Sending elements request to http://localhost:9516/session/afcc4b3911c089db7fd74dd462c60238:  {"using":"css selector","value":"__taonly__trueautomationio:app:297:project:Project__taonly__"}
2018-12-03T01:02:42.344Z [[32minfo[39m] 	56 Enum nodes response:  {"sessionId":"afcc4b3911c089db7fd74dd462
2018-12-03T01:02:42.463Z [[32minfo[39m] 	56 Elements locator: {"value":"/*[1]/*[2]/*[1]/*[1]/*[1]/*[1]/*[1]/*[2]/*[2]/*[1]","using":"xpath"}
2018-12-03T01:02:42.477Z [[32minfo[39m] 	56 Elements response: {"sessionId":"afcc4b3911c089db7fd74dd462c60238","status":0,"value":[{"ELEMENT":"0.409344555819835-2"}]}
2018-12-03T01:02:42.480Z [[32minfo[39m] 	57 Sending GET request to http://localhost:9516/session/afcc4b3911c089db7fd74dd462c60238/element/0.409344555819835-2/displayed:  {}
2018-12-03T01:02:42.497Z [[32minfo[39m] 	58 Sending POST request to http://localhost:9516/session/afcc4b3911c089db7fd74dd462c60238/element/0.409344555819835-2/click:  {}
2018-12-03T01:02:42.583Z [[32minfo[39m] 	59 Sending elements request to http://localhost:9516/session/afcc4b3911c089db7fd74dd462c60238:  {"using":"css selector","value":"__taonly__trueautomationio:app:297:project:Documentation__taonly__"}
2018-12-03T01:02:42.615Z [[32minfo[39m] 	59 Enum nodes response:  {"sessionId":"afcc4b3911c089db7fd74dd462
2018-12-03T01:02:42.662Z [[32minfo[39m] 	59 Elements locator: {"value":"/*[1]/*[2]/*[1]/*[1]/*[1]/*[1]/*[1]/*[2]/*[3]/*[1]","using":"xpath"}
2018-12-03T01:02:42.676Z [[32minfo[39m] 	59 Elements response: {"sessionId":"afcc4b3911c089db7fd74dd462c60238","status":0,"value":[{"ELEMENT":"0.409344555819835-3"}]}
2018-12-03T01:02:42.679Z [[32minfo[39m] 	60 Sending GET request to http://localhost:9516/session/afcc4b3911c089db7fd74dd462c60238/element/0.409344555819835-3/displayed:  {}
2018-12-03T01:02:42.695Z [[32minfo[39m] 	61 Sending POST request to http://localhost:9516/session/afcc4b3911c089db7fd74dd462c60238/element/0.409344555819835-3/click:  {}
2018-12-03T01:02:45.781Z [[32minfo[39m] 	62 Sending elements request to http://localhost:9516/session/afcc4b3911c089db7fd74dd462c60238:  {"using":"css selector","value":"__taonly__trueautomationio:docs:null:BackToCloud__taonly__"}
2018-12-03T01:02:45.815Z [[32minfo[39m] 	62 Enum nodes response:  {"sessionId":"afcc4b3911c089db7fd74dd462
2018-12-03T01:02:45.910Z [[32minfo[39m] 	62 Elements locator: {"value":"/*[1]/*[2]/*[1]/*[1]/*[1]/*[2]/*[1]/*[1]","using":"xpath"}
2018-12-03T01:02:45.924Z [[32minfo[39m] 	62 Elements response: {"sessionId":"afcc4b3911c089db7fd74dd462c60238","status":0,"value":[{"ELEMENT":"0.409344555819835-4"}]}
2018-12-03T01:02:45.926Z [[32minfo[39m] 	63 Sending GET request to http://localhost:9516/session/afcc4b3911c089db7fd74dd462c60238/element/0.409344555819835-4/displayed:  {}
2018-12-03T01:02:45.943Z [[32minfo[39m] 	64 Sending POST request to http://localhost:9516/session/afcc4b3911c089db7fd74dd462c60238/element/0.409344555819835-4/click:  {}
2018-12-03T01:02:51.010Z [[32minfo[39m] 	65 Sending elements request to http://localhost:9516/session/afcc4b3911c089db7fd74dd462c60238:  {"using":"css selector","value":"__taonly__trueautomationio:app:297:project:HiStanislav__taonly__"}
2018-12-03T01:02:51.044Z [[32minfo[39m] 	65 Enum nodes response:  {"sessionId":"afcc4b3911c089db7fd74dd462
2018-12-03T01:02:51.091Z [[32minfo[39m] 	65 Elements locator: {"value":"/*[1]/*[2]/*[1]/*[1]/*[1]/*[1]/*[1]/*[2]/*[4]/*[1]/*[1]/*[1]","using":"xpath"}
2018-12-03T01:02:51.105Z [[32minfo[39m] 	65 Elements response: {"sessionId":"afcc4b3911c089db7fd74dd462c60238","status":0,"value":[{"ELEMENT":"0.409344555819835-5"}]}
2018-12-03T01:02:51.108Z [[32minfo[39m] 	66 Sending GET request to http://localhost:9516/session/afcc4b3911c089db7fd74dd462c60238/element/0.409344555819835-5/displayed:  {}
2018-12-03T01:02:51.126Z [[32minfo[39m] 	67 Sending POST request to http://localhost:9516/session/afcc4b3911c089db7fd74dd462c60238/element/0.409344555819835-5/click:  {}
2018-12-03T01:02:56.211Z [[32minfo[39m] 	68 Sending elements request to http://localhost:9516/session/afcc4b3911c089db7fd74dd462c60238:  {"using":"css selector","value":"__taonly__trueautomationio:app:297:project:LogOut__taonly__"}
2018-12-03T01:02:56.240Z [[32minfo[39m] 	68 Enum nodes response:  {"sessionId":"afcc4b3911c089db7fd74dd462
2018-12-03T01:02:56.284Z [[32minfo[39m] 	68 Elements locator: {"value":"/*[1]/*[2]/*[1]/*[1]/*[1]/*[1]/*[1]/*[2]/*[4]/*[2]/*[3]","using":"xpath"}
2018-12-03T01:02:56.301Z [[32minfo[39m] 	68 Elements response: {"sessionId":"afcc4b3911c089db7fd74dd462c60238","status":0,"value":[{"ELEMENT":"0.409344555819835-6"}]}
2018-12-03T01:02:56.304Z [[32minfo[39m] 	69 Sending GET request to http://localhost:9516/session/afcc4b3911c089db7fd74dd462c60238/element/0.409344555819835-6/displayed:  {}
2018-12-03T01:02:56.321Z [[32minfo[39m] 	70 Sending POST request to http://localhost:9516/session/afcc4b3911c089db7fd74dd462c60238/element/0.409344555819835-6/click:  {}
2018-12-03T01:03:02.846Z [[32minfo[39m] 	71 Sending elements request to http://localhost:9516/session/afcc4b3911c089db7fd74dd462c60238:  {"using":"css selector","value":"__taonly__trueautomationio:auth:signin:BackToMainBtn__taonly__"}
2018-12-03T01:03:02.862Z [[32minfo[39m] 	71 Enum nodes response:  {"sessionId":"afcc4b3911c089db7fd74dd462
2018-12-03T01:03:02.878Z [[32minfo[39m] 	71 Elements locator: {"value":"/*[1]/*[2]/*[1]/*[1]/*[1]/*[1]/*[1]/*[1]","using":"xpath"}
2018-12-03T01:03:02.893Z [[32minfo[39m] 	71 Elements response: {"sessionId":"afcc4b3911c089db7fd74dd462c60238","status":0,"value":[{"ELEMENT":"0.669056418473386-1"}]}
2018-12-03T01:03:02.895Z [[32minfo[39m] 	72 Sending GET request to http://localhost:9516/session/afcc4b3911c089db7fd74dd462c60238/element/0.669056418473386-1/displayed:  {}
2018-12-03T01:03:02.913Z [[32minfo[39m] 	73 Sending POST request to http://localhost:9516/session/afcc4b3911c089db7fd74dd462c60238/element/0.669056418473386-1/click:  {}
2018-12-03T01:03:08.596Z [[32minfo[39m] 	74 Sending GET request to http://localhost:9516/session/afcc4b3911c089db7fd74dd462c60238/window_handles:  {}
2018-12-03T01:03:08.604Z [[32minfo[39m] 	75 Sending POST request to http://localhost:9516/session/afcc4b3911c089db7fd74dd462c60238/window:  {"name":"CDwindow-4B3E505853DA18E424282207B293D0EF"}
2018-12-03T01:03:08.653Z [[32minfo[39m] 	76 Sending GET request to http://localhost:9516/session/afcc4b3911c089db7fd74dd462c60238/window_handles:  {}
2018-12-03T01:03:08.681Z [[32minfo[39m] 	77 Sending GET request to http://localhost:9516/session/afcc4b3911c089db7fd74dd462c60238/window_handles:  {}
2018-12-03T01:03:08.695Z [[32minfo[39m] 	78 Sending GET request to http://localhost:9516/session/afcc4b3911c089db7fd74dd462c60238/window_handle:  {}
2018-12-03T01:03:08.707Z [[32minfo[39m] 	79 Sending POST request to http://localhost:9516/session/afcc4b3911c089db7fd74dd462c60238/window:  {"name":"CDwindow-97EE3BE1DCF4840A2AE6D7C1E89253F0"}
2018-12-03T01:03:08.735Z [[32minfo[39m] 	Sync elements
2018-12-03T01:03:09.869Z [[32minfo[39m] 	80 Sending DELETE request to http://localhost:9516/session/afcc4b3911c089db7fd74dd462c60238:  {}
2018-12-03T01:03:09.989Z [[32minfo[39m] 	Sync elements
2018-12-03T01:03:10.541Z [[32minfo[39m] 	Stopping driver
