2018-12-03T00:12:51.977Z [[32minfo[39m] 	Starting TrueAutomation.IO client
2018-12-03T00:12:51.979Z [[32minfo[39m] 	API key: cf2038a3-013f-4b20-9362-8f0c1b91919d
2018-12-03T00:12:51.979Z [[32minfo[39m] 	Project name: TAEP-homepage
2018-12-03T00:12:51.979Z [[32minfo[39m] 	Cloud server: https://app.trueautomation.io
2018-12-03T00:12:51.979Z [[32minfo[39m] 	Starting chromeDriver /Users/delight/.trueautomation/chromedriver/chromedriver_mac64_2.44 on port 9516...
2018-12-03T00:12:52.417Z [[32minfo[39m] 	TrueAutomation.IO Client is listening on port 9515
2018-12-03T00:12:54.216Z [[32minfo[39m] 	0 Create session response: {"sessionId":"3f5587312969b1fd7881c52eee58d5ff","status":0,"value":{"acceptInsecureCerts":false,"acceptSslCerts":false,"applicationCacheEnabled":false,"browserConnectionEnabled":false,"browserName":"chrome","chrome":{"chromedriverVersion":"2.44.609545 (c2f88692e98ce7233d2df7c724465ecacfe74df5)","userDataDir":"/var/folders/s2/z5gqzlh91gq2thydw9h4p3yh0000gn/T/.org.chromium.Chromium.7FBhIK"},"cssSelectorsEnabled":true,"databaseEnabled":false,"goog:chromeOptions":{"debuggerAddress":"localhost:51717"},"handlesAlerts":true,"hasTouchScreen":false,"javascriptEnabled":true,"locationContextEnabled":true,"mobileEmulationEnabled":false,"nativeEvents":true,"networkConnectionEnabled":false,"pageLoadStrategy":"normal","platform":"Mac OS X","rotatable":false,"setWindowRect":true,"takesHeapSnapshot":true,"takesScreenshot":true,"unexpectedAlertBehaviour":"ignore","version":"70.0.3538.110","webStorageEnabled":true}}
2018-12-03T00:12:54.238Z [[32minfo[39m] 	1 Sending POST request to http://localhost:9516/session/3f5587312969b1fd7881c52eee58d5ff/url:  {"url":"https://trueautomation.io/"}
2018-12-03T00:13:00.628Z [[32minfo[39m] 	2 Sending elements request to http://localhost:9516/session/3f5587312969b1fd7881c52eee58d5ff:  {"using":"css selector","value":"__taonly__trueautomationio:home:rectBtn__taonly__"}
2018-12-03T00:13:00.774Z [[32minfo[39m] 	2 Enum nodes response:  {"sessionId":"3f5587312969b1fd7881c52eee
2018-12-03T00:13:01.038Z [[32minfo[39m] 	2 Elements locator: {"value":"/*[1]/*[2]/*[1]/*[4]/*[2]/*[2]/*[1]/*[1]/*[1]","using":"xpath"}
2018-12-03T00:13:01.077Z [[32minfo[39m] 	2 Elements response: {"sessionId":"3f5587312969b1fd7881c52eee58d5ff","status":0,"value":[{"ELEMENT":"0.022129127222951572-1"}]}
2018-12-03T00:13:01.082Z [[32minfo[39m] 	3 Sending GET request to http://localhost:9516/session/3f5587312969b1fd7881c52eee58d5ff/element/0.022129127222951572-1/displayed:  {}
2018-12-03T00:13:01.100Z [[32minfo[39m] 	4 Sending POST request to http://localhost:9516/session/3f5587312969b1fd7881c52eee58d5ff/element/0.022129127222951572-1/click:  {}
2018-12-03T00:13:02.398Z [[32minfo[39m] 	5 Sending elements request to http://localhost:9516/session/3f5587312969b1fd7881c52eee58d5ff:  {"using":"css selector","value":"__taonly__trueautomationio:home:loginBtn__taonly__"}
2018-12-03T00:13:02.530Z [[32minfo[39m] 	5 Enum nodes response:  {"sessionId":"3f5587312969b1fd7881c52eee
2018-12-03T00:13:02.770Z [[32minfo[39m] 	5 Elements locator: {"value":"/*[1]/*[2]/*[1]/*[1]/*[1]/*[2]/*[1]/*[2]/*[1]","using":"xpath"}
2018-12-03T00:13:02.808Z [[32minfo[39m] 	5 Elements response: {"sessionId":"3f5587312969b1fd7881c52eee58d5ff","status":0,"value":[{"ELEMENT":"0.9405476271741349-1"}]}
2018-12-03T00:13:02.811Z [[32minfo[39m] 	6 Sending GET request to http://localhost:9516/session/3f5587312969b1fd7881c52eee58d5ff/element/0.9405476271741349-1/displayed:  {}
2018-12-03T00:13:02.828Z [[32minfo[39m] 	7 Sending POST request to http://localhost:9516/session/3f5587312969b1fd7881c52eee58d5ff/element/0.9405476271741349-1/click:  {}
2018-12-03T00:13:04.949Z [[32minfo[39m] 	8 Sending elements request to http://localhost:9516/session/3f5587312969b1fd7881c52eee58d5ff:  {"using":"css selector","value":"__taonly__trueautomationio:auth:singin__taonly__"}
2018-12-03T00:13:04.976Z [[32minfo[39m] 	8 Enum nodes response:  {"sessionId":"3f5587312969b1fd7881c52eee
2018-12-03T00:13:04.991Z [[32minfo[39m] 	8 Elements locator: {"value":"/*[1]/*[2]/*[1]/*[1]/*[2]/*[2]","using":"xpath"}
2018-12-03T00:13:05.007Z [[32minfo[39m] 	8 Elements response: {"sessionId":"3f5587312969b1fd7881c52eee58d5ff","status":0,"value":[{"ELEMENT":"0.8530488150453623-1"}]}
2018-12-03T00:13:05.011Z [[32minfo[39m] 	9 Sending GET request to http://localhost:9516/session/3f5587312969b1fd7881c52eee58d5ff/element/0.8530488150453623-1/displayed:  {}
2018-12-03T00:13:05.027Z [[32minfo[39m] 	10 Sending POST request to http://localhost:9516/session/3f5587312969b1fd7881c52eee58d5ff/element/0.8530488150453623-1/click:  {}
2018-12-03T00:13:05.533Z [[32minfo[39m] 	11 Sending elements request to http://localhost:9516/session/3f5587312969b1fd7881c52eee58d5ff:  {"using":"xpath","value":"./descendant::*[self::input | self::textarea][not(((((((./@type = 'submit') or (./@type = 'image')) or (./@type = 'radio')) or (./@type = 'checkbox')) or (./@type = 'hidden')) or (./@type = 'file')))][((((./@id = '__taonly__trueautomationio:signup:email__taonly__') or (./@name = '__taonly__trueautomationio:signup:email__taonly__')) or (./@placeholder = '__taonly__trueautomationio:signup:email__taonly__')) or (./@id = //label[(normalize-space(string(.)) = '__taonly__trueautomationio:signup:email__taonly__')]/@for))] | .//label[(normalize-space(string(.)) = '__taonly__trueautomationio:signup:email__taonly__')]//./descendant::*[self::input | self::textarea][not(((((((./@type = 'submit') or (./@type = 'image')) or (./@type = 'radio')) or (./@type = 'checkbox')) or (./@type = 'hidden')) or (./@type = 'file')))]"}
2018-12-03T00:13:05.567Z [[32minfo[39m] 	11 Enum nodes response:  {"sessionId":"3f5587312969b1fd7881c52eee
2018-12-03T00:13:05.592Z [[32minfo[39m] 	11 Elements locator: {"value":"/*[1]/*[2]/*[1]/*[2]/*[3]/*[2]/*[1]","using":"xpath"}
2018-12-03T00:13:05.616Z [[32minfo[39m] 	11 Elements response: {"sessionId":"3f5587312969b1fd7881c52eee58d5ff","status":0,"value":[{"ELEMENT":"0.28013179449081727-1"}]}
2018-12-03T00:13:05.620Z [[32minfo[39m] 	12 Sending GET request to http://localhost:9516/session/3f5587312969b1fd7881c52eee58d5ff/element/0.28013179449081727-1/displayed:  {}
2018-12-03T00:13:05.653Z [[32minfo[39m] 	13 Sending GET request to http://localhost:9516/session/3f5587312969b1fd7881c52eee58d5ff/element/0.28013179449081727-1/enabled:  {}
2018-12-03T00:13:05.669Z [[32minfo[39m] 	14 Sending GET request to http://localhost:9516/session/3f5587312969b1fd7881c52eee58d5ff/element/0.28013179449081727-1/name:  {}
2018-12-03T00:13:05.681Z [[32minfo[39m] 	15 Sending GET request to http://localhost:9516/session/3f5587312969b1fd7881c52eee58d5ff/element/0.28013179449081727-1/attribute/readonly:  {}
2018-12-03T00:13:05.689Z [[32minfo[39m] 	16 Sending GET request to http://localhost:9516/session/3f5587312969b1fd7881c52eee58d5ff/element/0.28013179449081727-1/name:  {}
2018-12-03T00:13:05.698Z [[32minfo[39m] 	17 Sending GET request to http://localhost:9516/session/3f5587312969b1fd7881c52eee58d5ff/element/0.28013179449081727-1/attribute/type:  {}
2018-12-03T00:13:05.707Z [[32minfo[39m] 	18 Sending POST request to http://localhost:9516/session/3f5587312969b1fd7881c52eee58d5ff/execute:  {"script":"arguments[0].value = ''","args":[{"ELEMENT":"0.28013179449081727-1"}]}
2018-12-03T00:13:05.716Z [[32minfo[39m] 	19 Sending POST request to http://localhost:9516/session/3f5587312969b1fd7881c52eee58d5ff/element/0.28013179449081727-1/value:  {"value":["your@mail.com"]}
2018-12-03T00:13:05.818Z [[32minfo[39m] 	20 Sending elements request to http://localhost:9516/session/3f5587312969b1fd7881c52eee58d5ff:  {"using":"css selector","value":"__taonly__trueautomationio:signup__taonly__"}
2018-12-03T00:13:05.833Z [[32minfo[39m] 	20 Enum nodes response:  {"sessionId":"3f5587312969b1fd7881c52eee
2018-12-03T00:13:05.846Z [[32minfo[39m] 	20 Elements locator: {"value":"/*[1]/*[2]/*[1]/*[2]/*[3]/*[4]","using":"xpath"}
2018-12-03T00:13:05.863Z [[32minfo[39m] 	20 Elements response: {"sessionId":"3f5587312969b1fd7881c52eee58d5ff","status":0,"value":[{"ELEMENT":"0.28013179449081727-2"}]}
2018-12-03T00:13:05.865Z [[32minfo[39m] 	21 Sending GET request to http://localhost:9516/session/3f5587312969b1fd7881c52eee58d5ff/element/0.28013179449081727-2/displayed:  {}
2018-12-03T00:13:05.881Z [[32minfo[39m] 	22 Sending POST request to http://localhost:9516/session/3f5587312969b1fd7881c52eee58d5ff/element/0.28013179449081727-2/click:  {}
2018-12-03T00:13:06.250Z [[32minfo[39m] 	23 Sending elements request to http://localhost:9516/session/3f5587312969b1fd7881c52eee58d5ff:  {"using":"css selector","value":"__taonly__trueautomationio:singup:back__taonly__"}
2018-12-03T00:13:06.299Z [[32minfo[39m] 	23 Enum nodes response:  {"sessionId":"3f5587312969b1fd7881c52eee
2018-12-03T00:13:06.323Z [[32minfo[39m] 	23 Elements locator: {"value":"/*[1]/*[2]/*[1]/*[1]/*[1]/*[1]/*[1]/*[1]","using":"xpath"}
2018-12-03T00:13:06.375Z [[32minfo[39m] 	23 Elements response: {"sessionId":"3f5587312969b1fd7881c52eee58d5ff","status":0,"value":[{"ELEMENT":"0.31356251497112586-1"}]}
2018-12-03T00:13:06.384Z [[32minfo[39m] 	24 Sending GET request to http://localhost:9516/session/3f5587312969b1fd7881c52eee58d5ff/element/0.31356251497112586-1/displayed:  {}
2018-12-03T00:13:06.427Z [[32minfo[39m] 	25 Sending POST request to http://localhost:9516/session/3f5587312969b1fd7881c52eee58d5ff/element/0.31356251497112586-1/click:  {}
2018-12-03T00:13:10.192Z [[32minfo[39m] 	26 Sending GET request to http://localhost:9516/session/3f5587312969b1fd7881c52eee58d5ff/window_handles:  {}
2018-12-03T00:13:10.198Z [[32minfo[39m] 	27 Sending POST request to http://localhost:9516/session/3f5587312969b1fd7881c52eee58d5ff/window:  {"name":"CDwindow-37B5C59B862E8DAE870C23D2C9D95B3E"}
2018-12-03T00:13:10.206Z [[32minfo[39m] 	28 Sending GET request to http://localhost:9516/session/3f5587312969b1fd7881c52eee58d5ff/window_handles:  {}
2018-12-03T00:13:10.211Z [[32minfo[39m] 	29 Sending POST request to http://localhost:9516/session/3f5587312969b1fd7881c52eee58d5ff/goog/cdp/execute:  {"cmd":"Network.clearBrowserCookies","params":{}}
2018-12-03T00:13:10.222Z [[32minfo[39m] 	30 Sending DELETE request to http://localhost:9516/session/3f5587312969b1fd7881c52eee58d5ff/session_storage:  {}
2018-12-03T00:13:10.228Z [[32minfo[39m] 	31 Sending DELETE request to http://localhost:9516/session/3f5587312969b1fd7881c52eee58d5ff/local_storage:  {}
2018-12-03T00:13:10.233Z [[32minfo[39m] 	32 Sending POST request to http://localhost:9516/session/3f5587312969b1fd7881c52eee58d5ff/url:  {"url":"about:blank"}
2018-12-03T00:13:10.291Z [[32minfo[39m] 	33 Sending elements request to http://localhost:9516/session/3f5587312969b1fd7881c52eee58d5ff:  {"using":"xpath","value":"/html/body/*"}
2018-12-03T00:13:10.291Z [[32minfo[39m] 	33 Elements locator: {"value":"/html/body/*","using":"xpath"}
2018-12-03T00:13:10.313Z [[32minfo[39m] 	33 Elements response: {"sessionId":"3f5587312969b1fd7881c52eee58d5ff","status":0,"value":[]}
2018-12-03T00:13:10.319Z [[32minfo[39m] 	34 Sending DELETE request to http://localhost:9516/session/3f5587312969b1fd7881c52eee58d5ff:  {}
2018-12-03T00:13:10.396Z [[32minfo[39m] 	Sync elements
2018-12-03T00:13:10.978Z [[32minfo[39m] 	Stopping driver
