2018-12-02T23:36:36.209Z [[32minfo[39m] 	Starting TrueAutomation.IO client
2018-12-02T23:36:36.210Z [[32minfo[39m] 	API key: cf2038a3-013f-4b20-9362-8f0c1b91919d
2018-12-02T23:36:36.210Z [[32minfo[39m] 	Project name: TAEP-homepage
2018-12-02T23:36:36.210Z [[32minfo[39m] 	Cloud server: https://app.trueautomation.io
2018-12-02T23:36:36.210Z [[32minfo[39m] 	Starting chromeDriver /Users/delight/.trueautomation/chromedriver/chromedriver_mac64_2.44 on port 9516...
2018-12-02T23:36:36.650Z [[32minfo[39m] 	TrueAutomation.IO Client is listening on port 9515
2018-12-02T23:36:38.265Z [[32minfo[39m] 	0 Create session response: {"sessionId":"58fd8a9213c3a5a3555582bfcc25b488","status":0,"value":{"acceptInsecureCerts":false,"acceptSslCerts":false,"applicationCacheEnabled":false,"browserConnectionEnabled":false,"browserName":"chrome","chrome":{"chromedriverVersion":"2.44.609545 (c2f88692e98ce7233d2df7c724465ecacfe74df5)","userDataDir":"/var/folders/s2/z5gqzlh91gq2thydw9h4p3yh0000gn/T/.org.chromium.Chromium.3rVaOx"},"cssSelectorsEnabled":true,"databaseEnabled":false,"goog:chromeOptions":{"debuggerAddress":"localhost:64446"},"handlesAlerts":true,"hasTouchScreen":false,"javascriptEnabled":true,"locationContextEnabled":true,"mobileEmulationEnabled":false,"nativeEvents":true,"networkConnectionEnabled":false,"pageLoadStrategy":"normal","platform":"Mac OS X","rotatable":false,"setWindowRect":true,"takesHeapSnapshot":true,"takesScreenshot":true,"unexpectedAlertBehaviour":"ignore","version":"70.0.3538.110","webStorageEnabled":true}}
2018-12-02T23:36:38.282Z [[32minfo[39m] 	1 Sending POST request to http://localhost:9516/session/58fd8a9213c3a5a3555582bfcc25b488/url:  {"url":"https://trueautomation.io/"}
2018-12-02T23:36:44.200Z [[32minfo[39m] 	2 Sending elements request to http://localhost:9516/session/58fd8a9213c3a5a3555582bfcc25b488:  {"using":"css selector","value":"__taonly__trueautomationio:home:rectBtn__taonly__"}
2018-12-02T23:36:44.363Z [[32minfo[39m] 	2 Enum nodes response:  {"sessionId":"58fd8a9213c3a5a3555582bfcc
2018-12-02T23:36:44.625Z [[32minfo[39m] 	2 Elements locator: {"value":"/*[1]/*[2]/*[1]/*[4]/*[2]/*[2]/*[1]/*[1]/*[1]","using":"xpath"}
2018-12-02T23:36:44.640Z [[32minfo[39m] 	2 Elements response: {"sessionId":"58fd8a9213c3a5a3555582bfcc25b488","status":0,"value":[{"ELEMENT":"0.3830718417176999-1"}]}
2018-12-02T23:36:44.642Z [[32minfo[39m] 	3 Sending GET request to http://localhost:9516/session/58fd8a9213c3a5a3555582bfcc25b488/element/0.3830718417176999-1/displayed:  {}
2018-12-02T23:36:44.661Z [[32minfo[39m] 	4 Sending POST request to http://localhost:9516/session/58fd8a9213c3a5a3555582bfcc25b488/element/0.3830718417176999-1/click:  {}
2018-12-02T23:36:45.691Z [[32minfo[39m] 	5 Sending elements request to http://localhost:9516/session/58fd8a9213c3a5a3555582bfcc25b488:  {"using":"css selector","value":"__taonly__trueautomationio:home:loginBtn__taonly__"}
2018-12-02T23:36:45.829Z [[32minfo[39m] 	5 Enum nodes response:  {"sessionId":"58fd8a9213c3a5a3555582bfcc
2018-12-02T23:36:46.074Z [[32minfo[39m] 	5 Elements locator: {"value":"/*[1]/*[2]/*[1]/*[1]/*[1]/*[2]/*[1]/*[2]/*[1]","using":"xpath"}
2018-12-02T23:36:46.109Z [[32minfo[39m] 	5 Elements response: {"sessionId":"58fd8a9213c3a5a3555582bfcc25b488","status":0,"value":[{"ELEMENT":"0.7248290464387577-1"}]}
2018-12-02T23:36:46.112Z [[32minfo[39m] 	6 Sending GET request to http://localhost:9516/session/58fd8a9213c3a5a3555582bfcc25b488/element/0.7248290464387577-1/displayed:  {}
2018-12-02T23:36:46.127Z [[32minfo[39m] 	7 Sending POST request to http://localhost:9516/session/58fd8a9213c3a5a3555582bfcc25b488/element/0.7248290464387577-1/click:  {}
2018-12-02T23:36:48.240Z [[32minfo[39m] 	8 Sending elements request to http://localhost:9516/session/58fd8a9213c3a5a3555582bfcc25b488:  {"using":"css selector","value":"__taonly__trueautomationio:home:ytpBtn__taonly__"}
2018-12-02T23:36:48.268Z [[32minfo[39m] 	8 Enum nodes response:  {"sessionId":"58fd8a9213c3a5a3555582bfcc
2018-12-02T23:36:48.295Z [[32minfo[39m] 	8 Elements locator: {"value":"/*[1]/*[2]/*[1]/*[2]/*[1]","using":"xpath"}
2018-12-02T23:36:48.309Z [[32minfo[39m] 	8 Elements response: {"sessionId":"58fd8a9213c3a5a3555582bfcc25b488","status":0,"value":[{"ELEMENT":"0.8158179985963665-1"}]}
2018-12-02T23:36:48.312Z [[32minfo[39m] 	9 Sending GET request to http://localhost:9516/session/58fd8a9213c3a5a3555582bfcc25b488/element/0.8158179985963665-1/displayed:  {}
2018-12-02T23:36:48.327Z [[32minfo[39m] 	10 Sending POST request to http://localhost:9516/session/58fd8a9213c3a5a3555582bfcc25b488/element/0.8158179985963665-1/click:  {}
2018-12-02T23:36:51.369Z [[32minfo[39m] 	11 Sending GET request to http://localhost:9516/session/58fd8a9213c3a5a3555582bfcc25b488/window_handles:  {}
2018-12-02T23:36:51.375Z [[32minfo[39m] 	12 Sending POST request to http://localhost:9516/session/58fd8a9213c3a5a3555582bfcc25b488/window:  {"name":"CDwindow-34529300237FBE89A90F7C5F754EB861"}
2018-12-02T23:36:51.382Z [[32minfo[39m] 	13 Sending GET request to http://localhost:9516/session/58fd8a9213c3a5a3555582bfcc25b488/window_handles:  {}
2018-12-02T23:36:51.388Z [[32minfo[39m] 	14 Sending POST request to http://localhost:9516/session/58fd8a9213c3a5a3555582bfcc25b488/goog/cdp/execute:  {"cmd":"Network.clearBrowserCookies","params":{}}
2018-12-02T23:36:51.399Z [[32minfo[39m] 	15 Sending DELETE request to http://localhost:9516/session/58fd8a9213c3a5a3555582bfcc25b488/session_storage:  {}
2018-12-02T23:36:51.405Z [[32minfo[39m] 	16 Sending DELETE request to http://localhost:9516/session/58fd8a9213c3a5a3555582bfcc25b488/local_storage:  {}
2018-12-02T23:36:51.411Z [[32minfo[39m] 	17 Sending POST request to http://localhost:9516/session/58fd8a9213c3a5a3555582bfcc25b488/url:  {"url":"about:blank"}
2018-12-02T23:36:51.434Z [[32minfo[39m] 	18 Sending elements request to http://localhost:9516/session/58fd8a9213c3a5a3555582bfcc25b488:  {"using":"xpath","value":"/html/body/*"}
2018-12-02T23:36:51.435Z [[32minfo[39m] 	18 Elements locator: {"value":"/html/body/*","using":"xpath"}
2018-12-02T23:36:51.460Z [[32minfo[39m] 	18 Elements response: {"sessionId":"58fd8a9213c3a5a3555582bfcc25b488","status":0,"value":[]}
2018-12-02T23:36:51.463Z [[32minfo[39m] 	19 Sending DELETE request to http://localhost:9516/session/58fd8a9213c3a5a3555582bfcc25b488:  {}
2018-12-02T23:36:51.545Z [[32minfo[39m] 	Sync elements
2018-12-02T23:36:52.100Z [[32minfo[39m] 	Stopping driver
