2018-12-03T00:09:43.659Z [[32minfo[39m] 	Starting TrueAutomation.IO client
2018-12-03T00:09:43.660Z [[32minfo[39m] 	API key: cf2038a3-013f-4b20-9362-8f0c1b91919d
2018-12-03T00:09:43.660Z [[32minfo[39m] 	Project name: TAEP-homepage
2018-12-03T00:09:43.660Z [[32minfo[39m] 	Cloud server: https://app.trueautomation.io
2018-12-03T00:09:43.660Z [[32minfo[39m] 	Starting chromeDriver /Users/delight/.trueautomation/chromedriver/chromedriver_mac64_2.44 on port 9516...
2018-12-03T00:09:44.081Z [[32minfo[39m] 	TrueAutomation.IO Client is listening on port 9515
2018-12-03T00:09:45.926Z [[32minfo[39m] 	0 Create session response: {"sessionId":"06a2214c063a9fe9e15cd40dff2a70ea","status":0,"value":{"acceptInsecureCerts":false,"acceptSslCerts":false,"applicationCacheEnabled":false,"browserConnectionEnabled":false,"browserName":"chrome","chrome":{"chromedriverVersion":"2.44.609545 (c2f88692e98ce7233d2df7c724465ecacfe74df5)","userDataDir":"/var/folders/s2/z5gqzlh91gq2thydw9h4p3yh0000gn/T/.org.chromium.Chromium.wQOTAa"},"cssSelectorsEnabled":true,"databaseEnabled":false,"goog:chromeOptions":{"debuggerAddress":"localhost:51116"},"handlesAlerts":true,"hasTouchScreen":false,"javascriptEnabled":true,"locationContextEnabled":true,"mobileEmulationEnabled":false,"nativeEvents":true,"networkConnectionEnabled":false,"pageLoadStrategy":"normal","platform":"Mac OS X","rotatable":false,"setWindowRect":true,"takesHeapSnapshot":true,"takesScreenshot":true,"unexpectedAlertBehaviour":"ignore","version":"70.0.3538.110","webStorageEnabled":true}}
2018-12-03T00:09:45.966Z [[32minfo[39m] 	1 Sending POST request to http://localhost:9516/session/06a2214c063a9fe9e15cd40dff2a70ea/url:  {"url":"https://trueautomation.io/"}
2018-12-03T00:09:53.310Z [[32minfo[39m] 	2 Sending elements request to http://localhost:9516/session/06a2214c063a9fe9e15cd40dff2a70ea:  {"using":"css selector","value":"__taonly__trueautomationio:home:rectBtn__taonly__"}
2018-12-03T00:09:53.465Z [[32minfo[39m] 	2 Enum nodes response:  {"sessionId":"06a2214c063a9fe9e15cd40dff
2018-12-03T00:09:53.713Z [[32minfo[39m] 	2 Elements locator: {"value":"/*[1]/*[2]/*[1]/*[4]/*[2]/*[2]/*[1]/*[1]/*[1]","using":"xpath"}
2018-12-03T00:09:53.750Z [[32minfo[39m] 	2 Elements response: {"sessionId":"06a2214c063a9fe9e15cd40dff2a70ea","status":0,"value":[{"ELEMENT":"0.5259546607717507-1"}]}
2018-12-03T00:09:53.755Z [[32minfo[39m] 	3 Sending GET request to http://localhost:9516/session/06a2214c063a9fe9e15cd40dff2a70ea/element/0.5259546607717507-1/displayed:  {}
2018-12-03T00:09:53.771Z [[32minfo[39m] 	4 Sending POST request to http://localhost:9516/session/06a2214c063a9fe9e15cd40dff2a70ea/element/0.5259546607717507-1/click:  {}
2018-12-03T00:09:54.777Z [[32minfo[39m] 	5 Sending elements request to http://localhost:9516/session/06a2214c063a9fe9e15cd40dff2a70ea:  {"using":"css selector","value":"__taonly__trueautomationio:home:loginBtn__taonly__"}
2018-12-03T00:09:54.912Z [[32minfo[39m] 	5 Enum nodes response:  {"sessionId":"06a2214c063a9fe9e15cd40dff
2018-12-03T00:09:55.154Z [[32minfo[39m] 	5 Elements locator: {"value":"/*[1]/*[2]/*[1]/*[1]/*[1]/*[2]/*[1]/*[2]/*[1]","using":"xpath"}
2018-12-03T00:09:55.189Z [[32minfo[39m] 	5 Elements response: {"sessionId":"06a2214c063a9fe9e15cd40dff2a70ea","status":0,"value":[{"ELEMENT":"0.43129292288808285-1"}]}
2018-12-03T00:09:55.191Z [[32minfo[39m] 	6 Sending GET request to http://localhost:9516/session/06a2214c063a9fe9e15cd40dff2a70ea/element/0.43129292288808285-1/displayed:  {}
2018-12-03T00:09:55.207Z [[32minfo[39m] 	7 Sending POST request to http://localhost:9516/session/06a2214c063a9fe9e15cd40dff2a70ea/element/0.43129292288808285-1/click:  {}
2018-12-03T00:09:57.171Z [[32minfo[39m] 	8 Sending elements request to http://localhost:9516/session/06a2214c063a9fe9e15cd40dff2a70ea:  {"using":"css selector","value":"__taonly__trueautomationio:auth:singin__taonly__"}
2018-12-03T00:09:57.198Z [[32minfo[39m] 	8 Enum nodes response:  {"sessionId":"06a2214c063a9fe9e15cd40dff
2018-12-03T00:09:57.216Z [[32minfo[39m] 	8 Elements locator: {"value":"/*[1]/*[2]/*[1]/*[1]/*[2]/*[2]","using":"xpath"}
2018-12-03T00:09:57.230Z [[32minfo[39m] 	8 Elements response: {"sessionId":"06a2214c063a9fe9e15cd40dff2a70ea","status":0,"value":[{"ELEMENT":"0.6208558544829994-1"}]}
2018-12-03T00:09:57.232Z [[32minfo[39m] 	9 Sending GET request to http://localhost:9516/session/06a2214c063a9fe9e15cd40dff2a70ea/element/0.6208558544829994-1/displayed:  {}
2018-12-03T00:09:57.248Z [[32minfo[39m] 	10 Sending POST request to http://localhost:9516/session/06a2214c063a9fe9e15cd40dff2a70ea/element/0.6208558544829994-1/click:  {}
2018-12-03T00:09:57.733Z [[32minfo[39m] 	11 Sending elements request to http://localhost:9516/session/06a2214c063a9fe9e15cd40dff2a70ea:  {"using":"xpath","value":"./descendant::*[self::input | self::textarea][not(((((((./@type = 'submit') or (./@type = 'image')) or (./@type = 'radio')) or (./@type = 'checkbox')) or (./@type = 'hidden')) or (./@type = 'file')))][((((./@id = '__taonly__trueautomationio:signup:email__taonly__') or (./@name = '__taonly__trueautomationio:signup:email__taonly__')) or (./@placeholder = '__taonly__trueautomationio:signup:email__taonly__')) or (./@id = //label[(normalize-space(string(.)) = '__taonly__trueautomationio:signup:email__taonly__')]/@for))] | .//label[(normalize-space(string(.)) = '__taonly__trueautomationio:signup:email__taonly__')]//./descendant::*[self::input | self::textarea][not(((((((./@type = 'submit') or (./@type = 'image')) or (./@type = 'radio')) or (./@type = 'checkbox')) or (./@type = 'hidden')) or (./@type = 'file')))]"}
2018-12-03T00:09:57.759Z [[32minfo[39m] 	11 Enum nodes response:  {"sessionId":"06a2214c063a9fe9e15cd40dff
2018-12-03T00:09:57.784Z [[32minfo[39m] 	11 Elements locator: {"value":"/*[1]/*[2]/*[1]/*[2]/*[3]/*[2]/*[1]","using":"xpath"}
2018-12-03T00:09:57.802Z [[32minfo[39m] 	11 Elements response: {"sessionId":"06a2214c063a9fe9e15cd40dff2a70ea","status":0,"value":[{"ELEMENT":"0.4515702014472138-1"}]}
2018-12-03T00:09:57.805Z [[32minfo[39m] 	12 Sending GET request to http://localhost:9516/session/06a2214c063a9fe9e15cd40dff2a70ea/element/0.4515702014472138-1/displayed:  {}
2018-12-03T00:09:57.836Z [[32minfo[39m] 	13 Sending GET request to http://localhost:9516/session/06a2214c063a9fe9e15cd40dff2a70ea/element/0.4515702014472138-1/enabled:  {}
2018-12-03T00:09:57.855Z [[32minfo[39m] 	14 Sending GET request to http://localhost:9516/session/06a2214c063a9fe9e15cd40dff2a70ea/element/0.4515702014472138-1/name:  {}
2018-12-03T00:09:57.868Z [[32minfo[39m] 	15 Sending GET request to http://localhost:9516/session/06a2214c063a9fe9e15cd40dff2a70ea/element/0.4515702014472138-1/attribute/readonly:  {}
2018-12-03T00:09:57.879Z [[32minfo[39m] 	16 Sending GET request to http://localhost:9516/session/06a2214c063a9fe9e15cd40dff2a70ea/element/0.4515702014472138-1/name:  {}
2018-12-03T00:09:57.887Z [[32minfo[39m] 	17 Sending GET request to http://localhost:9516/session/06a2214c063a9fe9e15cd40dff2a70ea/element/0.4515702014472138-1/attribute/type:  {}
2018-12-03T00:09:57.898Z [[32minfo[39m] 	18 Sending POST request to http://localhost:9516/session/06a2214c063a9fe9e15cd40dff2a70ea/execute:  {"script":"arguments[0].value = ''","args":[{"ELEMENT":"0.4515702014472138-1"}]}
2018-12-03T00:09:57.906Z [[32minfo[39m] 	19 Sending POST request to http://localhost:9516/session/06a2214c063a9fe9e15cd40dff2a70ea/element/0.4515702014472138-1/value:  {"value":["1tets@stas.com"]}
2018-12-03T00:09:58.011Z [[32minfo[39m] 	20 Sending elements request to http://localhost:9516/session/06a2214c063a9fe9e15cd40dff2a70ea:  {"using":"css selector","value":"__taonly__trueautomationio:signup__taonly__"}
2018-12-03T00:09:58.023Z [[32minfo[39m] 	20 Enum nodes response:  {"sessionId":"06a2214c063a9fe9e15cd40dff
2018-12-03T00:09:58.035Z [[32minfo[39m] 	20 Elements locator: {"value":"/*[1]/*[2]/*[1]/*[2]/*[3]/*[4]","using":"xpath"}
2018-12-03T00:09:58.049Z [[32minfo[39m] 	20 Elements response: {"sessionId":"06a2214c063a9fe9e15cd40dff2a70ea","status":0,"value":[{"ELEMENT":"0.4515702014472138-2"}]}
2018-12-03T00:09:58.051Z [[32minfo[39m] 	21 Sending GET request to http://localhost:9516/session/06a2214c063a9fe9e15cd40dff2a70ea/element/0.4515702014472138-2/displayed:  {}
2018-12-03T00:09:58.067Z [[32minfo[39m] 	22 Sending POST request to http://localhost:9516/session/06a2214c063a9fe9e15cd40dff2a70ea/element/0.4515702014472138-2/click:  {}
2018-12-03T00:09:58.437Z [[32minfo[39m] 	23 Sending elements request to http://localhost:9516/session/06a2214c063a9fe9e15cd40dff2a70ea:  {"using":"css selector","value":"__taonly__trueautomationio:singup:back__taonly__"}
2018-12-03T00:09:58.504Z [[32minfo[39m] 	23 Enum nodes response:  {"sessionId":"06a2214c063a9fe9e15cd40dff
2018-12-03T00:09:58.531Z [[32minfo[39m] 	23 Elements locator: {"value":"/*[1]/*[2]/*[1]/*[1]/*[1]/*[1]/*[1]/*[1]","using":"xpath"}
2018-12-03T00:09:58.562Z [[32minfo[39m] 	23 Elements response: {"sessionId":"06a2214c063a9fe9e15cd40dff2a70ea","status":0,"value":[{"ELEMENT":"0.22369147572414327-1"}]}
2018-12-03T00:09:58.569Z [[32minfo[39m] 	24 Sending GET request to http://localhost:9516/session/06a2214c063a9fe9e15cd40dff2a70ea/element/0.22369147572414327-1/displayed:  {}
2018-12-03T00:09:58.604Z [[32minfo[39m] 	25 Sending POST request to http://localhost:9516/session/06a2214c063a9fe9e15cd40dff2a70ea/element/0.22369147572414327-1/click:  {}
2018-12-03T00:10:02.275Z [[32minfo[39m] 	26 Sending GET request to http://localhost:9516/session/06a2214c063a9fe9e15cd40dff2a70ea/window_handles:  {}
2018-12-03T00:10:02.281Z [[32minfo[39m] 	27 Sending POST request to http://localhost:9516/session/06a2214c063a9fe9e15cd40dff2a70ea/window:  {"name":"CDwindow-149CB784D507A3A2220C01AAF907E9E7"}
2018-12-03T00:10:02.287Z [[32minfo[39m] 	28 Sending GET request to http://localhost:9516/session/06a2214c063a9fe9e15cd40dff2a70ea/window_handles:  {}
2018-12-03T00:10:02.292Z [[32minfo[39m] 	29 Sending POST request to http://localhost:9516/session/06a2214c063a9fe9e15cd40dff2a70ea/goog/cdp/execute:  {"cmd":"Network.clearBrowserCookies","params":{}}
2018-12-03T00:10:02.308Z [[32minfo[39m] 	30 Sending DELETE request to http://localhost:9516/session/06a2214c063a9fe9e15cd40dff2a70ea/session_storage:  {}
2018-12-03T00:10:02.314Z [[32minfo[39m] 	31 Sending DELETE request to http://localhost:9516/session/06a2214c063a9fe9e15cd40dff2a70ea/local_storage:  {}
2018-12-03T00:10:02.320Z [[32minfo[39m] 	32 Sending POST request to http://localhost:9516/session/06a2214c063a9fe9e15cd40dff2a70ea/url:  {"url":"about:blank"}
2018-12-03T00:10:02.375Z [[32minfo[39m] 	33 Sending elements request to http://localhost:9516/session/06a2214c063a9fe9e15cd40dff2a70ea:  {"using":"xpath","value":"/html/body/*"}
2018-12-03T00:10:02.376Z [[32minfo[39m] 	33 Elements locator: {"value":"/html/body/*","using":"xpath"}
2018-12-03T00:10:02.392Z [[32minfo[39m] 	33 Elements response: {"sessionId":"06a2214c063a9fe9e15cd40dff2a70ea","status":0,"value":[]}
2018-12-03T00:10:02.400Z [[32minfo[39m] 	34 Sending DELETE request to http://localhost:9516/session/06a2214c063a9fe9e15cd40dff2a70ea:  {}
2018-12-03T00:10:02.495Z [[32minfo[39m] 	Sync elements
2018-12-03T00:10:03.052Z [[32minfo[39m] 	Stopping driver
