2018-12-03T00:48:11.306Z [[32minfo[39m] 	Starting TrueAutomation.IO client
2018-12-03T00:48:11.307Z [[32minfo[39m] 	API key: cf2038a3-013f-4b20-9362-8f0c1b91919d
2018-12-03T00:48:11.307Z [[32minfo[39m] 	Project name: TAEP-homepage
2018-12-03T00:48:11.308Z [[32minfo[39m] 	Cloud server: https://app.trueautomation.io
2018-12-03T00:48:11.308Z [[32minfo[39m] 	Starting chromeDriver /Users/delight/.trueautomation/chromedriver/chromedriver_mac64_2.44 on port 9516...
2018-12-03T00:48:11.724Z [[32minfo[39m] 	TrueAutomation.IO Client is listening on port 9515
2018-12-03T00:48:13.388Z [[32minfo[39m] 	0 Create session response: {"sessionId":"9ff8cc99104320d032f2f3a08af938cb","status":0,"value":{"acceptInsecureCerts":false,"acceptSslCerts":false,"applicationCacheEnabled":false,"browserConnectionEnabled":false,"browserName":"chrome","chrome":{"chromedriverVersion":"2.44.609545 (c2f88692e98ce7233d2df7c724465ecacfe74df5)","userDataDir":"/var/folders/s2/z5gqzlh91gq2thydw9h4p3yh0000gn/T/.org.chromium.Chromium.CWAFhe"},"cssSelectorsEnabled":true,"databaseEnabled":false,"goog:chromeOptions":{"debuggerAddress":"localhost:60819"},"handlesAlerts":true,"hasTouchScreen":false,"javascriptEnabled":true,"locationContextEnabled":true,"mobileEmulationEnabled":false,"nativeEvents":true,"networkConnectionEnabled":false,"pageLoadStrategy":"normal","platform":"Mac OS X","rotatable":false,"setWindowRect":true,"takesHeapSnapshot":true,"takesScreenshot":true,"unexpectedAlertBehaviour":"ignore","version":"70.0.3538.110","webStorageEnabled":true}}
2018-12-03T00:48:13.406Z [[32minfo[39m] 	1 Sending POST request to http://localhost:9516/session/9ff8cc99104320d032f2f3a08af938cb/url:  {"url":"https://trueautomation.io/"}
2018-12-03T00:48:20.221Z [[32minfo[39m] 	2 Sending elements request to http://localhost:9516/session/9ff8cc99104320d032f2f3a08af938cb:  {"using":"xpath","value":"./descendant::*[self::input | self::textarea][not(((((((./@type = 'submit') or (./@type = 'image')) or (./@type = 'radio')) or (./@type = 'checkbox')) or (./@type = 'hidden')) or (./@type = 'file')))][((((./@id = '__taonly__trueautomationio:home:SFFemail__taonly__') or (./@name = '__taonly__trueautomationio:home:SFFemail__taonly__')) or (./@placeholder = '__taonly__trueautomationio:home:SFFemail__taonly__')) or (./@id = //label[(normalize-space(string(.)) = '__taonly__trueautomationio:home:SFFemail__taonly__')]/@for))] | .//label[(normalize-space(string(.)) = '__taonly__trueautomationio:home:SFFemail__taonly__')]//./descendant::*[self::input | self::textarea][not(((((((./@type = 'submit') or (./@type = 'image')) or (./@type = 'radio')) or (./@type = 'checkbox')) or (./@type = 'hidden')) or (./@type = 'file')))]"}
2018-12-03T00:48:20.369Z [[32minfo[39m] 	2 Enum nodes response:  {"sessionId":"9ff8cc99104320d032f2f3a08a
2018-12-03T00:48:20.642Z [[32minfo[39m] 	2 Elements locator: {"value":"/*[1]/*[2]/*[1]/*[6]/*[2]/*[1]/*[3]/*[1]/*[1]/*[1]","using":"xpath"}
2018-12-03T00:48:20.693Z [[32minfo[39m] 	2 Elements response: {"sessionId":"9ff8cc99104320d032f2f3a08af938cb","status":0,"value":[{"ELEMENT":"0.7732287388569039-1"}]}
2018-12-03T00:48:20.697Z [[32minfo[39m] 	3 Sending GET request to http://localhost:9516/session/9ff8cc99104320d032f2f3a08af938cb/element/0.7732287388569039-1/displayed:  {}
2018-12-03T00:48:20.717Z [[32minfo[39m] 	4 Sending GET request to http://localhost:9516/session/9ff8cc99104320d032f2f3a08af938cb/element/0.7732287388569039-1/enabled:  {}
2018-12-03T00:48:20.729Z [[32minfo[39m] 	5 Sending GET request to http://localhost:9516/session/9ff8cc99104320d032f2f3a08af938cb/element/0.7732287388569039-1/name:  {}
2018-12-03T00:48:20.736Z [[32minfo[39m] 	6 Sending GET request to http://localhost:9516/session/9ff8cc99104320d032f2f3a08af938cb/element/0.7732287388569039-1/attribute/readonly:  {}
2018-12-03T00:48:20.745Z [[32minfo[39m] 	7 Sending GET request to http://localhost:9516/session/9ff8cc99104320d032f2f3a08af938cb/element/0.7732287388569039-1/name:  {}
2018-12-03T00:48:20.751Z [[32minfo[39m] 	8 Sending GET request to http://localhost:9516/session/9ff8cc99104320d032f2f3a08af938cb/element/0.7732287388569039-1/attribute/type:  {}
2018-12-03T00:48:20.761Z [[32minfo[39m] 	9 Sending POST request to http://localhost:9516/session/9ff8cc99104320d032f2f3a08af938cb/execute:  {"script":"arguments[0].value = ''","args":[{"ELEMENT":"0.7732287388569039-1"}]}
2018-12-03T00:48:20.770Z [[32minfo[39m] 	10 Sending POST request to http://localhost:9516/session/9ff8cc99104320d032f2f3a08af938cb/element/0.7732287388569039-1/value:  {"value":["qa@test.com"]}
2018-12-03T00:48:20.922Z [[32minfo[39m] 	11 Sending elements request to http://localhost:9516/session/9ff8cc99104320d032f2f3a08af938cb:  {"using":"xpath","value":"./descendant::*[self::input | self::textarea][not(((((((./@type = 'submit') or (./@type = 'image')) or (./@type = 'radio')) or (./@type = 'checkbox')) or (./@type = 'hidden')) or (./@type = 'file')))][((((./@id = '__taonly__trueautomationio:home:SFFemailTop__taonly__') or (./@name = '__taonly__trueautomationio:home:SFFemailTop__taonly__')) or (./@placeholder = '__taonly__trueautomationio:home:SFFemailTop__taonly__')) or (./@id = //label[(normalize-space(string(.)) = '__taonly__trueautomationio:home:SFFemailTop__taonly__')]/@for))] | .//label[(normalize-space(string(.)) = '__taonly__trueautomationio:home:SFFemailTop__taonly__')]//./descendant::*[self::input | self::textarea][not(((((((./@type = 'submit') or (./@type = 'image')) or (./@type = 'radio')) or (./@type = 'checkbox')) or (./@type = 'hidden')) or (./@type = 'file')))]"}
2018-12-03T00:48:21.054Z [[32minfo[39m] 	11 Enum nodes response:  {"sessionId":"9ff8cc99104320d032f2f3a08a
2018-12-03T00:48:21.295Z [[32minfo[39m] 	11 Elements locator: {"value":"/*[1]/*[2]/*[1]/*[2]/*[1]/*[1]/*[3]/*[1]/*[1]/*[1]","using":"xpath"}
2018-12-03T00:48:21.333Z [[32minfo[39m] 	11 Elements response: {"sessionId":"9ff8cc99104320d032f2f3a08af938cb","status":0,"value":[{"ELEMENT":"0.7732287388569039-2"}]}
2018-12-03T00:48:21.336Z [[32minfo[39m] 	12 Sending GET request to http://localhost:9516/session/9ff8cc99104320d032f2f3a08af938cb/element/0.7732287388569039-2/displayed:  {}
2018-12-03T00:48:21.353Z [[32minfo[39m] 	13 Sending GET request to http://localhost:9516/session/9ff8cc99104320d032f2f3a08af938cb/element/0.7732287388569039-2/enabled:  {}
2018-12-03T00:48:21.366Z [[32minfo[39m] 	14 Sending GET request to http://localhost:9516/session/9ff8cc99104320d032f2f3a08af938cb/element/0.7732287388569039-2/name:  {}
2018-12-03T00:48:21.373Z [[32minfo[39m] 	15 Sending GET request to http://localhost:9516/session/9ff8cc99104320d032f2f3a08af938cb/element/0.7732287388569039-2/attribute/readonly:  {}
2018-12-03T00:48:21.383Z [[32minfo[39m] 	16 Sending GET request to http://localhost:9516/session/9ff8cc99104320d032f2f3a08af938cb/element/0.7732287388569039-2/name:  {}
2018-12-03T00:48:21.392Z [[32minfo[39m] 	17 Sending GET request to http://localhost:9516/session/9ff8cc99104320d032f2f3a08af938cb/element/0.7732287388569039-2/attribute/type:  {}
2018-12-03T00:48:21.401Z [[32minfo[39m] 	18 Sending POST request to http://localhost:9516/session/9ff8cc99104320d032f2f3a08af938cb/execute:  {"script":"arguments[0].value = ''","args":[{"ELEMENT":"0.7732287388569039-2"}]}
2018-12-03T00:48:21.409Z [[32minfo[39m] 	19 Sending POST request to http://localhost:9516/session/9ff8cc99104320d032f2f3a08af938cb/element/0.7732287388569039-2/value:  {"value":["qa@test.com"]}
2018-12-03T00:48:21.502Z [[32minfo[39m] 	20 Sending elements request to http://localhost:9516/session/9ff8cc99104320d032f2f3a08af938cb:  {"using":"css selector","value":"__taonly__trueautomationio:home:SFFokButton__taonly__"}
2018-12-03T00:48:21.625Z [[32minfo[39m] 	20 Enum nodes response:  {"sessionId":"9ff8cc99104320d032f2f3a08a
2018-12-03T00:48:21.880Z [[32minfo[39m] 	20 Elements locator: {"value":"/*[1]/*[2]/*[1]/*[2]/*[1]/*[1]/*[3]/*[1]/*[2]","using":"xpath"}
2018-12-03T00:48:21.916Z [[32minfo[39m] 	20 Elements response: {"sessionId":"9ff8cc99104320d032f2f3a08af938cb","status":0,"value":[{"ELEMENT":"0.7732287388569039-3"}]}
2018-12-03T00:48:21.919Z [[32minfo[39m] 	21 Sending GET request to http://localhost:9516/session/9ff8cc99104320d032f2f3a08af938cb/element/0.7732287388569039-3/displayed:  {}
2018-12-03T00:48:21.934Z [[32minfo[39m] 	22 Sending POST request to http://localhost:9516/session/9ff8cc99104320d032f2f3a08af938cb/element/0.7732287388569039-3/click:  {}
2018-12-03T00:48:26.074Z [[32minfo[39m] 	23 Sending elements request to http://localhost:9516/session/9ff8cc99104320d032f2f3a08af938cb:  {"using":"css selector","value":"__taonly__trueautomationio:auth:signup:SingUpBtn__taonly__"}
2018-12-03T00:48:26.093Z [[32minfo[39m] 	23 Enum nodes response:  {"sessionId":"9ff8cc99104320d032f2f3a08a
2018-12-03T00:48:26.120Z [[32minfo[39m] 	23 Element not found
2018-12-03T00:48:26.120Z [[32minfo[39m] 	23 Elements locator: {"error":"NOT_FOUND"}
2018-12-03T00:48:26.181Z [[32minfo[39m] 	24 Sending elements request to http://localhost:9516/session/9ff8cc99104320d032f2f3a08af938cb:  {"using":"css selector","value":"__taonly__trueautomationio:auth:signup:SingUpBtn__taonly__"}
2018-12-03T00:48:26.196Z [[32minfo[39m] 	24 Enum nodes response:  {"sessionId":"9ff8cc99104320d032f2f3a08a
2018-12-03T00:48:26.216Z [[32minfo[39m] 	24 Element not found
2018-12-03T00:48:26.216Z [[32minfo[39m] 	24 Elements locator: {"error":"NOT_FOUND"}
2018-12-03T00:48:26.271Z [[32minfo[39m] 	25 Sending elements request to http://localhost:9516/session/9ff8cc99104320d032f2f3a08af938cb:  {"using":"css selector","value":"__taonly__trueautomationio:auth:signup:SingUpBtn__taonly__"}
2018-12-03T00:48:26.284Z [[32minfo[39m] 	25 Enum nodes response:  {"sessionId":"9ff8cc99104320d032f2f3a08a
2018-12-03T00:48:26.305Z [[32minfo[39m] 	25 Element not found
2018-12-03T00:48:26.305Z [[32minfo[39m] 	25 Elements locator: {"error":"NOT_FOUND"}
2018-12-03T00:48:26.359Z [[32minfo[39m] 	26 Sending elements request to http://localhost:9516/session/9ff8cc99104320d032f2f3a08af938cb:  {"using":"css selector","value":"__taonly__trueautomationio:auth:signup:SingUpBtn__taonly__"}
2018-12-03T00:48:26.372Z [[32minfo[39m] 	26 Enum nodes response:  {"sessionId":"9ff8cc99104320d032f2f3a08a
2018-12-03T00:48:26.391Z [[32minfo[39m] 	26 Element not found
2018-12-03T00:48:26.391Z [[32minfo[39m] 	26 Elements locator: {"error":"NOT_FOUND"}
2018-12-03T00:48:26.449Z [[32minfo[39m] 	27 Sending elements request to http://localhost:9516/session/9ff8cc99104320d032f2f3a08af938cb:  {"using":"css selector","value":"__taonly__trueautomationio:auth:signup:SingUpBtn__taonly__"}
2018-12-03T00:48:26.463Z [[32minfo[39m] 	27 Enum nodes response:  {"sessionId":"9ff8cc99104320d032f2f3a08a
2018-12-03T00:48:26.483Z [[32minfo[39m] 	27 Element not found
2018-12-03T00:48:26.483Z [[32minfo[39m] 	27 Elements locator: {"error":"NOT_FOUND"}
2018-12-03T00:48:26.541Z [[32minfo[39m] 	28 Sending elements request to http://localhost:9516/session/9ff8cc99104320d032f2f3a08af938cb:  {"using":"css selector","value":"__taonly__trueautomationio:auth:signup:SingUpBtn__taonly__"}
2018-12-03T00:48:26.555Z [[32minfo[39m] 	28 Enum nodes response:  {"sessionId":"9ff8cc99104320d032f2f3a08a
2018-12-03T00:48:26.575Z [[32minfo[39m] 	28 Element not found
2018-12-03T00:48:26.575Z [[32minfo[39m] 	28 Elements locator: {"error":"NOT_FOUND"}
2018-12-03T00:48:26.631Z [[32minfo[39m] 	29 Sending elements request to http://localhost:9516/session/9ff8cc99104320d032f2f3a08af938cb:  {"using":"css selector","value":"__taonly__trueautomationio:auth:signup:SingUpBtn__taonly__"}
2018-12-03T00:48:26.644Z [[32minfo[39m] 	29 Enum nodes response:  {"sessionId":"9ff8cc99104320d032f2f3a08a
2018-12-03T00:48:26.663Z [[32minfo[39m] 	29 Element not found
2018-12-03T00:48:26.663Z [[32minfo[39m] 	29 Elements locator: {"error":"NOT_FOUND"}
2018-12-03T00:48:26.719Z [[32minfo[39m] 	30 Sending elements request to http://localhost:9516/session/9ff8cc99104320d032f2f3a08af938cb:  {"using":"css selector","value":"__taonly__trueautomationio:auth:signup:SingUpBtn__taonly__"}
2018-12-03T00:48:26.733Z [[32minfo[39m] 	30 Enum nodes response:  {"sessionId":"9ff8cc99104320d032f2f3a08a
2018-12-03T00:48:26.752Z [[32minfo[39m] 	30 Element not found
2018-12-03T00:48:26.752Z [[32minfo[39m] 	30 Elements locator: {"error":"NOT_FOUND"}
2018-12-03T00:48:26.810Z [[32minfo[39m] 	31 Sending elements request to http://localhost:9516/session/9ff8cc99104320d032f2f3a08af938cb:  {"using":"css selector","value":"__taonly__trueautomationio:auth:signup:SingUpBtn__taonly__"}
2018-12-03T00:48:26.823Z [[32minfo[39m] 	31 Enum nodes response:  {"sessionId":"9ff8cc99104320d032f2f3a08a
2018-12-03T00:48:26.841Z [[32minfo[39m] 	31 Element not found
2018-12-03T00:48:26.841Z [[32minfo[39m] 	31 Elements locator: {"error":"NOT_FOUND"}
2018-12-03T00:48:26.900Z [[32minfo[39m] 	32 Sending elements request to http://localhost:9516/session/9ff8cc99104320d032f2f3a08af938cb:  {"using":"css selector","value":"__taonly__trueautomationio:auth:signup:SingUpBtn__taonly__"}
2018-12-03T00:48:26.914Z [[32minfo[39m] 	32 Enum nodes response:  {"sessionId":"9ff8cc99104320d032f2f3a08a
2018-12-03T00:48:26.933Z [[32minfo[39m] 	32 Element not found
2018-12-03T00:48:26.933Z [[32minfo[39m] 	32 Elements locator: {"error":"NOT_FOUND"}
2018-12-03T00:48:26.988Z [[32minfo[39m] 	33 Sending elements request to http://localhost:9516/session/9ff8cc99104320d032f2f3a08af938cb:  {"using":"css selector","value":"__taonly__trueautomationio:auth:signup:SingUpBtn__taonly__"}
2018-12-03T00:48:27.002Z [[32minfo[39m] 	33 Enum nodes response:  {"sessionId":"9ff8cc99104320d032f2f3a08a
2018-12-03T00:48:27.021Z [[32minfo[39m] 	33 Element not found
2018-12-03T00:48:27.021Z [[32minfo[39m] 	33 Elements locator: {"error":"NOT_FOUND"}
2018-12-03T00:48:27.079Z [[32minfo[39m] 	34 Sending elements request to http://localhost:9516/session/9ff8cc99104320d032f2f3a08af938cb:  {"using":"css selector","value":"__taonly__trueautomationio:auth:signup:SingUpBtn__taonly__"}
2018-12-03T00:48:27.095Z [[32minfo[39m] 	34 Enum nodes response:  {"sessionId":"9ff8cc99104320d032f2f3a08a
2018-12-03T00:48:27.114Z [[32minfo[39m] 	34 Element not found
2018-12-03T00:48:27.114Z [[32minfo[39m] 	34 Elements locator: {"error":"NOT_FOUND"}
2018-12-03T00:48:27.174Z [[32minfo[39m] 	35 Sending elements request to http://localhost:9516/session/9ff8cc99104320d032f2f3a08af938cb:  {"using":"css selector","value":"__taonly__trueautomationio:auth:signup:SingUpBtn__taonly__"}
2018-12-03T00:48:27.189Z [[32minfo[39m] 	35 Enum nodes response:  {"sessionId":"9ff8cc99104320d032f2f3a08a
2018-12-03T00:48:27.208Z [[32minfo[39m] 	35 Element not found
2018-12-03T00:48:27.208Z [[32minfo[39m] 	35 Elements locator: {"error":"NOT_FOUND"}
2018-12-03T00:48:27.267Z [[32minfo[39m] 	36 Sending elements request to http://localhost:9516/session/9ff8cc99104320d032f2f3a08af938cb:  {"using":"css selector","value":"__taonly__trueautomationio:auth:signup:SingUpBtn__taonly__"}
2018-12-03T00:48:27.282Z [[32minfo[39m] 	36 Enum nodes response:  {"sessionId":"9ff8cc99104320d032f2f3a08a
2018-12-03T00:48:27.303Z [[32minfo[39m] 	36 Element not found
2018-12-03T00:48:27.303Z [[32minfo[39m] 	36 Elements locator: {"error":"NOT_FOUND"}
2018-12-03T00:48:27.361Z [[32minfo[39m] 	37 Sending elements request to http://localhost:9516/session/9ff8cc99104320d032f2f3a08af938cb:  {"using":"css selector","value":"__taonly__trueautomationio:auth:signup:SingUpBtn__taonly__"}
2018-12-03T00:48:27.381Z [[32minfo[39m] 	37 Enum nodes response:  {"sessionId":"9ff8cc99104320d032f2f3a08a
2018-12-03T00:48:27.401Z [[32minfo[39m] 	37 Element not found
2018-12-03T00:48:27.401Z [[32minfo[39m] 	37 Elements locator: {"error":"NOT_FOUND"}
2018-12-03T00:48:27.454Z [[32minfo[39m] 	38 Sending elements request to http://localhost:9516/session/9ff8cc99104320d032f2f3a08af938cb:  {"using":"css selector","value":"__taonly__trueautomationio:auth:signup:SingUpBtn__taonly__"}
2018-12-03T00:48:27.467Z [[32minfo[39m] 	38 Enum nodes response:  {"sessionId":"9ff8cc99104320d032f2f3a08a
2018-12-03T00:48:27.489Z [[32minfo[39m] 	38 Element not found
2018-12-03T00:48:27.489Z [[32minfo[39m] 	38 Elements locator: {"error":"NOT_FOUND"}
2018-12-03T00:48:27.548Z [[32minfo[39m] 	39 Sending elements request to http://localhost:9516/session/9ff8cc99104320d032f2f3a08af938cb:  {"using":"css selector","value":"__taonly__trueautomationio:auth:signup:SingUpBtn__taonly__"}
2018-12-03T00:48:27.560Z [[32minfo[39m] 	39 Enum nodes response:  {"sessionId":"9ff8cc99104320d032f2f3a08a
2018-12-03T00:48:27.579Z [[32minfo[39m] 	39 Element not found
2018-12-03T00:48:27.579Z [[32minfo[39m] 	39 Elements locator: {"error":"NOT_FOUND"}
2018-12-03T00:48:27.632Z [[32minfo[39m] 	40 Sending elements request to http://localhost:9516/session/9ff8cc99104320d032f2f3a08af938cb:  {"using":"css selector","value":"__taonly__trueautomationio:auth:signup:SingUpBtn__taonly__"}
2018-12-03T00:48:27.645Z [[32minfo[39m] 	40 Enum nodes response:  {"sessionId":"9ff8cc99104320d032f2f3a08a
2018-12-03T00:48:27.664Z [[32minfo[39m] 	40 Element not found
2018-12-03T00:48:27.664Z [[32minfo[39m] 	40 Elements locator: {"error":"NOT_FOUND"}
2018-12-03T00:48:27.723Z [[32minfo[39m] 	41 Sending elements request to http://localhost:9516/session/9ff8cc99104320d032f2f3a08af938cb:  {"using":"css selector","value":"__taonly__trueautomationio:auth:signup:SingUpBtn__taonly__"}
2018-12-03T00:48:27.736Z [[32minfo[39m] 	41 Enum nodes response:  {"sessionId":"9ff8cc99104320d032f2f3a08a
2018-12-03T00:48:27.754Z [[32minfo[39m] 	41 Element not found
2018-12-03T00:48:27.755Z [[32minfo[39m] 	41 Elements locator: {"error":"NOT_FOUND"}
2018-12-03T00:48:27.810Z [[32minfo[39m] 	42 Sending elements request to http://localhost:9516/session/9ff8cc99104320d032f2f3a08af938cb:  {"using":"css selector","value":"__taonly__trueautomationio:auth:signup:SingUpBtn__taonly__"}
2018-12-03T00:48:27.823Z [[32minfo[39m] 	42 Enum nodes response:  {"sessionId":"9ff8cc99104320d032f2f3a08a
2018-12-03T00:48:27.842Z [[32minfo[39m] 	42 Element not found
2018-12-03T00:48:27.842Z [[32minfo[39m] 	42 Elements locator: {"error":"NOT_FOUND"}
2018-12-03T00:48:27.899Z [[32minfo[39m] 	43 Sending elements request to http://localhost:9516/session/9ff8cc99104320d032f2f3a08af938cb:  {"using":"css selector","value":"__taonly__trueautomationio:auth:signup:SingUpBtn__taonly__"}
2018-12-03T00:48:27.914Z [[32minfo[39m] 	43 Enum nodes response:  {"sessionId":"9ff8cc99104320d032f2f3a08a
2018-12-03T00:48:27.933Z [[32minfo[39m] 	43 Element not found
2018-12-03T00:48:27.933Z [[32minfo[39m] 	43 Elements locator: {"error":"NOT_FOUND"}
2018-12-03T00:48:27.991Z [[32minfo[39m] 	44 Sending elements request to http://localhost:9516/session/9ff8cc99104320d032f2f3a08af938cb:  {"using":"css selector","value":"__taonly__trueautomationio:auth:signup:SingUpBtn__taonly__"}
2018-12-03T00:48:28.004Z [[32minfo[39m] 	44 Enum nodes response:  {"sessionId":"9ff8cc99104320d032f2f3a08a
2018-12-03T00:48:28.024Z [[32minfo[39m] 	44 Element not found
2018-12-03T00:48:28.025Z [[32minfo[39m] 	44 Elements locator: {"error":"NOT_FOUND"}
2018-12-03T00:48:28.079Z [[32minfo[39m] 	45 Sending elements request to http://localhost:9516/session/9ff8cc99104320d032f2f3a08af938cb:  {"using":"css selector","value":"__taonly__trueautomationio:auth:signup:SingUpBtn__taonly__"}
2018-12-03T00:48:28.092Z [[32minfo[39m] 	45 Enum nodes response:  {"sessionId":"9ff8cc99104320d032f2f3a08a
2018-12-03T00:48:28.111Z [[32minfo[39m] 	45 Element not found
2018-12-03T00:48:28.111Z [[32minfo[39m] 	45 Elements locator: {"error":"NOT_FOUND"}
2018-12-03T00:48:28.168Z [[32minfo[39m] 	46 Sending elements request to http://localhost:9516/session/9ff8cc99104320d032f2f3a08af938cb:  {"using":"css selector","value":"__taonly__trueautomationio:auth:signup:SingUpBtn__taonly__"}
2018-12-03T00:48:28.181Z [[32minfo[39m] 	46 Enum nodes response:  {"sessionId":"9ff8cc99104320d032f2f3a08a
2018-12-03T00:48:28.199Z [[32minfo[39m] 	46 Element not found
2018-12-03T00:48:28.199Z [[32minfo[39m] 	46 Elements locator: {"error":"NOT_FOUND"}
2018-12-03T00:48:28.253Z [[32minfo[39m] 	47 Sending elements request to http://localhost:9516/session/9ff8cc99104320d032f2f3a08af938cb:  {"using":"css selector","value":"__taonly__trueautomationio:auth:signup:SingUpBtn__taonly__"}
2018-12-03T00:48:28.266Z [[32minfo[39m] 	47 Enum nodes response:  {"sessionId":"9ff8cc99104320d032f2f3a08a
2018-12-03T00:48:28.285Z [[32minfo[39m] 	47 Element not found
2018-12-03T00:48:28.285Z [[32minfo[39m] 	47 Elements locator: {"error":"NOT_FOUND"}
2018-12-03T00:48:28.341Z [[32minfo[39m] 	48 Sending elements request to http://localhost:9516/session/9ff8cc99104320d032f2f3a08af938cb:  {"using":"css selector","value":"__taonly__trueautomationio:auth:signup:SingUpBtn__taonly__"}
2018-12-03T00:48:28.354Z [[32minfo[39m] 	48 Enum nodes response:  {"sessionId":"9ff8cc99104320d032f2f3a08a
2018-12-03T00:48:28.372Z [[32minfo[39m] 	48 Element not found
2018-12-03T00:48:28.372Z [[32minfo[39m] 	48 Elements locator: {"error":"NOT_FOUND"}
2018-12-03T00:48:28.431Z [[32minfo[39m] 	49 Sending elements request to http://localhost:9516/session/9ff8cc99104320d032f2f3a08af938cb:  {"using":"css selector","value":"__taonly__trueautomationio:auth:signup:SingUpBtn__taonly__"}
2018-12-03T00:48:28.445Z [[32minfo[39m] 	49 Enum nodes response:  {"sessionId":"9ff8cc99104320d032f2f3a08a
2018-12-03T00:48:28.467Z [[32minfo[39m] 	49 Element not found
2018-12-03T00:48:28.467Z [[32minfo[39m] 	49 Elements locator: {"error":"NOT_FOUND"}
2018-12-03T00:48:28.525Z [[32minfo[39m] 	50 Sending elements request to http://localhost:9516/session/9ff8cc99104320d032f2f3a08af938cb:  {"using":"css selector","value":"__taonly__trueautomationio:auth:signup:SingUpBtn__taonly__"}
2018-12-03T00:48:28.540Z [[32minfo[39m] 	50 Enum nodes response:  {"sessionId":"9ff8cc99104320d032f2f3a08a
2018-12-03T00:48:28.559Z [[32minfo[39m] 	50 Element not found
2018-12-03T00:48:28.559Z [[32minfo[39m] 	50 Elements locator: {"error":"NOT_FOUND"}
2018-12-03T00:48:28.612Z [[32minfo[39m] 	51 Sending elements request to http://localhost:9516/session/9ff8cc99104320d032f2f3a08af938cb:  {"using":"css selector","value":"__taonly__trueautomationio:auth:signup:SingUpBtn__taonly__"}
2018-12-03T00:48:28.626Z [[32minfo[39m] 	51 Enum nodes response:  {"sessionId":"9ff8cc99104320d032f2f3a08a
2018-12-03T00:48:28.645Z [[32minfo[39m] 	51 Element not found
2018-12-03T00:48:28.645Z [[32minfo[39m] 	51 Elements locator: {"error":"NOT_FOUND"}
2018-12-03T00:48:28.703Z [[32minfo[39m] 	52 Sending elements request to http://localhost:9516/session/9ff8cc99104320d032f2f3a08af938cb:  {"using":"css selector","value":"__taonly__trueautomationio:auth:signup:SingUpBtn__taonly__"}
2018-12-03T00:48:28.716Z [[32minfo[39m] 	52 Enum nodes response:  {"sessionId":"9ff8cc99104320d032f2f3a08a
2018-12-03T00:48:28.735Z [[32minfo[39m] 	52 Element not found
2018-12-03T00:48:28.735Z [[32minfo[39m] 	52 Elements locator: {"error":"NOT_FOUND"}
2018-12-03T00:48:28.793Z [[32minfo[39m] 	53 Sending elements request to http://localhost:9516/session/9ff8cc99104320d032f2f3a08af938cb:  {"using":"css selector","value":"__taonly__trueautomationio:auth:signup:SingUpBtn__taonly__"}
2018-12-03T00:48:28.806Z [[32minfo[39m] 	53 Enum nodes response:  {"sessionId":"9ff8cc99104320d032f2f3a08a
2018-12-03T00:48:28.825Z [[32minfo[39m] 	53 Element not found
2018-12-03T00:48:28.826Z [[32minfo[39m] 	53 Elements locator: {"error":"NOT_FOUND"}
2018-12-03T00:48:28.884Z [[32minfo[39m] 	54 Sending elements request to http://localhost:9516/session/9ff8cc99104320d032f2f3a08af938cb:  {"using":"css selector","value":"__taonly__trueautomationio:auth:signup:SingUpBtn__taonly__"}
2018-12-03T00:48:28.897Z [[32minfo[39m] 	54 Enum nodes response:  {"sessionId":"9ff8cc99104320d032f2f3a08a
2018-12-03T00:48:28.916Z [[32minfo[39m] 	54 Element not found
2018-12-03T00:48:28.916Z [[32minfo[39m] 	54 Elements locator: {"error":"NOT_FOUND"}
2018-12-03T00:48:28.969Z [[32minfo[39m] 	55 Sending elements request to http://localhost:9516/session/9ff8cc99104320d032f2f3a08af938cb:  {"using":"css selector","value":"__taonly__trueautomationio:auth:signup:SingUpBtn__taonly__"}
2018-12-03T00:48:28.983Z [[32minfo[39m] 	55 Enum nodes response:  {"sessionId":"9ff8cc99104320d032f2f3a08a
2018-12-03T00:48:29.002Z [[32minfo[39m] 	55 Element not found
2018-12-03T00:48:29.002Z [[32minfo[39m] 	55 Elements locator: {"error":"NOT_FOUND"}
2018-12-03T00:48:29.058Z [[32minfo[39m] 	56 Sending elements request to http://localhost:9516/session/9ff8cc99104320d032f2f3a08af938cb:  {"using":"css selector","value":"__taonly__trueautomationio:auth:signup:SingUpBtn__taonly__"}
2018-12-03T00:48:29.070Z [[32minfo[39m] 	56 Enum nodes response:  {"sessionId":"9ff8cc99104320d032f2f3a08a
2018-12-03T00:48:29.089Z [[32minfo[39m] 	56 Element not found
2018-12-03T00:48:29.089Z [[32minfo[39m] 	56 Elements locator: {"error":"NOT_FOUND"}
2018-12-03T00:48:29.147Z [[32minfo[39m] 	57 Sending elements request to http://localhost:9516/session/9ff8cc99104320d032f2f3a08af938cb:  {"using":"css selector","value":"__taonly__trueautomationio:auth:signup:SingUpBtn__taonly__"}
2018-12-03T00:48:29.162Z [[32minfo[39m] 	57 Enum nodes response:  {"sessionId":"9ff8cc99104320d032f2f3a08a
2018-12-03T00:48:29.181Z [[32minfo[39m] 	57 Element not found
2018-12-03T00:48:29.182Z [[32minfo[39m] 	57 Elements locator: {"error":"NOT_FOUND"}
2018-12-03T00:48:29.241Z [[32minfo[39m] 	58 Sending elements request to http://localhost:9516/session/9ff8cc99104320d032f2f3a08af938cb:  {"using":"css selector","value":"__taonly__trueautomationio:auth:signup:SingUpBtn__taonly__"}
2018-12-03T00:48:29.253Z [[32minfo[39m] 	58 Enum nodes response:  {"sessionId":"9ff8cc99104320d032f2f3a08a
2018-12-03T00:48:29.274Z [[32minfo[39m] 	58 Element not found
2018-12-03T00:48:29.274Z [[32minfo[39m] 	58 Elements locator: {"error":"NOT_FOUND"}
2018-12-03T00:48:29.331Z [[32minfo[39m] 	59 Sending elements request to http://localhost:9516/session/9ff8cc99104320d032f2f3a08af938cb:  {"using":"css selector","value":"__taonly__trueautomationio:auth:signup:SingUpBtn__taonly__"}
2018-12-03T00:48:29.344Z [[32minfo[39m] 	59 Enum nodes response:  {"sessionId":"9ff8cc99104320d032f2f3a08a
2018-12-03T00:48:29.363Z [[32minfo[39m] 	59 Element not found
2018-12-03T00:48:29.363Z [[32minfo[39m] 	59 Elements locator: {"error":"NOT_FOUND"}
2018-12-03T00:48:29.422Z [[32minfo[39m] 	60 Sending elements request to http://localhost:9516/session/9ff8cc99104320d032f2f3a08af938cb:  {"using":"css selector","value":"__taonly__trueautomationio:auth:signup:SingUpBtn__taonly__"}
2018-12-03T00:48:29.435Z [[32minfo[39m] 	60 Enum nodes response:  {"sessionId":"9ff8cc99104320d032f2f3a08a
2018-12-03T00:48:29.454Z [[32minfo[39m] 	60 Element not found
2018-12-03T00:48:29.454Z [[32minfo[39m] 	60 Elements locator: {"error":"NOT_FOUND"}
2018-12-03T00:48:29.512Z [[32minfo[39m] 	61 Sending elements request to http://localhost:9516/session/9ff8cc99104320d032f2f3a08af938cb:  {"using":"css selector","value":"__taonly__trueautomationio:auth:signup:SingUpBtn__taonly__"}
2018-12-03T00:48:29.525Z [[32minfo[39m] 	61 Enum nodes response:  {"sessionId":"9ff8cc99104320d032f2f3a08a
2018-12-03T00:48:29.544Z [[32minfo[39m] 	61 Element not found
2018-12-03T00:48:29.544Z [[32minfo[39m] 	61 Elements locator: {"error":"NOT_FOUND"}
2018-12-03T00:48:29.604Z [[32minfo[39m] 	62 Sending elements request to http://localhost:9516/session/9ff8cc99104320d032f2f3a08af938cb:  {"using":"css selector","value":"__taonly__trueautomationio:auth:signup:SingUpBtn__taonly__"}
2018-12-03T00:48:29.617Z [[32minfo[39m] 	62 Enum nodes response:  {"sessionId":"9ff8cc99104320d032f2f3a08a
2018-12-03T00:48:29.635Z [[32minfo[39m] 	62 Element not found
2018-12-03T00:48:29.635Z [[32minfo[39m] 	62 Elements locator: {"error":"NOT_FOUND"}
2018-12-03T00:48:29.691Z [[32minfo[39m] 	63 Sending elements request to http://localhost:9516/session/9ff8cc99104320d032f2f3a08af938cb:  {"using":"css selector","value":"__taonly__trueautomationio:auth:signup:SingUpBtn__taonly__"}
2018-12-03T00:48:29.704Z [[32minfo[39m] 	63 Enum nodes response:  {"sessionId":"9ff8cc99104320d032f2f3a08a
2018-12-03T00:48:29.722Z [[32minfo[39m] 	63 Element not found
2018-12-03T00:48:29.723Z [[32minfo[39m] 	63 Elements locator: {"error":"NOT_FOUND"}
2018-12-03T00:48:29.778Z [[32minfo[39m] 	64 Sending elements request to http://localhost:9516/session/9ff8cc99104320d032f2f3a08af938cb:  {"using":"css selector","value":"__taonly__trueautomationio:auth:signup:SingUpBtn__taonly__"}
2018-12-03T00:48:29.791Z [[32minfo[39m] 	64 Enum nodes response:  {"sessionId":"9ff8cc99104320d032f2f3a08a
2018-12-03T00:48:29.810Z [[32minfo[39m] 	64 Element not found
2018-12-03T00:48:29.810Z [[32minfo[39m] 	64 Elements locator: {"error":"NOT_FOUND"}
2018-12-03T00:48:29.869Z [[32minfo[39m] 	65 Sending elements request to http://localhost:9516/session/9ff8cc99104320d032f2f3a08af938cb:  {"using":"css selector","value":"__taonly__trueautomationio:auth:signup:SingUpBtn__taonly__"}
2018-12-03T00:48:29.882Z [[32minfo[39m] 	65 Enum nodes response:  {"sessionId":"9ff8cc99104320d032f2f3a08a
2018-12-03T00:48:29.901Z [[32minfo[39m] 	65 Element not found
2018-12-03T00:48:29.901Z [[32minfo[39m] 	65 Elements locator: {"error":"NOT_FOUND"}
2018-12-03T00:48:29.960Z [[32minfo[39m] 	66 Sending elements request to http://localhost:9516/session/9ff8cc99104320d032f2f3a08af938cb:  {"using":"css selector","value":"__taonly__trueautomationio:auth:signup:SingUpBtn__taonly__"}
2018-12-03T00:48:29.973Z [[32minfo[39m] 	66 Enum nodes response:  {"sessionId":"9ff8cc99104320d032f2f3a08a
2018-12-03T00:48:29.993Z [[32minfo[39m] 	66 Element not found
2018-12-03T00:48:29.993Z [[32minfo[39m] 	66 Elements locator: {"error":"NOT_FOUND"}
2018-12-03T00:48:30.046Z [[32minfo[39m] 	67 Sending elements request to http://localhost:9516/session/9ff8cc99104320d032f2f3a08af938cb:  {"using":"css selector","value":"__taonly__trueautomationio:auth:signup:SingUpBtn__taonly__"}
2018-12-03T00:48:30.058Z [[32minfo[39m] 	67 Enum nodes response:  {"sessionId":"9ff8cc99104320d032f2f3a08a
2018-12-03T00:48:30.078Z [[32minfo[39m] 	67 Element not found
2018-12-03T00:48:30.078Z [[32minfo[39m] 	67 Elements locator: {"error":"NOT_FOUND"}
2018-12-03T00:48:30.137Z [[32minfo[39m] 	68 Sending elements request to http://localhost:9516/session/9ff8cc99104320d032f2f3a08af938cb:  {"using":"css selector","value":"__taonly__trueautomationio:auth:signup:SingUpBtn__taonly__"}
2018-12-03T00:48:30.151Z [[32minfo[39m] 	68 Enum nodes response:  {"sessionId":"9ff8cc99104320d032f2f3a08a
2018-12-03T00:48:30.171Z [[32minfo[39m] 	68 Element not found
2018-12-03T00:48:30.171Z [[32minfo[39m] 	68 Elements locator: {"error":"NOT_FOUND"}
2018-12-03T00:48:30.229Z [[32minfo[39m] 	69 Sending elements request to http://localhost:9516/session/9ff8cc99104320d032f2f3a08af938cb:  {"using":"css selector","value":"__taonly__trueautomationio:auth:signup:SingUpBtn__taonly__"}
2018-12-03T00:48:30.244Z [[32minfo[39m] 	69 Enum nodes response:  {"sessionId":"9ff8cc99104320d032f2f3a08a
2018-12-03T00:48:30.262Z [[32minfo[39m] 	69 Element not found
2018-12-03T00:48:30.262Z [[32minfo[39m] 	69 Elements locator: {"error":"NOT_FOUND"}
2018-12-03T00:48:30.322Z [[32minfo[39m] 	70 Sending elements request to http://localhost:9516/session/9ff8cc99104320d032f2f3a08af938cb:  {"using":"css selector","value":"__taonly__trueautomationio:auth:signup:SingUpBtn__taonly__"}
2018-12-03T00:48:30.335Z [[32minfo[39m] 	70 Enum nodes response:  {"sessionId":"9ff8cc99104320d032f2f3a08a
2018-12-03T00:48:30.354Z [[32minfo[39m] 	70 Element not found
2018-12-03T00:48:30.354Z [[32minfo[39m] 	70 Elements locator: {"error":"NOT_FOUND"}
2018-12-03T00:48:30.409Z [[32minfo[39m] 	71 Sending elements request to http://localhost:9516/session/9ff8cc99104320d032f2f3a08af938cb:  {"using":"css selector","value":"__taonly__trueautomationio:auth:signup:SingUpBtn__taonly__"}
2018-12-03T00:48:30.422Z [[32minfo[39m] 	71 Enum nodes response:  {"sessionId":"9ff8cc99104320d032f2f3a08a
2018-12-03T00:48:30.440Z [[32minfo[39m] 	71 Element not found
2018-12-03T00:48:30.441Z [[32minfo[39m] 	71 Elements locator: {"error":"NOT_FOUND"}
2018-12-03T00:48:30.499Z [[32minfo[39m] 	72 Sending elements request to http://localhost:9516/session/9ff8cc99104320d032f2f3a08af938cb:  {"using":"css selector","value":"__taonly__trueautomationio:auth:signup:SingUpBtn__taonly__"}
2018-12-03T00:48:30.513Z [[32minfo[39m] 	72 Enum nodes response:  {"sessionId":"9ff8cc99104320d032f2f3a08a
2018-12-03T00:48:30.532Z [[32minfo[39m] 	72 Element not found
2018-12-03T00:48:30.532Z [[32minfo[39m] 	72 Elements locator: {"error":"NOT_FOUND"}
2018-12-03T00:48:30.591Z [[32minfo[39m] 	73 Sending elements request to http://localhost:9516/session/9ff8cc99104320d032f2f3a08af938cb:  {"using":"css selector","value":"__taonly__trueautomationio:auth:signup:SingUpBtn__taonly__"}
2018-12-03T00:48:30.606Z [[32minfo[39m] 	73 Enum nodes response:  {"sessionId":"9ff8cc99104320d032f2f3a08a
2018-12-03T00:48:30.625Z [[32minfo[39m] 	73 Element not found
2018-12-03T00:48:30.625Z [[32minfo[39m] 	73 Elements locator: {"error":"NOT_FOUND"}
2018-12-03T00:48:30.687Z [[32minfo[39m] 	74 Sending elements request to http://localhost:9516/session/9ff8cc99104320d032f2f3a08af938cb:  {"using":"css selector","value":"__taonly__trueautomationio:auth:signup:SingUpBtn__taonly__"}
2018-12-03T00:48:30.701Z [[32minfo[39m] 	74 Enum nodes response:  {"sessionId":"9ff8cc99104320d032f2f3a08a
2018-12-03T00:48:30.720Z [[32minfo[39m] 	74 Element not found
2018-12-03T00:48:30.721Z [[32minfo[39m] 	74 Elements locator: {"error":"NOT_FOUND"}
2018-12-03T00:48:30.779Z [[32minfo[39m] 	75 Sending elements request to http://localhost:9516/session/9ff8cc99104320d032f2f3a08af938cb:  {"using":"css selector","value":"__taonly__trueautomationio:auth:signup:SingUpBtn__taonly__"}
2018-12-03T00:48:30.792Z [[32minfo[39m] 	75 Enum nodes response:  {"sessionId":"9ff8cc99104320d032f2f3a08a
2018-12-03T00:48:30.811Z [[32minfo[39m] 	75 Element not found
2018-12-03T00:48:30.812Z [[32minfo[39m] 	75 Elements locator: {"error":"NOT_FOUND"}
2018-12-03T00:48:30.865Z [[32minfo[39m] 	76 Sending elements request to http://localhost:9516/session/9ff8cc99104320d032f2f3a08af938cb:  {"using":"css selector","value":"__taonly__trueautomationio:auth:signup:SingUpBtn__taonly__"}
2018-12-03T00:48:30.878Z [[32minfo[39m] 	76 Enum nodes response:  {"sessionId":"9ff8cc99104320d032f2f3a08a
2018-12-03T00:48:30.896Z [[32minfo[39m] 	76 Element not found
2018-12-03T00:48:30.896Z [[32minfo[39m] 	76 Elements locator: {"error":"NOT_FOUND"}
2018-12-03T00:48:30.952Z [[32minfo[39m] 	77 Sending elements request to http://localhost:9516/session/9ff8cc99104320d032f2f3a08af938cb:  {"using":"css selector","value":"__taonly__trueautomationio:auth:signup:SingUpBtn__taonly__"}
2018-12-03T00:48:30.965Z [[32minfo[39m] 	77 Enum nodes response:  {"sessionId":"9ff8cc99104320d032f2f3a08a
2018-12-03T00:48:30.983Z [[32minfo[39m] 	77 Element not found
2018-12-03T00:48:30.983Z [[32minfo[39m] 	77 Elements locator: {"error":"NOT_FOUND"}
2018-12-03T00:48:31.038Z [[32minfo[39m] 	78 Sending elements request to http://localhost:9516/session/9ff8cc99104320d032f2f3a08af938cb:  {"using":"css selector","value":"__taonly__trueautomationio:auth:signup:SingUpBtn__taonly__"}
2018-12-03T00:48:31.050Z [[32minfo[39m] 	78 Enum nodes response:  {"sessionId":"9ff8cc99104320d032f2f3a08a
2018-12-03T00:48:31.069Z [[32minfo[39m] 	78 Element not found
2018-12-03T00:48:31.069Z [[32minfo[39m] 	78 Elements locator: {"error":"NOT_FOUND"}
2018-12-03T00:48:31.123Z [[32minfo[39m] 	79 Sending elements request to http://localhost:9516/session/9ff8cc99104320d032f2f3a08af938cb:  {"using":"css selector","value":"__taonly__trueautomationio:auth:signup:SingUpBtn__taonly__"}
2018-12-03T00:48:31.136Z [[32minfo[39m] 	79 Enum nodes response:  {"sessionId":"9ff8cc99104320d032f2f3a08a
2018-12-03T00:48:31.155Z [[32minfo[39m] 	79 Element not found
2018-12-03T00:48:31.155Z [[32minfo[39m] 	79 Elements locator: {"error":"NOT_FOUND"}
2018-12-03T00:48:31.157Z [[32minfo[39m] 	80 Sending GET request to http://localhost:9516/session/9ff8cc99104320d032f2f3a08af938cb/window_handles:  {}
2018-12-03T00:48:31.162Z [[32minfo[39m] 	81 Sending POST request to http://localhost:9516/session/9ff8cc99104320d032f2f3a08af938cb/window:  {"name":"CDwindow-C1B5D630F38F7FE302D415EEF326C886"}
2018-12-03T00:48:31.168Z [[32minfo[39m] 	82 Sending GET request to http://localhost:9516/session/9ff8cc99104320d032f2f3a08af938cb/window_handles:  {}
2018-12-03T00:48:31.174Z [[32minfo[39m] 	83 Sending POST request to http://localhost:9516/session/9ff8cc99104320d032f2f3a08af938cb/goog/cdp/execute:  {"cmd":"Network.clearBrowserCookies","params":{}}
2018-12-03T00:48:31.184Z [[32minfo[39m] 	84 Sending DELETE request to http://localhost:9516/session/9ff8cc99104320d032f2f3a08af938cb/session_storage:  {}
2018-12-03T00:48:31.189Z [[32minfo[39m] 	85 Sending DELETE request to http://localhost:9516/session/9ff8cc99104320d032f2f3a08af938cb/local_storage:  {}
2018-12-03T00:48:31.195Z [[32minfo[39m] 	86 Sending POST request to http://localhost:9516/session/9ff8cc99104320d032f2f3a08af938cb/url:  {"url":"about:blank"}
2018-12-03T00:48:31.232Z [[32minfo[39m] 	87 Sending elements request to http://localhost:9516/session/9ff8cc99104320d032f2f3a08af938cb:  {"using":"xpath","value":"/html/body/*"}
2018-12-03T00:48:31.232Z [[32minfo[39m] 	87 Elements locator: {"value":"/html/body/*","using":"xpath"}
2018-12-03T00:48:31.249Z [[32minfo[39m] 	87 Elements response: {"sessionId":"9ff8cc99104320d032f2f3a08af938cb","status":0,"value":[]}
2018-12-03T00:48:31.284Z [[32minfo[39m] 	88 Sending DELETE request to http://localhost:9516/session/9ff8cc99104320d032f2f3a08af938cb:  {}
2018-12-03T00:48:31.388Z [[32minfo[39m] 	Sync elements
2018-12-03T00:48:32.102Z [[32minfo[39m] 	Stopping driver
