2018-12-03T00:48:42.421Z [[32minfo[39m] 	Starting TrueAutomation.IO client
2018-12-03T00:48:42.422Z [[32minfo[39m] 	API key: cf2038a3-013f-4b20-9362-8f0c1b91919d
2018-12-03T00:48:42.422Z [[32minfo[39m] 	Project name: TAEP-homepage
2018-12-03T00:48:42.422Z [[32minfo[39m] 	Cloud server: https://app.trueautomation.io
2018-12-03T00:48:42.422Z [[32minfo[39m] 	Starting chromeDriver /Users/delight/.trueautomation/chromedriver/chromedriver_mac64_2.44 on port 9516...
2018-12-03T00:48:42.850Z [[32minfo[39m] 	TrueAutomation.IO Client is listening on port 9515
2018-12-03T00:48:44.530Z [[32minfo[39m] 	0 Create session response: {"sessionId":"2d761449403d13c9163095d154185636","status":0,"value":{"acceptInsecureCerts":false,"acceptSslCerts":false,"applicationCacheEnabled":false,"browserConnectionEnabled":false,"browserName":"chrome","chrome":{"chromedriverVersion":"2.44.609545 (c2f88692e98ce7233d2df7c724465ecacfe74df5)","userDataDir":"/var/folders/s2/z5gqzlh91gq2thydw9h4p3yh0000gn/T/.org.chromium.Chromium.gLp2IC"},"cssSelectorsEnabled":true,"databaseEnabled":false,"goog:chromeOptions":{"debuggerAddress":"localhost:61066"},"handlesAlerts":true,"hasTouchScreen":false,"javascriptEnabled":true,"locationContextEnabled":true,"mobileEmulationEnabled":false,"nativeEvents":true,"networkConnectionEnabled":false,"pageLoadStrategy":"normal","platform":"Mac OS X","rotatable":false,"setWindowRect":true,"takesHeapSnapshot":true,"takesScreenshot":true,"unexpectedAlertBehaviour":"ignore","version":"70.0.3538.110","webStorageEnabled":true}}
2018-12-03T00:48:44.542Z [[32minfo[39m] 	1 Sending POST request to http://localhost:9516/session/2d761449403d13c9163095d154185636/url:  {"url":"https://trueautomation.io/"}
2018-12-03T00:48:50.988Z [[32minfo[39m] 	2 Sending elements request to http://localhost:9516/session/2d761449403d13c9163095d154185636:  {"using":"xpath","value":"./descendant::*[self::input | self::textarea][not(((((((./@type = 'submit') or (./@type = 'image')) or (./@type = 'radio')) or (./@type = 'checkbox')) or (./@type = 'hidden')) or (./@type = 'file')))][((((./@id = '__taonly__trueautomationio:home:SFFemail__taonly__') or (./@name = '__taonly__trueautomationio:home:SFFemail__taonly__')) or (./@placeholder = '__taonly__trueautomationio:home:SFFemail__taonly__')) or (./@id = //label[(normalize-space(string(.)) = '__taonly__trueautomationio:home:SFFemail__taonly__')]/@for))] | .//label[(normalize-space(string(.)) = '__taonly__trueautomationio:home:SFFemail__taonly__')]//./descendant::*[self::input | self::textarea][not(((((((./@type = 'submit') or (./@type = 'image')) or (./@type = 'radio')) or (./@type = 'checkbox')) or (./@type = 'hidden')) or (./@type = 'file')))]"}
2018-12-03T00:48:51.132Z [[32minfo[39m] 	2 Enum nodes response:  {"sessionId":"2d761449403d13c9163095d154
2018-12-03T00:48:51.386Z [[32minfo[39m] 	2 Elements locator: {"value":"/*[1]/*[2]/*[1]/*[6]/*[2]/*[1]/*[3]/*[1]/*[1]/*[1]","using":"xpath"}
2018-12-03T00:48:51.423Z [[32minfo[39m] 	2 Elements response: {"sessionId":"2d761449403d13c9163095d154185636","status":0,"value":[{"ELEMENT":"0.5506898044984487-1"}]}
2018-12-03T00:48:51.425Z [[32minfo[39m] 	3 Sending GET request to http://localhost:9516/session/2d761449403d13c9163095d154185636/element/0.5506898044984487-1/displayed:  {}
2018-12-03T00:48:51.443Z [[32minfo[39m] 	4 Sending GET request to http://localhost:9516/session/2d761449403d13c9163095d154185636/element/0.5506898044984487-1/enabled:  {}
2018-12-03T00:48:51.456Z [[32minfo[39m] 	5 Sending GET request to http://localhost:9516/session/2d761449403d13c9163095d154185636/element/0.5506898044984487-1/name:  {}
2018-12-03T00:48:51.464Z [[32minfo[39m] 	6 Sending GET request to http://localhost:9516/session/2d761449403d13c9163095d154185636/element/0.5506898044984487-1/attribute/readonly:  {}
2018-12-03T00:48:51.474Z [[32minfo[39m] 	7 Sending GET request to http://localhost:9516/session/2d761449403d13c9163095d154185636/element/0.5506898044984487-1/name:  {}
2018-12-03T00:48:51.480Z [[32minfo[39m] 	8 Sending GET request to http://localhost:9516/session/2d761449403d13c9163095d154185636/element/0.5506898044984487-1/attribute/type:  {}
2018-12-03T00:48:51.489Z [[32minfo[39m] 	9 Sending POST request to http://localhost:9516/session/2d761449403d13c9163095d154185636/execute:  {"script":"arguments[0].value = ''","args":[{"ELEMENT":"0.5506898044984487-1"}]}
2018-12-03T00:48:51.496Z [[32minfo[39m] 	10 Sending POST request to http://localhost:9516/session/2d761449403d13c9163095d154185636/element/0.5506898044984487-1/value:  {"value":["qa@test.com"]}
2018-12-03T00:48:51.647Z [[32minfo[39m] 	11 Sending elements request to http://localhost:9516/session/2d761449403d13c9163095d154185636:  {"using":"xpath","value":"./descendant::*[self::input | self::textarea][not(((((((./@type = 'submit') or (./@type = 'image')) or (./@type = 'radio')) or (./@type = 'checkbox')) or (./@type = 'hidden')) or (./@type = 'file')))][((((./@id = '__taonly__trueautomationio:home:SFFemailTop__taonly__') or (./@name = '__taonly__trueautomationio:home:SFFemailTop__taonly__')) or (./@placeholder = '__taonly__trueautomationio:home:SFFemailTop__taonly__')) or (./@id = //label[(normalize-space(string(.)) = '__taonly__trueautomationio:home:SFFemailTop__taonly__')]/@for))] | .//label[(normalize-space(string(.)) = '__taonly__trueautomationio:home:SFFemailTop__taonly__')]//./descendant::*[self::input | self::textarea][not(((((((./@type = 'submit') or (./@type = 'image')) or (./@type = 'radio')) or (./@type = 'checkbox')) or (./@type = 'hidden')) or (./@type = 'file')))]"}
2018-12-03T00:48:51.791Z [[32minfo[39m] 	11 Enum nodes response:  {"sessionId":"2d761449403d13c9163095d154
2018-12-03T00:48:52.044Z [[32minfo[39m] 	11 Elements locator: {"value":"/*[1]/*[2]/*[1]/*[2]/*[1]/*[1]/*[3]/*[1]/*[1]/*[1]","using":"xpath"}
2018-12-03T00:48:52.080Z [[32minfo[39m] 	11 Elements response: {"sessionId":"2d761449403d13c9163095d154185636","status":0,"value":[{"ELEMENT":"0.5506898044984487-2"}]}
2018-12-03T00:48:52.083Z [[32minfo[39m] 	12 Sending GET request to http://localhost:9516/session/2d761449403d13c9163095d154185636/element/0.5506898044984487-2/displayed:  {}
2018-12-03T00:48:52.102Z [[32minfo[39m] 	13 Sending GET request to http://localhost:9516/session/2d761449403d13c9163095d154185636/element/0.5506898044984487-2/enabled:  {}
2018-12-03T00:48:52.114Z [[32minfo[39m] 	14 Sending GET request to http://localhost:9516/session/2d761449403d13c9163095d154185636/element/0.5506898044984487-2/name:  {}
2018-12-03T00:48:52.122Z [[32minfo[39m] 	15 Sending GET request to http://localhost:9516/session/2d761449403d13c9163095d154185636/element/0.5506898044984487-2/attribute/readonly:  {}
2018-12-03T00:48:52.130Z [[32minfo[39m] 	16 Sending GET request to http://localhost:9516/session/2d761449403d13c9163095d154185636/element/0.5506898044984487-2/name:  {}
2018-12-03T00:48:52.137Z [[32minfo[39m] 	17 Sending GET request to http://localhost:9516/session/2d761449403d13c9163095d154185636/element/0.5506898044984487-2/attribute/type:  {}
2018-12-03T00:48:52.146Z [[32minfo[39m] 	18 Sending POST request to http://localhost:9516/session/2d761449403d13c9163095d154185636/execute:  {"script":"arguments[0].value = ''","args":[{"ELEMENT":"0.5506898044984487-2"}]}
2018-12-03T00:48:52.154Z [[32minfo[39m] 	19 Sending POST request to http://localhost:9516/session/2d761449403d13c9163095d154185636/element/0.5506898044984487-2/value:  {"value":["qa@test.com"]}
2018-12-03T00:48:52.237Z [[32minfo[39m] 	20 Sending elements request to http://localhost:9516/session/2d761449403d13c9163095d154185636:  {"using":"css selector","value":"__taonly__trueautomationio:home:SFFokButton__taonly__"}
2018-12-03T00:48:52.348Z [[32minfo[39m] 	20 Enum nodes response:  {"sessionId":"2d761449403d13c9163095d154
2018-12-03T00:48:52.584Z [[32minfo[39m] 	20 Elements locator: {"value":"/*[1]/*[2]/*[1]/*[2]/*[1]/*[1]/*[3]/*[1]/*[2]","using":"xpath"}
2018-12-03T00:48:52.624Z [[32minfo[39m] 	20 Elements response: {"sessionId":"2d761449403d13c9163095d154185636","status":0,"value":[{"ELEMENT":"0.5506898044984487-3"}]}
2018-12-03T00:48:52.627Z [[32minfo[39m] 	21 Sending GET request to http://localhost:9516/session/2d761449403d13c9163095d154185636/element/0.5506898044984487-3/displayed:  {}
2018-12-03T00:48:52.649Z [[32minfo[39m] 	22 Sending POST request to http://localhost:9516/session/2d761449403d13c9163095d154185636/element/0.5506898044984487-3/click:  {}
2018-12-03T00:48:56.406Z [[32minfo[39m] 	23 Sending elements request to http://localhost:9516/session/2d761449403d13c9163095d154185636:  {"using":"css selector","value":"__taonly__trueautomationio:auth:signup:SingUpBtn__taonly__"}
2018-12-03T00:48:56.428Z [[32minfo[39m] 	23 Enum nodes response:  {"sessionId":"2d761449403d13c9163095d154
2018-12-03T00:48:56.443Z [[32minfo[39m] 	23 Elements locator: {"value":"/*[1]/*[2]/*[1]/*[2]/*[3]/*[4]","using":"xpath"}
2018-12-03T00:48:56.464Z [[32minfo[39m] 	23 Elements response: {"sessionId":"2d761449403d13c9163095d154185636","status":0,"value":[{"ELEMENT":"0.7766953475046672-1"}]}
2018-12-03T00:48:56.466Z [[32minfo[39m] 	24 Sending GET request to http://localhost:9516/session/2d761449403d13c9163095d154185636/element/0.7766953475046672-1/displayed:  {}
2018-12-03T00:48:56.481Z [[32minfo[39m] 	25 Sending POST request to http://localhost:9516/session/2d761449403d13c9163095d154185636/element/0.7766953475046672-1/click:  {}
2018-12-03T00:48:56.838Z [[32minfo[39m] 	26 Sending elements request to http://localhost:9516/session/2d761449403d13c9163095d154185636:  {"using":"css selector","value":"__taonly__trueautomationio:auth:signup:BackToMainBtn__taonly__"}
2018-12-03T00:48:56.910Z [[32minfo[39m] 	26 Enum nodes response:  {"sessionId":"2d761449403d13c9163095d154
2018-12-03T00:48:56.933Z [[32minfo[39m] 	26 Elements locator: {"value":"/*[1]/*[2]/*[1]/*[1]/*[1]/*[1]/*[1]/*[1]","using":"xpath"}
2018-12-03T00:48:56.967Z [[32minfo[39m] 	26 Elements response: {"sessionId":"2d761449403d13c9163095d154185636","status":0,"value":[{"ELEMENT":"0.5406977899553624-1"}]}
2018-12-03T00:48:56.974Z [[32minfo[39m] 	27 Sending GET request to http://localhost:9516/session/2d761449403d13c9163095d154185636/element/0.5406977899553624-1/displayed:  {}
2018-12-03T00:48:57.017Z [[32minfo[39m] 	28 Sending POST request to http://localhost:9516/session/2d761449403d13c9163095d154185636/element/0.5406977899553624-1/click:  {}
2018-12-03T00:48:58.014Z [[32minfo[39m] 	29 Sending elements request to http://localhost:9516/session/2d761449403d13c9163095d154185636:  {"using":"css selector","value":"__taonly__trueautomationio:home:loginBtn__taonly__"}
2018-12-03T00:48:58.129Z [[32minfo[39m] 	29 Enum nodes response:  {"sessionId":"2d761449403d13c9163095d154
2018-12-03T00:48:58.372Z [[32minfo[39m] 	29 Elements locator: {"value":"/*[1]/*[2]/*[1]/*[1]/*[1]/*[2]/*[1]/*[2]/*[1]","using":"xpath"}
2018-12-03T00:48:58.410Z [[32minfo[39m] 	29 Elements response: {"sessionId":"2d761449403d13c9163095d154185636","status":0,"value":[{"ELEMENT":"0.9527728727918929-1"}]}
2018-12-03T00:48:58.413Z [[32minfo[39m] 	30 Sending GET request to http://localhost:9516/session/2d761449403d13c9163095d154185636/element/0.9527728727918929-1/displayed:  {}
2018-12-03T00:48:58.430Z [[32minfo[39m] 	31 Sending POST request to http://localhost:9516/session/2d761449403d13c9163095d154185636/element/0.9527728727918929-1/click:  {}
2018-12-03T00:48:58.935Z [[32minfo[39m] 	32 Sending elements request to http://localhost:9516/session/2d761449403d13c9163095d154185636:  {"using":"xpath","value":"./descendant::*[self::input | self::textarea][not(((((((./@type = 'submit') or (./@type = 'image')) or (./@type = 'radio')) or (./@type = 'checkbox')) or (./@type = 'hidden')) or (./@type = 'file')))][((((./@id = '__taonly__trueautomationio:auth:signin:EmailField__taonly__') or (./@name = '__taonly__trueautomationio:auth:signin:EmailField__taonly__')) or (./@placeholder = '__taonly__trueautomationio:auth:signin:EmailField__taonly__')) or (./@id = //label[(normalize-space(string(.)) = '__taonly__trueautomationio:auth:signin:EmailField__taonly__')]/@for))] | .//label[(normalize-space(string(.)) = '__taonly__trueautomationio:auth:signin:EmailField__taonly__')]//./descendant::*[self::input | self::textarea][not(((((((./@type = 'submit') or (./@type = 'image')) or (./@type = 'radio')) or (./@type = 'checkbox')) or (./@type = 'hidden')) or (./@type = 'file')))]"}
2018-12-03T00:48:59.026Z [[32minfo[39m] 	32 Enum nodes response:  {"sessionId":"2d761449403d13c9163095d154
2018-12-03T00:48:59.063Z [[32minfo[39m] 	32 Elements locator: {"value":"/*[1]/*[2]/*[1]/*[2]/*[3]/*[2]/*[1]","using":"xpath"}
2018-12-03T00:48:59.103Z [[32minfo[39m] 	32 Elements response: {"sessionId":"2d761449403d13c9163095d154185636","status":0,"value":[{"ELEMENT":"0.9178784126614967-1"}]}
2018-12-03T00:48:59.110Z [[32minfo[39m] 	33 Sending GET request to http://localhost:9516/session/2d761449403d13c9163095d154185636/element/0.9178784126614967-1/displayed:  {}
2018-12-03T00:48:59.132Z [[32minfo[39m] 	34 Sending GET request to http://localhost:9516/session/2d761449403d13c9163095d154185636/element/0.9178784126614967-1/enabled:  {}
2018-12-03T00:48:59.148Z [[32minfo[39m] 	35 Sending GET request to http://localhost:9516/session/2d761449403d13c9163095d154185636/element/0.9178784126614967-1/name:  {}
2018-12-03T00:48:59.159Z [[32minfo[39m] 	36 Sending GET request to http://localhost:9516/session/2d761449403d13c9163095d154185636/element/0.9178784126614967-1/attribute/readonly:  {}
2018-12-03T00:48:59.168Z [[32minfo[39m] 	37 Sending GET request to http://localhost:9516/session/2d761449403d13c9163095d154185636/element/0.9178784126614967-1/name:  {}
2018-12-03T00:48:59.174Z [[32minfo[39m] 	38 Sending GET request to http://localhost:9516/session/2d761449403d13c9163095d154185636/element/0.9178784126614967-1/attribute/type:  {}
2018-12-03T00:48:59.182Z [[32minfo[39m] 	39 Sending POST request to http://localhost:9516/session/2d761449403d13c9163095d154185636/execute:  {"script":"arguments[0].value = ''","args":[{"ELEMENT":"0.9178784126614967-1"}]}
2018-12-03T00:48:59.189Z [[32minfo[39m] 	40 Sending POST request to http://localhost:9516/session/2d761449403d13c9163095d154185636/element/0.9178784126614967-1/value:  {"value":["stas.odessa@ua.fm"]}
2018-12-03T00:48:59.282Z [[32minfo[39m] 	41 Sending elements request to http://localhost:9516/session/2d761449403d13c9163095d154185636:  {"using":"xpath","value":"./descendant::*[self::input | self::textarea][not(((((((./@type = 'submit') or (./@type = 'image')) or (./@type = 'radio')) or (./@type = 'checkbox')) or (./@type = 'hidden')) or (./@type = 'file')))][((((./@id = '__taonly__trueautomationio:auth:signin:PasswordField__taonly__') or (./@name = '__taonly__trueautomationio:auth:signin:PasswordField__taonly__')) or (./@placeholder = '__taonly__trueautomationio:auth:signin:PasswordField__taonly__')) or (./@id = //label[(normalize-space(string(.)) = '__taonly__trueautomationio:auth:signin:PasswordField__taonly__')]/@for))] | .//label[(normalize-space(string(.)) = '__taonly__trueautomationio:auth:signin:PasswordField__taonly__')]//./descendant::*[self::input | self::textarea][not(((((((./@type = 'submit') or (./@type = 'image')) or (./@type = 'radio')) or (./@type = 'checkbox')) or (./@type = 'hidden')) or (./@type = 'file')))]"}
2018-12-03T00:48:59.298Z [[32minfo[39m] 	41 Enum nodes response:  {"sessionId":"2d761449403d13c9163095d154
2018-12-03T00:48:59.314Z [[32minfo[39m] 	41 Elements locator: {"value":"/*[1]/*[2]/*[1]/*[2]/*[3]/*[3]/*[1]","using":"xpath"}
2018-12-03T00:48:59.327Z [[32minfo[39m] 	41 Elements response: {"sessionId":"2d761449403d13c9163095d154185636","status":0,"value":[{"ELEMENT":"0.9178784126614967-2"}]}
2018-12-03T00:48:59.329Z [[32minfo[39m] 	42 Sending GET request to http://localhost:9516/session/2d761449403d13c9163095d154185636/element/0.9178784126614967-2/displayed:  {}
2018-12-03T00:48:59.345Z [[32minfo[39m] 	43 Sending GET request to http://localhost:9516/session/2d761449403d13c9163095d154185636/element/0.9178784126614967-2/enabled:  {}
2018-12-03T00:48:59.357Z [[32minfo[39m] 	44 Sending GET request to http://localhost:9516/session/2d761449403d13c9163095d154185636/element/0.9178784126614967-2/name:  {}
2018-12-03T00:48:59.365Z [[32minfo[39m] 	45 Sending GET request to http://localhost:9516/session/2d761449403d13c9163095d154185636/element/0.9178784126614967-2/attribute/readonly:  {}
2018-12-03T00:48:59.375Z [[32minfo[39m] 	46 Sending GET request to http://localhost:9516/session/2d761449403d13c9163095d154185636/element/0.9178784126614967-2/name:  {}
2018-12-03T00:48:59.381Z [[32minfo[39m] 	47 Sending GET request to http://localhost:9516/session/2d761449403d13c9163095d154185636/element/0.9178784126614967-2/attribute/type:  {}
2018-12-03T00:48:59.391Z [[32minfo[39m] 	48 Sending POST request to http://localhost:9516/session/2d761449403d13c9163095d154185636/execute:  {"script":"arguments[0].value = ''","args":[{"ELEMENT":"0.9178784126614967-2"}]}
2018-12-03T00:48:59.399Z [[32minfo[39m] 	49 Sending POST request to http://localhost:9516/session/2d761449403d13c9163095d154185636/element/0.9178784126614967-2/value:  {"value":["7167276Ss"]}
2018-12-03T00:48:59.452Z [[32minfo[39m] 	50 Sending elements request to http://localhost:9516/session/2d761449403d13c9163095d154185636:  {"using":"css selector","value":"__taonly__trueautomationio:auth:signin:LoginBtn__taonly__"}
2018-12-03T00:48:59.470Z [[32minfo[39m] 	50 Enum nodes response:  {"sessionId":"2d761449403d13c9163095d154
2018-12-03T00:48:59.488Z [[32minfo[39m] 	50 Elements locator: {"value":"/*[1]/*[2]/*[1]/*[2]/*[3]/*[5]","using":"xpath"}
2018-12-03T00:48:59.501Z [[32minfo[39m] 	50 Elements response: {"sessionId":"2d761449403d13c9163095d154185636","status":0,"value":[{"ELEMENT":"0.9178784126614967-3"}]}
2018-12-03T00:48:59.503Z [[32minfo[39m] 	51 Sending GET request to http://localhost:9516/session/2d761449403d13c9163095d154185636/element/0.9178784126614967-3/displayed:  {}
2018-12-03T00:48:59.518Z [[32minfo[39m] 	52 Sending POST request to http://localhost:9516/session/2d761449403d13c9163095d154185636/element/0.9178784126614967-3/click:  {}
2018-12-03T00:49:10.799Z [[32minfo[39m] 	53 Sending GET request to http://localhost:9516/session/2d761449403d13c9163095d154185636/window_handles:  {}
2018-12-03T00:49:10.805Z [[32minfo[39m] 	54 Sending POST request to http://localhost:9516/session/2d761449403d13c9163095d154185636/window:  {"name":"CDwindow-193F7BDF464C5CCB727586A4A5C9F3C0"}
2018-12-03T00:49:10.811Z [[32minfo[39m] 	55 Sending GET request to http://localhost:9516/session/2d761449403d13c9163095d154185636/window_handles:  {}
2018-12-03T00:49:10.816Z [[32minfo[39m] 	56 Sending POST request to http://localhost:9516/session/2d761449403d13c9163095d154185636/goog/cdp/execute:  {"cmd":"Network.clearBrowserCookies","params":{}}
2018-12-03T00:49:10.824Z [[32minfo[39m] 	57 Sending DELETE request to http://localhost:9516/session/2d761449403d13c9163095d154185636/session_storage:  {}
2018-12-03T00:49:10.832Z [[32minfo[39m] 	58 Sending DELETE request to http://localhost:9516/session/2d761449403d13c9163095d154185636/local_storage:  {}
2018-12-03T00:49:10.838Z [[32minfo[39m] 	59 Sending POST request to http://localhost:9516/session/2d761449403d13c9163095d154185636/url:  {"url":"about:blank"}
2018-12-03T00:49:10.872Z [[32minfo[39m] 	60 Sending elements request to http://localhost:9516/session/2d761449403d13c9163095d154185636:  {"using":"xpath","value":"/html/body/*"}
2018-12-03T00:49:10.872Z [[32minfo[39m] 	60 Elements locator: {"value":"/html/body/*","using":"xpath"}
2018-12-03T00:49:10.889Z [[32minfo[39m] 	60 Elements response: {"sessionId":"2d761449403d13c9163095d154185636","status":0,"value":[]}
2018-12-03T00:49:10.894Z [[32minfo[39m] 	61 Sending DELETE request to http://localhost:9516/session/2d761449403d13c9163095d154185636:  {}
2018-12-03T00:49:10.981Z [[32minfo[39m] 	Sync elements
2018-12-03T00:49:11.730Z [[32minfo[39m] 	Stopping driver
