2018-12-03T01:03:48.789Z [[32minfo[39m] 	Starting TrueAutomation.IO client
2018-12-03T01:03:48.791Z [[32minfo[39m] 	API key: cf2038a3-013f-4b20-9362-8f0c1b91919d
2018-12-03T01:03:48.791Z [[32minfo[39m] 	Project name: TAEP-homepage
2018-12-03T01:03:48.791Z [[32minfo[39m] 	Cloud server: https://app.trueautomation.io
2018-12-03T01:03:48.792Z [[32minfo[39m] 	Starting chromeDriver /Users/delight/.trueautomation/chromedriver/chromedriver_mac64_2.44 on port 9516...
2018-12-03T01:03:49.236Z [[32minfo[39m] 	TrueAutomation.IO Client is listening on port 9515
2018-12-03T01:03:50.847Z [[32minfo[39m] 	0 Create session response: {"sessionId":"fbabcc362b2f8a7adbc522d0d9c328c3","status":0,"value":{"acceptInsecureCerts":false,"acceptSslCerts":false,"applicationCacheEnabled":false,"browserConnectionEnabled":false,"browserName":"chrome","chrome":{"chromedriverVersion":"2.44.609545 (c2f88692e98ce7233d2df7c724465ecacfe74df5)","userDataDir":"/var/folders/s2/z5gqzlh91gq2thydw9h4p3yh0000gn/T/.org.chromium.Chromium.AZOqG3"},"cssSelectorsEnabled":true,"databaseEnabled":false,"goog:chromeOptions":{"debuggerAddress":"localhost:56005"},"handlesAlerts":true,"hasTouchScreen":false,"javascriptEnabled":true,"locationContextEnabled":true,"mobileEmulationEnabled":false,"nativeEvents":true,"networkConnectionEnabled":false,"pageLoadStrategy":"normal","platform":"Mac OS X","rotatable":false,"setWindowRect":true,"takesHeapSnapshot":true,"takesScreenshot":true,"unexpectedAlertBehaviour":"ignore","version":"70.0.3538.110","webStorageEnabled":true}}
2018-12-03T01:03:50.865Z [[32minfo[39m] 	1 Sending POST request to http://localhost:9516/session/fbabcc362b2f8a7adbc522d0d9c328c3/url:  {"url":"https://trueautomation.io/"}
2018-12-03T01:03:57.430Z [[32minfo[39m] 	2 Sending elements request to http://localhost:9516/session/fbabcc362b2f8a7adbc522d0d9c328c3:  {"using":"xpath","value":"./descendant::*[self::input | self::textarea][not(((((((./@type = 'submit') or (./@type = 'image')) or (./@type = 'radio')) or (./@type = 'checkbox')) or (./@type = 'hidden')) or (./@type = 'file')))][((((./@id = '__taonly__trueautomationio:home:SFFemail__taonly__') or (./@name = '__taonly__trueautomationio:home:SFFemail__taonly__')) or (./@placeholder = '__taonly__trueautomationio:home:SFFemail__taonly__')) or (./@id = //label[(normalize-space(string(.)) = '__taonly__trueautomationio:home:SFFemail__taonly__')]/@for))] | .//label[(normalize-space(string(.)) = '__taonly__trueautomationio:home:SFFemail__taonly__')]//./descendant::*[self::input | self::textarea][not(((((((./@type = 'submit') or (./@type = 'image')) or (./@type = 'radio')) or (./@type = 'checkbox')) or (./@type = 'hidden')) or (./@type = 'file')))]"}
2018-12-03T01:03:57.574Z [[32minfo[39m] 	2 Enum nodes response:  {"sessionId":"fbabcc362b2f8a7adbc522d0d9
2018-12-03T01:03:57.872Z [[32minfo[39m] 	2 Elements locator: {"value":"/*[1]/*[2]/*[1]/*[6]/*[2]/*[1]/*[3]/*[1]/*[1]/*[1]","using":"xpath"}
2018-12-03T01:03:57.909Z [[32minfo[39m] 	2 Elements response: {"sessionId":"fbabcc362b2f8a7adbc522d0d9c328c3","status":0,"value":[{"ELEMENT":"0.21661116930657331-1"}]}
2018-12-03T01:03:57.912Z [[32minfo[39m] 	3 Sending GET request to http://localhost:9516/session/fbabcc362b2f8a7adbc522d0d9c328c3/element/0.21661116930657331-1/displayed:  {}
2018-12-03T01:03:57.929Z [[32minfo[39m] 	4 Sending GET request to http://localhost:9516/session/fbabcc362b2f8a7adbc522d0d9c328c3/element/0.21661116930657331-1/enabled:  {}
2018-12-03T01:03:57.942Z [[32minfo[39m] 	5 Sending GET request to http://localhost:9516/session/fbabcc362b2f8a7adbc522d0d9c328c3/element/0.21661116930657331-1/name:  {}
2018-12-03T01:03:57.949Z [[32minfo[39m] 	6 Sending GET request to http://localhost:9516/session/fbabcc362b2f8a7adbc522d0d9c328c3/element/0.21661116930657331-1/attribute/readonly:  {}
2018-12-03T01:03:57.958Z [[32minfo[39m] 	7 Sending GET request to http://localhost:9516/session/fbabcc362b2f8a7adbc522d0d9c328c3/element/0.21661116930657331-1/name:  {}
2018-12-03T01:03:57.966Z [[32minfo[39m] 	8 Sending GET request to http://localhost:9516/session/fbabcc362b2f8a7adbc522d0d9c328c3/element/0.21661116930657331-1/attribute/type:  {}
2018-12-03T01:03:57.975Z [[32minfo[39m] 	9 Sending POST request to http://localhost:9516/session/fbabcc362b2f8a7adbc522d0d9c328c3/execute:  {"script":"arguments[0].value = ''","args":[{"ELEMENT":"0.21661116930657331-1"}]}
2018-12-03T01:03:57.984Z [[32minfo[39m] 	10 Sending POST request to http://localhost:9516/session/fbabcc362b2f8a7adbc522d0d9c328c3/element/0.21661116930657331-1/value:  {"value":["qa@test.com"]}
2018-12-03T01:03:58.112Z [[32minfo[39m] 	11 Sending elements request to http://localhost:9516/session/fbabcc362b2f8a7adbc522d0d9c328c3:  {"using":"xpath","value":"./descendant::*[self::input | self::textarea][not(((((((./@type = 'submit') or (./@type = 'image')) or (./@type = 'radio')) or (./@type = 'checkbox')) or (./@type = 'hidden')) or (./@type = 'file')))][((((./@id = '__taonly__trueautomationio:home:SFFemailTop__taonly__') or (./@name = '__taonly__trueautomationio:home:SFFemailTop__taonly__')) or (./@placeholder = '__taonly__trueautomationio:home:SFFemailTop__taonly__')) or (./@id = //label[(normalize-space(string(.)) = '__taonly__trueautomationio:home:SFFemailTop__taonly__')]/@for))] | .//label[(normalize-space(string(.)) = '__taonly__trueautomationio:home:SFFemailTop__taonly__')]//./descendant::*[self::input | self::textarea][not(((((((./@type = 'submit') or (./@type = 'image')) or (./@type = 'radio')) or (./@type = 'checkbox')) or (./@type = 'hidden')) or (./@type = 'file')))]"}
2018-12-03T01:03:58.240Z [[32minfo[39m] 	11 Enum nodes response:  {"sessionId":"fbabcc362b2f8a7adbc522d0d9
2018-12-03T01:03:58.482Z [[32minfo[39m] 	11 Elements locator: {"value":"/*[1]/*[2]/*[1]/*[2]/*[1]/*[1]/*[3]/*[1]/*[1]/*[1]","using":"xpath"}
2018-12-03T01:03:58.516Z [[32minfo[39m] 	11 Elements response: {"sessionId":"fbabcc362b2f8a7adbc522d0d9c328c3","status":0,"value":[{"ELEMENT":"0.21661116930657331-2"}]}
2018-12-03T01:03:58.519Z [[32minfo[39m] 	12 Sending GET request to http://localhost:9516/session/fbabcc362b2f8a7adbc522d0d9c328c3/element/0.21661116930657331-2/displayed:  {}
2018-12-03T01:03:58.535Z [[32minfo[39m] 	13 Sending GET request to http://localhost:9516/session/fbabcc362b2f8a7adbc522d0d9c328c3/element/0.21661116930657331-2/enabled:  {}
2018-12-03T01:03:58.549Z [[32minfo[39m] 	14 Sending GET request to http://localhost:9516/session/fbabcc362b2f8a7adbc522d0d9c328c3/element/0.21661116930657331-2/name:  {}
2018-12-03T01:03:58.557Z [[32minfo[39m] 	15 Sending GET request to http://localhost:9516/session/fbabcc362b2f8a7adbc522d0d9c328c3/element/0.21661116930657331-2/attribute/readonly:  {}
2018-12-03T01:03:58.566Z [[32minfo[39m] 	16 Sending GET request to http://localhost:9516/session/fbabcc362b2f8a7adbc522d0d9c328c3/element/0.21661116930657331-2/name:  {}
2018-12-03T01:03:58.573Z [[32minfo[39m] 	17 Sending GET request to http://localhost:9516/session/fbabcc362b2f8a7adbc522d0d9c328c3/element/0.21661116930657331-2/attribute/type:  {}
2018-12-03T01:03:58.583Z [[32minfo[39m] 	18 Sending POST request to http://localhost:9516/session/fbabcc362b2f8a7adbc522d0d9c328c3/execute:  {"script":"arguments[0].value = ''","args":[{"ELEMENT":"0.21661116930657331-2"}]}
2018-12-03T01:03:58.591Z [[32minfo[39m] 	19 Sending POST request to http://localhost:9516/session/fbabcc362b2f8a7adbc522d0d9c328c3/element/0.21661116930657331-2/value:  {"value":["qa@test.com"]}
2018-12-03T01:03:58.682Z [[32minfo[39m] 	20 Sending elements request to http://localhost:9516/session/fbabcc362b2f8a7adbc522d0d9c328c3:  {"using":"css selector","value":"__taonly__trueautomationio:home:SFFokButton__taonly__"}
2018-12-03T01:03:58.803Z [[32minfo[39m] 	20 Enum nodes response:  {"sessionId":"fbabcc362b2f8a7adbc522d0d9
2018-12-03T01:03:59.056Z [[32minfo[39m] 	20 Elements locator: {"value":"/*[1]/*[2]/*[1]/*[2]/*[1]/*[1]/*[3]/*[1]/*[2]","using":"xpath"}
2018-12-03T01:03:59.091Z [[32minfo[39m] 	20 Elements response: {"sessionId":"fbabcc362b2f8a7adbc522d0d9c328c3","status":0,"value":[{"ELEMENT":"0.21661116930657331-3"}]}
2018-12-03T01:03:59.094Z [[32minfo[39m] 	21 Sending GET request to http://localhost:9516/session/fbabcc362b2f8a7adbc522d0d9c328c3/element/0.21661116930657331-3/displayed:  {}
2018-12-03T01:03:59.110Z [[32minfo[39m] 	22 Sending POST request to http://localhost:9516/session/fbabcc362b2f8a7adbc522d0d9c328c3/element/0.21661116930657331-3/click:  {}
2018-12-03T01:04:01.227Z [[32minfo[39m] 	23 Sending elements request to http://localhost:9516/session/fbabcc362b2f8a7adbc522d0d9c328c3:  {"using":"css selector","value":"__taonly__trueautomationio:auth:signup:SingUpBtn__taonly__"}
2018-12-03T01:04:01.255Z [[32minfo[39m] 	23 Enum nodes response:  {"sessionId":"fbabcc362b2f8a7adbc522d0d9
2018-12-03T01:04:01.268Z [[32minfo[39m] 	23 Elements locator: {"value":"/*[1]/*[2]/*[1]/*[2]/*[3]/*[4]","using":"xpath"}
2018-12-03T01:04:01.287Z [[32minfo[39m] 	23 Elements response: {"sessionId":"fbabcc362b2f8a7adbc522d0d9c328c3","status":0,"value":[{"ELEMENT":"0.8917485600383384-1"}]}
2018-12-03T01:04:01.289Z [[32minfo[39m] 	24 Sending GET request to http://localhost:9516/session/fbabcc362b2f8a7adbc522d0d9c328c3/element/0.8917485600383384-1/displayed:  {}
2018-12-03T01:04:01.305Z [[32minfo[39m] 	25 Sending POST request to http://localhost:9516/session/fbabcc362b2f8a7adbc522d0d9c328c3/element/0.8917485600383384-1/click:  {}
2018-12-03T01:04:01.824Z [[32minfo[39m] 	26 Sending elements request to http://localhost:9516/session/fbabcc362b2f8a7adbc522d0d9c328c3:  {"using":"css selector","value":"__taonly__trueautomationio:auth:signup:BackToMainBtn__taonly__"}
2018-12-03T01:04:01.856Z [[32minfo[39m] 	26 Enum nodes response:  {"sessionId":"fbabcc362b2f8a7adbc522d0d9
2018-12-03T01:04:01.884Z [[32minfo[39m] 	26 Elements locator: {"value":"/*[1]/*[2]/*[1]/*[1]/*[1]/*[1]/*[1]/*[1]","using":"xpath"}
2018-12-03T01:04:01.909Z [[32minfo[39m] 	26 Elements response: {"sessionId":"fbabcc362b2f8a7adbc522d0d9c328c3","status":0,"value":[{"ELEMENT":"0.895742430594231-1"}]}
2018-12-03T01:04:01.915Z [[32minfo[39m] 	27 Sending GET request to http://localhost:9516/session/fbabcc362b2f8a7adbc522d0d9c328c3/element/0.895742430594231-1/displayed:  {}
2018-12-03T01:04:01.944Z [[32minfo[39m] 	28 Sending POST request to http://localhost:9516/session/fbabcc362b2f8a7adbc522d0d9c328c3/element/0.895742430594231-1/click:  {}
2018-12-03T01:04:02.847Z [[32minfo[39m] 	29 Sending elements request to http://localhost:9516/session/fbabcc362b2f8a7adbc522d0d9c328c3:  {"using":"css selector","value":"__taonly__trueautomationio:home:loginBtn__taonly__"}
2018-12-03T01:04:02.964Z [[32minfo[39m] 	29 Enum nodes response:  {"sessionId":"fbabcc362b2f8a7adbc522d0d9
2018-12-03T01:04:03.205Z [[32minfo[39m] 	29 Elements locator: {"value":"/*[1]/*[2]/*[1]/*[1]/*[1]/*[2]/*[1]/*[2]/*[1]","using":"xpath"}
2018-12-03T01:04:03.239Z [[32minfo[39m] 	29 Elements response: {"sessionId":"fbabcc362b2f8a7adbc522d0d9c328c3","status":0,"value":[{"ELEMENT":"0.1404951429532022-1"}]}
2018-12-03T01:04:03.241Z [[32minfo[39m] 	30 Sending GET request to http://localhost:9516/session/fbabcc362b2f8a7adbc522d0d9c328c3/element/0.1404951429532022-1/displayed:  {}
2018-12-03T01:04:03.257Z [[32minfo[39m] 	31 Sending POST request to http://localhost:9516/session/fbabcc362b2f8a7adbc522d0d9c328c3/element/0.1404951429532022-1/click:  {}
2018-12-03T01:04:03.804Z [[32minfo[39m] 	32 Sending elements request to http://localhost:9516/session/fbabcc362b2f8a7adbc522d0d9c328c3:  {"using":"xpath","value":"./descendant::*[self::input | self::textarea][not(((((((./@type = 'submit') or (./@type = 'image')) or (./@type = 'radio')) or (./@type = 'checkbox')) or (./@type = 'hidden')) or (./@type = 'file')))][((((./@id = '__taonly__trueautomationio:auth:signin:EmailField__taonly__') or (./@name = '__taonly__trueautomationio:auth:signin:EmailField__taonly__')) or (./@placeholder = '__taonly__trueautomationio:auth:signin:EmailField__taonly__')) or (./@id = //label[(normalize-space(string(.)) = '__taonly__trueautomationio:auth:signin:EmailField__taonly__')]/@for))] | .//label[(normalize-space(string(.)) = '__taonly__trueautomationio:auth:signin:EmailField__taonly__')]//./descendant::*[self::input | self::textarea][not(((((((./@type = 'submit') or (./@type = 'image')) or (./@type = 'radio')) or (./@type = 'checkbox')) or (./@type = 'hidden')) or (./@type = 'file')))]"}
2018-12-03T01:04:03.879Z [[32minfo[39m] 	32 Enum nodes response:  {"sessionId":"fbabcc362b2f8a7adbc522d0d9
2018-12-03T01:04:03.916Z [[32minfo[39m] 	32 Elements locator: {"value":"/*[1]/*[2]/*[1]/*[2]/*[3]/*[2]/*[1]","using":"xpath"}
2018-12-03T01:04:03.941Z [[32minfo[39m] 	32 Elements response: {"sessionId":"fbabcc362b2f8a7adbc522d0d9c328c3","status":0,"value":[{"ELEMENT":"0.9370529479970164-1"}]}
2018-12-03T01:04:03.946Z [[32minfo[39m] 	33 Sending GET request to http://localhost:9516/session/fbabcc362b2f8a7adbc522d0d9c328c3/element/0.9370529479970164-1/displayed:  {}
2018-12-03T01:04:03.970Z [[32minfo[39m] 	34 Sending GET request to http://localhost:9516/session/fbabcc362b2f8a7adbc522d0d9c328c3/element/0.9370529479970164-1/enabled:  {}
2018-12-03T01:04:03.982Z [[32minfo[39m] 	35 Sending GET request to http://localhost:9516/session/fbabcc362b2f8a7adbc522d0d9c328c3/element/0.9370529479970164-1/name:  {}
2018-12-03T01:04:03.989Z [[32minfo[39m] 	36 Sending GET request to http://localhost:9516/session/fbabcc362b2f8a7adbc522d0d9c328c3/element/0.9370529479970164-1/attribute/readonly:  {}
2018-12-03T01:04:03.999Z [[32minfo[39m] 	37 Sending GET request to http://localhost:9516/session/fbabcc362b2f8a7adbc522d0d9c328c3/element/0.9370529479970164-1/name:  {}
2018-12-03T01:04:04.007Z [[32minfo[39m] 	38 Sending GET request to http://localhost:9516/session/fbabcc362b2f8a7adbc522d0d9c328c3/element/0.9370529479970164-1/attribute/type:  {}
2018-12-03T01:04:04.017Z [[32minfo[39m] 	39 Sending POST request to http://localhost:9516/session/fbabcc362b2f8a7adbc522d0d9c328c3/execute:  {"script":"arguments[0].value = ''","args":[{"ELEMENT":"0.9370529479970164-1"}]}
2018-12-03T01:04:04.026Z [[32minfo[39m] 	40 Sending POST request to http://localhost:9516/session/fbabcc362b2f8a7adbc522d0d9c328c3/element/0.9370529479970164-1/value:  {"value":["stas.odessa@ua.fm"]}
2018-12-03T01:04:04.117Z [[32minfo[39m] 	41 Sending elements request to http://localhost:9516/session/fbabcc362b2f8a7adbc522d0d9c328c3:  {"using":"xpath","value":"./descendant::*[self::input | self::textarea][not(((((((./@type = 'submit') or (./@type = 'image')) or (./@type = 'radio')) or (./@type = 'checkbox')) or (./@type = 'hidden')) or (./@type = 'file')))][((((./@id = '__taonly__trueautomationio:auth:signin:PasswordField__taonly__') or (./@name = '__taonly__trueautomationio:auth:signin:PasswordField__taonly__')) or (./@placeholder = '__taonly__trueautomationio:auth:signin:PasswordField__taonly__')) or (./@id = //label[(normalize-space(string(.)) = '__taonly__trueautomationio:auth:signin:PasswordField__taonly__')]/@for))] | .//label[(normalize-space(string(.)) = '__taonly__trueautomationio:auth:signin:PasswordField__taonly__')]//./descendant::*[self::input | self::textarea][not(((((((./@type = 'submit') or (./@type = 'image')) or (./@type = 'radio')) or (./@type = 'checkbox')) or (./@type = 'hidden')) or (./@type = 'file')))]"}
2018-12-03T01:04:04.133Z [[32minfo[39m] 	41 Enum nodes response:  {"sessionId":"fbabcc362b2f8a7adbc522d0d9
2018-12-03T01:04:04.148Z [[32minfo[39m] 	41 Elements locator: {"value":"/*[1]/*[2]/*[1]/*[2]/*[3]/*[3]/*[1]","using":"xpath"}
2018-12-03T01:04:04.162Z [[32minfo[39m] 	41 Elements response: {"sessionId":"fbabcc362b2f8a7adbc522d0d9c328c3","status":0,"value":[{"ELEMENT":"0.9370529479970164-2"}]}
2018-12-03T01:04:04.164Z [[32minfo[39m] 	42 Sending GET request to http://localhost:9516/session/fbabcc362b2f8a7adbc522d0d9c328c3/element/0.9370529479970164-2/displayed:  {}
2018-12-03T01:04:04.179Z [[32minfo[39m] 	43 Sending GET request to http://localhost:9516/session/fbabcc362b2f8a7adbc522d0d9c328c3/element/0.9370529479970164-2/enabled:  {}
2018-12-03T01:04:04.191Z [[32minfo[39m] 	44 Sending GET request to http://localhost:9516/session/fbabcc362b2f8a7adbc522d0d9c328c3/element/0.9370529479970164-2/name:  {}
2018-12-03T01:04:04.200Z [[32minfo[39m] 	45 Sending GET request to http://localhost:9516/session/fbabcc362b2f8a7adbc522d0d9c328c3/element/0.9370529479970164-2/attribute/readonly:  {}
2018-12-03T01:04:04.207Z [[32minfo[39m] 	46 Sending GET request to http://localhost:9516/session/fbabcc362b2f8a7adbc522d0d9c328c3/element/0.9370529479970164-2/name:  {}
2018-12-03T01:04:04.215Z [[32minfo[39m] 	47 Sending GET request to http://localhost:9516/session/fbabcc362b2f8a7adbc522d0d9c328c3/element/0.9370529479970164-2/attribute/type:  {}
2018-12-03T01:04:04.224Z [[32minfo[39m] 	48 Sending POST request to http://localhost:9516/session/fbabcc362b2f8a7adbc522d0d9c328c3/execute:  {"script":"arguments[0].value = ''","args":[{"ELEMENT":"0.9370529479970164-2"}]}
2018-12-03T01:04:04.232Z [[32minfo[39m] 	49 Sending POST request to http://localhost:9516/session/fbabcc362b2f8a7adbc522d0d9c328c3/element/0.9370529479970164-2/value:  {"value":["7167276Ss"]}
2018-12-03T01:04:04.288Z [[32minfo[39m] 	50 Sending elements request to http://localhost:9516/session/fbabcc362b2f8a7adbc522d0d9c328c3:  {"using":"css selector","value":"__taonly__trueautomationio:auth:signin:LoginBtn__taonly__"}
2018-12-03T01:04:04.304Z [[32minfo[39m] 	50 Enum nodes response:  {"sessionId":"fbabcc362b2f8a7adbc522d0d9
2018-12-03T01:04:04.320Z [[32minfo[39m] 	50 Elements locator: {"value":"/*[1]/*[2]/*[1]/*[2]/*[3]/*[5]","using":"xpath"}
2018-12-03T01:04:04.333Z [[32minfo[39m] 	50 Elements response: {"sessionId":"fbabcc362b2f8a7adbc522d0d9c328c3","status":0,"value":[{"ELEMENT":"0.9370529479970164-3"}]}
2018-12-03T01:04:04.335Z [[32minfo[39m] 	51 Sending GET request to http://localhost:9516/session/fbabcc362b2f8a7adbc522d0d9c328c3/element/0.9370529479970164-3/displayed:  {}
2018-12-03T01:04:04.350Z [[32minfo[39m] 	52 Sending POST request to http://localhost:9516/session/fbabcc362b2f8a7adbc522d0d9c328c3/element/0.9370529479970164-3/click:  {}
2018-12-03T01:04:11.365Z [[32minfo[39m] 	53 Sending elements request to http://localhost:9516/session/fbabcc362b2f8a7adbc522d0d9c328c3:  {"using":"css selector","value":"__taonly__trueautomationio:app:297:project:Users__taonly__"}
2018-12-03T01:04:11.410Z [[32minfo[39m] 	53 Enum nodes response:  {"sessionId":"fbabcc362b2f8a7adbc522d0d9
2018-12-03T01:04:11.529Z [[32minfo[39m] 	53 Elements locator: {"value":"/*[1]/*[2]/*[1]/*[1]/*[1]/*[1]/*[1]/*[2]/*[1]/*[1]","using":"xpath"}
2018-12-03T01:04:11.544Z [[32minfo[39m] 	53 Elements response: {"sessionId":"fbabcc362b2f8a7adbc522d0d9c328c3","status":0,"value":[{"ELEMENT":"0.20948226005281767-1"}]}
2018-12-03T01:04:11.546Z [[32minfo[39m] 	54 Sending GET request to http://localhost:9516/session/fbabcc362b2f8a7adbc522d0d9c328c3/element/0.20948226005281767-1/displayed:  {}
2018-12-03T01:04:11.562Z [[32minfo[39m] 	55 Sending POST request to http://localhost:9516/session/fbabcc362b2f8a7adbc522d0d9c328c3/element/0.20948226005281767-1/click:  {}
2018-12-03T01:04:11.633Z [[32minfo[39m] 	56 Sending elements request to http://localhost:9516/session/fbabcc362b2f8a7adbc522d0d9c328c3:  {"using":"css selector","value":"__taonly__trueautomationio:app:297:project:Project__taonly__"}
2018-12-03T01:04:11.670Z [[32minfo[39m] 	56 Enum nodes response:  {"sessionId":"fbabcc362b2f8a7adbc522d0d9
2018-12-03T01:04:11.788Z [[32minfo[39m] 	56 Elements locator: {"value":"/*[1]/*[2]/*[1]/*[1]/*[1]/*[1]/*[1]/*[2]/*[2]/*[1]","using":"xpath"}
2018-12-03T01:04:11.801Z [[32minfo[39m] 	56 Elements response: {"sessionId":"fbabcc362b2f8a7adbc522d0d9c328c3","status":0,"value":[{"ELEMENT":"0.20948226005281767-2"}]}
2018-12-03T01:04:11.804Z [[32minfo[39m] 	57 Sending GET request to http://localhost:9516/session/fbabcc362b2f8a7adbc522d0d9c328c3/element/0.20948226005281767-2/displayed:  {}
2018-12-03T01:04:11.821Z [[32minfo[39m] 	58 Sending POST request to http://localhost:9516/session/fbabcc362b2f8a7adbc522d0d9c328c3/element/0.20948226005281767-2/click:  {}
2018-12-03T01:04:11.903Z [[32minfo[39m] 	59 Sending elements request to http://localhost:9516/session/fbabcc362b2f8a7adbc522d0d9c328c3:  {"using":"css selector","value":"__taonly__trueautomationio:app:297:project:Documentation__taonly__"}
2018-12-03T01:04:11.934Z [[32minfo[39m] 	59 Enum nodes response:  {"sessionId":"fbabcc362b2f8a7adbc522d0d9
2018-12-03T01:04:11.980Z [[32minfo[39m] 	59 Elements locator: {"value":"/*[1]/*[2]/*[1]/*[1]/*[1]/*[1]/*[1]/*[2]/*[3]/*[1]","using":"xpath"}
2018-12-03T01:04:11.993Z [[32minfo[39m] 	59 Elements response: {"sessionId":"fbabcc362b2f8a7adbc522d0d9c328c3","status":0,"value":[{"ELEMENT":"0.20948226005281767-3"}]}
2018-12-03T01:04:11.997Z [[32minfo[39m] 	60 Sending GET request to http://localhost:9516/session/fbabcc362b2f8a7adbc522d0d9c328c3/element/0.20948226005281767-3/displayed:  {}
2018-12-03T01:04:12.013Z [[32minfo[39m] 	61 Sending POST request to http://localhost:9516/session/fbabcc362b2f8a7adbc522d0d9c328c3/element/0.20948226005281767-3/click:  {}
2018-12-03T01:04:15.104Z [[32minfo[39m] 	62 Sending elements request to http://localhost:9516/session/fbabcc362b2f8a7adbc522d0d9c328c3:  {"using":"css selector","value":"__taonly__trueautomationio:docs:null:BackToCloud__taonly__"}
2018-12-03T01:04:15.144Z [[32minfo[39m] 	62 Enum nodes response:  {"sessionId":"fbabcc362b2f8a7adbc522d0d9
2018-12-03T01:04:15.237Z [[32minfo[39m] 	62 Elements locator: {"value":"/*[1]/*[2]/*[1]/*[1]/*[1]/*[2]/*[1]/*[1]","using":"xpath"}
2018-12-03T01:04:15.250Z [[32minfo[39m] 	62 Elements response: {"sessionId":"fbabcc362b2f8a7adbc522d0d9c328c3","status":0,"value":[{"ELEMENT":"0.20948226005281767-4"}]}
2018-12-03T01:04:15.254Z [[32minfo[39m] 	63 Sending GET request to http://localhost:9516/session/fbabcc362b2f8a7adbc522d0d9c328c3/element/0.20948226005281767-4/displayed:  {}
2018-12-03T01:04:15.271Z [[32minfo[39m] 	64 Sending POST request to http://localhost:9516/session/fbabcc362b2f8a7adbc522d0d9c328c3/element/0.20948226005281767-4/click:  {}
2018-12-03T01:04:20.336Z [[32minfo[39m] 	65 Sending elements request to http://localhost:9516/session/fbabcc362b2f8a7adbc522d0d9c328c3:  {"using":"css selector","value":"__taonly__trueautomationio:app:297:project:HiStanislav__taonly__"}
2018-12-03T01:04:20.369Z [[32minfo[39m] 	65 Enum nodes response:  {"sessionId":"fbabcc362b2f8a7adbc522d0d9
2018-12-03T01:04:20.410Z [[32minfo[39m] 	65 Elements locator: {"value":"/*[1]/*[2]/*[1]/*[1]/*[1]/*[1]/*[1]/*[2]/*[4]/*[1]/*[1]/*[1]","using":"xpath"}
2018-12-03T01:04:20.423Z [[32minfo[39m] 	65 Elements response: {"sessionId":"fbabcc362b2f8a7adbc522d0d9c328c3","status":0,"value":[{"ELEMENT":"0.20948226005281767-5"}]}
2018-12-03T01:04:20.426Z [[32minfo[39m] 	66 Sending GET request to http://localhost:9516/session/fbabcc362b2f8a7adbc522d0d9c328c3/element/0.20948226005281767-5/displayed:  {}
2018-12-03T01:04:20.443Z [[32minfo[39m] 	67 Sending POST request to http://localhost:9516/session/fbabcc362b2f8a7adbc522d0d9c328c3/element/0.20948226005281767-5/click:  {}
2018-12-03T01:04:25.165Z [[32minfo[39m] 	68 Sending elements request to http://localhost:9516/session/fbabcc362b2f8a7adbc522d0d9c328c3:  {"using":"css selector","value":"__taonly__trueautomationio:app:297:project:LogOut__taonly__"}
2018-12-03T01:04:25.197Z [[32minfo[39m] 	68 Enum nodes response:  {"sessionId":"fbabcc362b2f8a7adbc522d0d9
2018-12-03T01:04:25.239Z [[32minfo[39m] 	68 Elements locator: {"value":"/*[1]/*[2]/*[1]/*[1]/*[1]/*[1]/*[1]/*[2]/*[4]/*[2]/*[3]","using":"xpath"}
2018-12-03T01:04:25.254Z [[32minfo[39m] 	68 Elements response: {"sessionId":"fbabcc362b2f8a7adbc522d0d9c328c3","status":0,"value":[{"ELEMENT":"0.20948226005281767-6"}]}
2018-12-03T01:04:25.257Z [[32minfo[39m] 	69 Sending GET request to http://localhost:9516/session/fbabcc362b2f8a7adbc522d0d9c328c3/element/0.20948226005281767-6/displayed:  {}
2018-12-03T01:04:25.275Z [[32minfo[39m] 	70 Sending POST request to http://localhost:9516/session/fbabcc362b2f8a7adbc522d0d9c328c3/element/0.20948226005281767-6/click:  {}
2018-12-03T01:04:26.042Z [[32minfo[39m] 	71 Sending elements request to http://localhost:9516/session/fbabcc362b2f8a7adbc522d0d9c328c3:  {"using":"css selector","value":"__taonly__trueautomationio:auth:signin:BackToMainBtn__taonly__"}
2018-12-03T01:04:26.132Z [[32minfo[39m] 	71 Enum nodes response:  {"sessionId":"fbabcc362b2f8a7adbc522d0d9
2018-12-03T01:04:26.159Z [[32minfo[39m] 	71 Elements locator: {"value":"/*[1]/*[2]/*[1]/*[1]/*[1]/*[1]/*[1]/*[1]","using":"xpath"}
2018-12-03T01:04:26.172Z [[32minfo[39m] 	71 Elements response: {"sessionId":"fbabcc362b2f8a7adbc522d0d9c328c3","status":0,"value":[{"ELEMENT":"0.6394088740515571-1"}]}
2018-12-03T01:04:26.175Z [[32minfo[39m] 	72 Sending GET request to http://localhost:9516/session/fbabcc362b2f8a7adbc522d0d9c328c3/element/0.6394088740515571-1/displayed:  {}
2018-12-03T01:04:26.197Z [[32minfo[39m] 	73 Sending POST request to http://localhost:9516/session/fbabcc362b2f8a7adbc522d0d9c328c3/element/0.6394088740515571-1/click:  {}
2018-12-03T01:04:26.849Z [[32minfo[39m] 	74 Sending GET request to http://localhost:9516/session/fbabcc362b2f8a7adbc522d0d9c328c3/window_handles:  {}
2018-12-03T01:04:26.857Z [[32minfo[39m] 	75 Sending POST request to http://localhost:9516/session/fbabcc362b2f8a7adbc522d0d9c328c3/window:  {"name":"CDwindow-6A0E86FFF31DEE779DBBBB2515849823"}
2018-12-03T01:04:26.864Z [[32minfo[39m] 	76 Sending GET request to http://localhost:9516/session/fbabcc362b2f8a7adbc522d0d9c328c3/window_handles:  {}
2018-12-03T01:04:26.872Z [[32minfo[39m] 	77 Sending GET request to http://localhost:9516/session/fbabcc362b2f8a7adbc522d0d9c328c3/window_handles:  {}
2018-12-03T01:04:26.877Z [[32minfo[39m] 	78 Sending GET request to http://localhost:9516/session/fbabcc362b2f8a7adbc522d0d9c328c3/window_handle:  {}
2018-12-03T01:04:26.882Z [[32minfo[39m] 	79 Sending POST request to http://localhost:9516/session/fbabcc362b2f8a7adbc522d0d9c328c3/window:  {"name":"CDwindow-79EC655341D10493C7FDB34E824036E5"}
2018-12-03T01:04:26.912Z [[32minfo[39m] 	Sync elements
2018-12-03T01:04:27.858Z [[32minfo[39m] 	80 Sending DELETE request to http://localhost:9516/session/fbabcc362b2f8a7adbc522d0d9c328c3:  {}
2018-12-03T01:04:27.992Z [[32minfo[39m] 	Sync elements
2018-12-03T01:04:28.415Z [[32minfo[39m] 	Stopping driver
