2018-12-02T23:41:09.553Z [[32minfo[39m] 	Starting TrueAutomation.IO client
2018-12-02T23:41:09.554Z [[32minfo[39m] 	API key: cf2038a3-013f-4b20-9362-8f0c1b91919d
2018-12-02T23:41:09.554Z [[32minfo[39m] 	Project name: TAEP-homepage
2018-12-02T23:41:09.554Z [[32minfo[39m] 	Cloud server: https://app.trueautomation.io
2018-12-02T23:41:09.554Z [[32minfo[39m] 	Starting chromeDriver /Users/delight/.trueautomation/chromedriver/chromedriver_mac64_2.44 on port 9516...
2018-12-02T23:41:09.974Z [[32minfo[39m] 	TrueAutomation.IO Client is listening on port 9515
2018-12-02T23:41:11.694Z [[32minfo[39m] 	0 Create session response: {"sessionId":"fbeffc46be0b13a7e762676ec264d6c0","status":0,"value":{"acceptInsecureCerts":false,"acceptSslCerts":false,"applicationCacheEnabled":false,"browserConnectionEnabled":false,"browserName":"chrome","chrome":{"chromedriverVersion":"2.44.609545 (c2f88692e98ce7233d2df7c724465ecacfe74df5)","userDataDir":"/var/folders/s2/z5gqzlh91gq2thydw9h4p3yh0000gn/T/.org.chromium.Chromium.lY7d11"},"cssSelectorsEnabled":true,"databaseEnabled":false,"goog:chromeOptions":{"debuggerAddress":"localhost:65514"},"handlesAlerts":true,"hasTouchScreen":false,"javascriptEnabled":true,"locationContextEnabled":true,"mobileEmulationEnabled":false,"nativeEvents":true,"networkConnectionEnabled":false,"pageLoadStrategy":"normal","platform":"Mac OS X","rotatable":false,"setWindowRect":true,"takesHeapSnapshot":true,"takesScreenshot":true,"unexpectedAlertBehaviour":"ignore","version":"70.0.3538.110","webStorageEnabled":true}}
2018-12-02T23:41:11.711Z [[32minfo[39m] 	1 Sending POST request to http://localhost:9516/session/fbeffc46be0b13a7e762676ec264d6c0/url:  {"url":"https://trueautomation.io/"}
2018-12-02T23:41:18.360Z [[32minfo[39m] 	2 Sending elements request to http://localhost:9516/session/fbeffc46be0b13a7e762676ec264d6c0:  {"using":"css selector","value":"__taonly__trueautomationio:home:rectBtn__taonly__"}
2018-12-02T23:41:18.502Z [[32minfo[39m] 	2 Enum nodes response:  {"sessionId":"fbeffc46be0b13a7e762676ec2
2018-12-02T23:41:18.757Z [[32minfo[39m] 	2 Elements locator: {"value":"/*[1]/*[2]/*[1]/*[4]/*[2]/*[2]/*[1]/*[1]/*[1]","using":"xpath"}
2018-12-02T23:41:18.795Z [[32minfo[39m] 	2 Elements response: {"sessionId":"fbeffc46be0b13a7e762676ec264d6c0","status":0,"value":[{"ELEMENT":"0.054115650508972823-1"}]}
2018-12-02T23:41:18.800Z [[32minfo[39m] 	3 Sending GET request to http://localhost:9516/session/fbeffc46be0b13a7e762676ec264d6c0/element/0.054115650508972823-1/displayed:  {}
2018-12-02T23:41:18.816Z [[32minfo[39m] 	4 Sending POST request to http://localhost:9516/session/fbeffc46be0b13a7e762676ec264d6c0/element/0.054115650508972823-1/click:  {}
2018-12-02T23:41:19.788Z [[32minfo[39m] 	5 Sending elements request to http://localhost:9516/session/fbeffc46be0b13a7e762676ec264d6c0:  {"using":"css selector","value":"__taonly__trueautomationio:home:loginBtn__taonly__"}
2018-12-02T23:41:19.914Z [[32minfo[39m] 	5 Enum nodes response:  {"sessionId":"fbeffc46be0b13a7e762676ec2
2018-12-02T23:41:20.168Z [[32minfo[39m] 	5 Elements locator: {"value":"/*[1]/*[2]/*[1]/*[1]/*[1]/*[2]/*[1]/*[2]/*[1]","using":"xpath"}
2018-12-02T23:41:20.201Z [[32minfo[39m] 	5 Elements response: {"sessionId":"fbeffc46be0b13a7e762676ec264d6c0","status":0,"value":[{"ELEMENT":"0.6619961609538796-1"}]}
2018-12-02T23:41:20.204Z [[32minfo[39m] 	6 Sending GET request to http://localhost:9516/session/fbeffc46be0b13a7e762676ec264d6c0/element/0.6619961609538796-1/displayed:  {}
2018-12-02T23:41:20.220Z [[32minfo[39m] 	7 Sending POST request to http://localhost:9516/session/fbeffc46be0b13a7e762676ec264d6c0/element/0.6619961609538796-1/click:  {}
2018-12-02T23:41:22.391Z [[32minfo[39m] 	8 Sending elements request to http://localhost:9516/session/fbeffc46be0b13a7e762676ec264d6c0:  {"using":"css selector","value":"__taonly__trueautomationio:auth:singin__taonly__"}
2018-12-02T23:41:22.418Z [[32minfo[39m] 	8 Enum nodes response:  {"sessionId":"fbeffc46be0b13a7e762676ec2
2018-12-02T23:41:22.433Z [[32minfo[39m] 	8 Elements locator: {"value":"/*[1]/*[2]/*[1]/*[1]/*[2]/*[2]","using":"xpath"}
2018-12-02T23:41:22.448Z [[32minfo[39m] 	8 Elements response: {"sessionId":"fbeffc46be0b13a7e762676ec264d6c0","status":0,"value":[{"ELEMENT":"0.03307845342934557-1"}]}
2018-12-02T23:41:22.450Z [[32minfo[39m] 	9 Sending GET request to http://localhost:9516/session/fbeffc46be0b13a7e762676ec264d6c0/element/0.03307845342934557-1/displayed:  {}
2018-12-02T23:41:22.466Z [[32minfo[39m] 	10 Sending POST request to http://localhost:9516/session/fbeffc46be0b13a7e762676ec264d6c0/element/0.03307845342934557-1/click:  {}
2018-12-02T23:41:22.969Z [[32minfo[39m] 	11 Sending elements request to http://localhost:9516/session/fbeffc46be0b13a7e762676ec264d6c0:  {"using":"xpath","value":"./descendant::*[self::input | self::textarea][not(((((((./@type = 'submit') or (./@type = 'image')) or (./@type = 'radio')) or (./@type = 'checkbox')) or (./@type = 'hidden')) or (./@type = 'file')))][((((./@id = '__taonly__trueautomationio:signup:email__taonly__') or (./@name = '__taonly__trueautomationio:signup:email__taonly__')) or (./@placeholder = '__taonly__trueautomationio:signup:email__taonly__')) or (./@id = //label[(normalize-space(string(.)) = '__taonly__trueautomationio:signup:email__taonly__')]/@for))] | .//label[(normalize-space(string(.)) = '__taonly__trueautomationio:signup:email__taonly__')]//./descendant::*[self::input | self::textarea][not(((((((./@type = 'submit') or (./@type = 'image')) or (./@type = 'radio')) or (./@type = 'checkbox')) or (./@type = 'hidden')) or (./@type = 'file')))]"}
2018-12-02T23:41:23.005Z [[32minfo[39m] 	11 Enum nodes response:  {"sessionId":"fbeffc46be0b13a7e762676ec2
2018-12-02T23:41:23.031Z [[32minfo[39m] 	11 Elements locator: {"value":"/*[1]/*[2]/*[1]/*[2]/*[3]/*[2]/*[1]","using":"xpath"}
2018-12-02T23:41:23.053Z [[32minfo[39m] 	11 Elements response: {"sessionId":"fbeffc46be0b13a7e762676ec264d6c0","status":0,"value":[{"ELEMENT":"0.2749048542915491-1"}]}
2018-12-02T23:41:23.059Z [[32minfo[39m] 	12 Sending GET request to http://localhost:9516/session/fbeffc46be0b13a7e762676ec264d6c0/element/0.2749048542915491-1/displayed:  {}
2018-12-02T23:41:23.083Z [[32minfo[39m] 	13 Sending GET request to http://localhost:9516/session/fbeffc46be0b13a7e762676ec264d6c0/element/0.2749048542915491-1/enabled:  {}
2018-12-02T23:41:23.098Z [[32minfo[39m] 	14 Sending GET request to http://localhost:9516/session/fbeffc46be0b13a7e762676ec264d6c0/element/0.2749048542915491-1/name:  {}
2018-12-02T23:41:23.109Z [[32minfo[39m] 	15 Sending GET request to http://localhost:9516/session/fbeffc46be0b13a7e762676ec264d6c0/element/0.2749048542915491-1/attribute/readonly:  {}
2018-12-02T23:41:23.117Z [[32minfo[39m] 	16 Sending GET request to http://localhost:9516/session/fbeffc46be0b13a7e762676ec264d6c0/element/0.2749048542915491-1/name:  {}
2018-12-02T23:41:23.126Z [[32minfo[39m] 	17 Sending GET request to http://localhost:9516/session/fbeffc46be0b13a7e762676ec264d6c0/element/0.2749048542915491-1/attribute/type:  {}
2018-12-02T23:41:23.134Z [[32minfo[39m] 	18 Sending POST request to http://localhost:9516/session/fbeffc46be0b13a7e762676ec264d6c0/execute:  {"script":"arguments[0].value = ''","args":[{"ELEMENT":"0.2749048542915491-1"}]}
2018-12-02T23:41:23.142Z [[32minfo[39m] 	19 Sending POST request to http://localhost:9516/session/fbeffc46be0b13a7e762676ec264d6c0/element/0.2749048542915491-1/value:  {"value":["1tets@stas.com"]}
2018-12-02T23:41:23.246Z [[32minfo[39m] 	20 Sending elements request to http://localhost:9516/session/fbeffc46be0b13a7e762676ec264d6c0:  {"using":"css selector","value":"__taonly__trueautomationio:signup__taonly__"}
2018-12-02T23:41:23.260Z [[32minfo[39m] 	20 Enum nodes response:  {"sessionId":"fbeffc46be0b13a7e762676ec2
2018-12-02T23:41:23.273Z [[32minfo[39m] 	20 Elements locator: {"value":"/*[1]/*[2]/*[1]/*[2]/*[3]/*[4]","using":"xpath"}
2018-12-02T23:41:23.287Z [[32minfo[39m] 	20 Elements response: {"sessionId":"fbeffc46be0b13a7e762676ec264d6c0","status":0,"value":[{"ELEMENT":"0.2749048542915491-2"}]}
2018-12-02T23:41:23.289Z [[32minfo[39m] 	21 Sending GET request to http://localhost:9516/session/fbeffc46be0b13a7e762676ec264d6c0/element/0.2749048542915491-2/displayed:  {}
2018-12-02T23:41:23.304Z [[32minfo[39m] 	22 Sending POST request to http://localhost:9516/session/fbeffc46be0b13a7e762676ec264d6c0/element/0.2749048542915491-2/click:  {}
2018-12-02T23:41:23.968Z [[32minfo[39m] 	23 Sending elements request to http://localhost:9516/session/fbeffc46be0b13a7e762676ec264d6c0:  {"using":"css selector","value":"__taonly__trueautomationio:singup:back__taonly__"}
2018-12-02T23:41:23.990Z [[32minfo[39m] 	23 Enum nodes response:  {"sessionId":"fbeffc46be0b13a7e762676ec2
2018-12-02T23:41:24.003Z [[32minfo[39m] 	23 Elements locator: {"value":"/*[1]/*[2]/*[1]/*[1]/*[1]/*[1]/*[1]/*[1]","using":"xpath"}
2018-12-02T23:41:24.016Z [[32minfo[39m] 	23 Elements response: {"sessionId":"fbeffc46be0b13a7e762676ec264d6c0","status":0,"value":[{"ELEMENT":"0.2992624080858437-1"}]}
2018-12-02T23:41:24.019Z [[32minfo[39m] 	24 Sending GET request to http://localhost:9516/session/fbeffc46be0b13a7e762676ec264d6c0/element/0.2992624080858437-1/displayed:  {}
2018-12-02T23:41:24.034Z [[32minfo[39m] 	25 Sending POST request to http://localhost:9516/session/fbeffc46be0b13a7e762676ec264d6c0/element/0.2992624080858437-1/click:  {}
2018-12-02T23:41:27.612Z [[32minfo[39m] 	26 Sending GET request to http://localhost:9516/session/fbeffc46be0b13a7e762676ec264d6c0/window_handles:  {}
2018-12-02T23:41:27.617Z [[32minfo[39m] 	27 Sending POST request to http://localhost:9516/session/fbeffc46be0b13a7e762676ec264d6c0/window:  {"name":"CDwindow-9395C50E02249639C112CE7FFE56FBC9"}
2018-12-02T23:41:27.623Z [[32minfo[39m] 	28 Sending GET request to http://localhost:9516/session/fbeffc46be0b13a7e762676ec264d6c0/window_handles:  {}
2018-12-02T23:41:27.628Z [[32minfo[39m] 	29 Sending POST request to http://localhost:9516/session/fbeffc46be0b13a7e762676ec264d6c0/goog/cdp/execute:  {"cmd":"Network.clearBrowserCookies","params":{}}
2018-12-02T23:41:27.640Z [[32minfo[39m] 	30 Sending DELETE request to http://localhost:9516/session/fbeffc46be0b13a7e762676ec264d6c0/session_storage:  {}
2018-12-02T23:41:27.646Z [[32minfo[39m] 	31 Sending DELETE request to http://localhost:9516/session/fbeffc46be0b13a7e762676ec264d6c0/local_storage:  {}
2018-12-02T23:41:27.652Z [[32minfo[39m] 	32 Sending POST request to http://localhost:9516/session/fbeffc46be0b13a7e762676ec264d6c0/url:  {"url":"about:blank"}
2018-12-02T23:41:27.691Z [[32minfo[39m] 	33 Sending elements request to http://localhost:9516/session/fbeffc46be0b13a7e762676ec264d6c0:  {"using":"xpath","value":"/html/body/*"}
2018-12-02T23:41:27.691Z [[32minfo[39m] 	33 Elements locator: {"value":"/html/body/*","using":"xpath"}
2018-12-02T23:41:27.716Z [[32minfo[39m] 	33 Elements response: {"sessionId":"fbeffc46be0b13a7e762676ec264d6c0","status":0,"value":[]}
2018-12-02T23:41:27.721Z [[32minfo[39m] 	34 Sending DELETE request to http://localhost:9516/session/fbeffc46be0b13a7e762676ec264d6c0:  {}
2018-12-02T23:41:27.801Z [[32minfo[39m] 	Sync elements
2018-12-02T23:41:28.417Z [[32minfo[39m] 	Stopping driver
